[04-06-2023 00:05:25.332] - **********************************************************************************************************************
[04-06-2023 00:05:25.332] - INFO	:	Switch has new client connected
[04-06-2023 00:05:25.332] - ***********************************************************************
[04-06-2023 00:05:27.351] - INFO	:	Payload data recieved
[04-06-2023 00:05:27.351] - ***********************************************************************
[04-06-2023 00:05:27.351] - 
[04-06-2023 00:05:27.351] - 	  Offset  00 01 02 03 04 05 06 07 08 09 0A 0B 0C 0D 0E 0F
[04-06-2023 00:05:27.351] - 	00000000  30 32 31 31 49 53 4F 36 30 31 30 30 30 30 30 31  0211ISO601000001
[04-06-2023 00:05:27.351] - 	00000010  38 30 34 30 32 33 30 30 31 38 30 38 38 30 30 30  8040230018088000
[04-06-2023 00:05:27.351] - 	00000020  30 30 30 30 30 30 30 30 30 30 30 30 30 30 30 30  0000000000000000
[04-06-2023 00:05:27.351] - 	00000030  30 30 31 32 33 30 36 30 34 30 30 30 35 34 37 30  0012306040005470
[04-06-2023 00:05:27.351] - 	00000040  39 31 37 32 33 30 36 30 34 30 30 30 35 32 37 38  9172306040005278
[04-06-2023 00:05:27.351] - 	00000050  30 31 30 30 30 30 31 31 30 30 30 30 30 30 30 39  0100001100000009
[04-06-2023 00:05:27.351] - 	00000060  39 39 31 33 35 37 34 30 37 31 39 35 34 33 36 30  9913574071954360
[04-06-2023 00:05:27.351] - 	00000070  30 30 30 30 30 30 30                             0000000         
[04-06-2023 00:05:27.351] - 	
[04-06-2023 00:05:27.351] - ***********************************************************************
[04-06-2023 00:05:27.351] - INFO	:	MTI			:	[1804]
[04-06-2023 00:05:27.351] - INFO	:	Conn. state		:	[Sign-Off]
[04-06-2023 00:05:27.352] - INFO	:	ISO853 VERSION	:	[ISO 8583:1993]
[04-06-2023 00:05:27.352] - INFO	:	MESSAGE CLASS	:	[Network management]
[04-06-2023 00:05:27.352] - INFO	:	MESSAGE FUNC.	:	[Request]
[04-06-2023 00:05:27.352] - INFO	:	MESSAGE ORIGIN	:	[Other]
[04-06-2023 00:05:27.351] - ***********************************************************************
[04-06-2023 00:05:27.351] - DATA	:	Protocol id.	:	[ISO]
[04-06-2023 00:05:27.351] - DATA	:	Message header	:	[60100000]
[04-06-2023 00:05:27.351] - DATA	:	Message MTI	:	[1804]
[04-06-2023 00:05:27.351] - DATA	:	Bitmap HEX	:	[02 30 01 80 88 00 00 00 00 00 00 00 00 00 00 01]
[04-06-2023 00:05:27.351] - ***********************************************************************
[04-06-2023 00:05:27.351] - 	ISO Message Fields Data elements :
[04-06-2023 00:05:27.354] - 	[F007] [Transmission date & time (AAMMJJhhmm)] : ---------------------------- : 2306040005
[04-06-2023 00:05:27.354] - 	[F011] [System trace audit number (STAN)] : --------------------------------- : 470917
[04-06-2023 00:05:27.354] - 	[F012] [Local transaction time (AAMMJJhhmmss)] : ---------------------------- : 230604000527
[04-06-2023 00:05:27.354] - 	[F024] [Function code] : ---------------------------------------------------- : 801
[04-06-2023 00:05:27.354] - 	[F025] [Point of service condition code] : ---------------------------------- : 0000
[04-06-2023 00:05:27.354] - 	[F033] [Forwarding institution identification code] : ----------------------- : 00000009991
[04-06-2023 00:05:27.354] - 	[F037] [Retrieval reference number] : --------------------------------------- : 357407195436
[04-06-2023 00:05:27.354] - 	[F128] [Message authentication code] : -------------------------------------- : 00000000
[04-06-2023 00:05:27.351] - ***********************************************************************
[04-06-2023 00:05:27.351] - INFO	:	Sending response to client
[04-06-2023 00:05:27.351] - ***********************************************************************
[04-06-2023 00:05:27.355] - INFO	:	MTI			:	[1814]
[04-06-2023 00:05:27.355] - INFO	:	Conn. state		:	[Sign-On]
[04-06-2023 00:05:27.355] - INFO	:	ISO853 VERSION	:	[ISO 8583:1993]
[04-06-2023 00:05:27.355] - INFO	:	MESSAGE CLASS	:	[Network management]
[04-06-2023 00:05:27.355] - INFO	:	MESSAGE FUNC.	:	[Request response]
[04-06-2023 00:05:27.355] - INFO	:	MESSAGE ORIGIN	:	[Other]
[04-06-2023 00:05:27.355] - ***********************************************************************
[04-06-2023 00:05:27.355] - DATA	:	Protocol id.	:	[ISO]
[04-06-2023 00:05:27.355] - DATA	:	Message header	:	[60100000]
[04-06-2023 00:05:27.355] - DATA	:	Message MTI	:	[1814]
[04-06-2023 00:05:27.355] - DATA	:	Bitmap HEX	:	[02 30 00 00 8A 00 00 00 00 00 00 00 00 00 00 01]
[04-06-2023 00:05:27.355] - ***********************************************************************
[04-06-2023 00:05:27.355] - 	ISO Message Fields Data elements :
[04-06-2023 00:05:27.356] - 	[F007] [Transmission date & time (AAMMJJhhmm)] : ---------------------------- : 2306012019
[04-06-2023 00:05:27.356] - 	[F011] [System trace audit number (STAN)] : --------------------------------- : 111111
[04-06-2023 00:05:27.356] - 	[F012] [Local transaction time (AAMMJJhhmmss)] : ---------------------------- : 230601201905
[04-06-2023 00:05:27.356] - 	[F033] [Forwarding institution identification code] : ----------------------- : 00000001010
[04-06-2023 00:05:27.356] - 	[F037] [Retrieval reference number] : --------------------------------------- : 121212121212
[04-06-2023 00:05:27.356] - 	[F039] [Response code] : ---------------------------------------------------- : 800
[04-06-2023 00:05:27.356] - 	[F128] [Message authentication code] : -------------------------------------- : 00000000
[04-06-2023 00:05:27.351] - ***********************************************************************
[04-06-2023 00:05:27.351] - INFO	:Response sent to client
[04-06-2023 00:05:27.351] - ***********************************************************************
