[31-05-2023 21:07:41.700] - **********************************************************************************************************************
[31-05-2023 21:07:41.700] - INFO	:	TLS Client initialization	[...]
[31-05-2023 21:07:41.700] - INFO	:	Attempt to connect to server	[...]
[31-05-2023 21:07:41.700] - INFO	:	Connection Request Sent
[31-05-2023 21:07:41.700] - INFO	:	Checking server certificate	[...]
[31-05-2023 21:07:41.700] - INFO	:	Authorized server
[31-05-2023 21:07:41.700] - INFO	:	Connected successfully to TLS server
[31-05-2023 21:07:41.700] - ***********************************************************************
[31-05-2023 21:07:46.747] - INFO	:	MTI 		:	[1804]
[31-05-2023 21:07:46.747] - INFO	:	Conn. state	:	[undefined]
[31-05-2023 21:07:46.747] - INFO	:	ISO853 VERSION	:	[ISO 8583:1993]
[31-05-2023 21:07:46.747] - INFO	:	MESSAGE CLASS	:	[Network management]
[31-05-2023 21:07:46.747] - INFO	:	MESSAGE FUNC.	:	[Request]
[31-05-2023 21:07:46.747] - INFO	:	MESSAGE ORIGIN	:	[Other]
[31-05-2023 21:07:46.747] - ***********************************************************************
[31-05-2023 21:07:46.747] - DATA	:	Protocol id.	:	[ISO]
[31-05-2023 21:07:46.747] - DATA	:	Message header	:	[60100000]
[31-05-2023 21:07:46.747] - DATA	:	Bitmap HEX	:	[02 30 01 80 88 00 00 00]
[31-05-2023 21:07:46.747] - ***********************************************************************
[31-05-2023 21:07:46.747] - 	ISO Message Fields Data elements :
[31-05-2023 21:07:46.747] - 	[F007] [Transmission date & time (AAMMJJhhmm)] : ---------------------------- : 2305312107
[31-05-2023 21:07:46.747] - 	[F011] [System trace audit number (STAN)] : --------------------------------- : 903249
[31-05-2023 21:07:46.747] - 	[F012] [Local transaction time (AAMMJJhhmmss)] : ---------------------------- : 2305312107
[31-05-2023 21:07:46.747] - 	[F024] [Function code] : ---------------------------------------------------- : 801
[31-05-2023 21:07:46.747] - 	[F025] [Point of service condition code] : ---------------------------------- : 0000
[31-05-2023 21:07:46.747] - 	[F033] [Forwarding institution identification code] : ----------------------- : 00000001010
[31-05-2023 21:07:46.747] - 	[F037] [Retrieval reference number] : --------------------------------------- : 826545995505
[31-05-2023 21:07:46.747] - 	[F128] [Message authentication code] : -------------------------------------- : 00000000
[31-05-2023 21:07:46.747] - ***********************************************************************
[31-05-2023 21:07:46.747] - INFO	:	Packaging to ISO payload	[...]
[31-05-2023 21:07:46.747] - ***********************************************************************
[31-05-2023 21:07:46.747] - 
[31-05-2023 21:07:46.747] - 	  Offset  00 01 02 03 04 05 06 07 08 09 0A 0B 0C 0D 0E 0F
[31-05-2023 21:07:46.747] - 	00000000  30 31 34 35 49 53 4F 36 30 31 30 30 30 30 30 31  0145ISO601000001
[31-05-2023 21:07:46.747] - 	00000010  38 30 34 30 32 33 30 30 31 38 30 38 38 30 30 30  8040230018088000
[31-05-2023 21:07:46.747] - 	00000020  30 30 30 32 33 30 35 33 31 32 31 30 37 39 30 33  0002305312107903
[31-05-2023 21:07:46.747] - 	00000030  32 34 39 32 33 30 35 33 31 32 31 30 37 38 30 31  2492305312107801
[31-05-2023 21:07:46.747] - 	00000040  30 30 30 30 31 31 30 30 30 30 30 30 30 31 30 31  0000110000000101
[31-05-2023 21:07:46.747] - 	00000050  30 38 32 36 35 34 35 39 39 35 35 30 35 30 30 30  0826545995505000
[31-05-2023 21:07:46.747] - 	00000060  30 30 30 30 30                                   00000           
[31-05-2023 21:07:46.747] - 	
[31-05-2023 21:07:46.747] - ***********************************************************************
[31-05-2023 21:07:46.747] - INFO	:	Sending request to server	[...]
[31-05-2023 21:07:46.747] - INFO	:	Request sent to server
[31-05-2023 21:07:46.747] - ***********************************************************************
[31-05-2023 21:07:46.747] - INFO	:	Awating response from server [...]
[31-05-2023 21:07:46.747] - ***********************************************************************
[31-05-2023 21:07:46.766] - INFO	:	Client recieved response from server
[31-05-2023 21:07:46.766] - DATA	:	Payload data recieved
[31-05-2023 21:07:46.766] - 02107230058020C08200002016485078000047812300300100040041000007010082013054601100661816001201215082013060002200305602400320002500100350374850781234567891=19082012232800000037037012708981921851038006VaHYUU0390010041008009924680420150001246421246430490036430552609f2608571f1e10d4fa4aac9f2701809f100706010a03a4b8029f37045bb074729f3602000c950500800010009a031508189c01009f02060000000010005f2a02064382023c009f1a0206439f03060000000000009f3303e0f0c89f34034403029f3501229f1e0835313230323831358407a00000000310109f41030000565f340101
[31-05-2023 21:07:46.766] - INFO	: Unpacking in ISO message [...]
[31-05-2023 21:07:46.766] - INFO	: Successfull
[31-05-2023 21:07:46.766] - DATA	: Data Fields
[31-05-2023 21:07:46.766] - ***********************************************************************
[31-05-2023 21:07:46.766] - ***********************************************************************
[31-05-2023 21:07:46.766] - INFO	:	Awating data to send to server [...]
[31-05-2023 21:07:46.766] - ***********************************************************************
[31-05-2023 21:07:46.766] - INFO	:	Conn. set to Sign-On. Server resp. recieved
[31-05-2023 21:07:46.766] - *************************************************************************************************
[31-05-2023 21:08:01.698] - INFO	:	JSON Data recieved
[31-05-2023 21:08:01.698] - INFO	:	Correct MTI Length
[31-05-2023 21:08:01.698] - INFO	:	ISO853 VERSION	:	[ISO 8583:1993]
[31-05-2023 21:08:01.698] - INFO	:	MESSAGE CLASS	:	[Authorization]
[31-05-2023 21:08:01.698] - INFO	:	MESSAGE FUNC.	:	[Request]
[31-05-2023 21:08:01.698] - INFO	:	MESSAGE ORIGIN	:	[Acquirer]
[31-05-2023 21:08:01.698] - ***********************************************************************
[31-05-2023 21:08:01.698] - DATA	:	Protocol id.	:	[ISO]
[31-05-2023 21:08:01.698] - DATA	:	Message header	:	[60100000]
[31-05-2023 21:08:01.698] - DATA	:	Message MTI	:	[1100]
[31-05-2023 21:08:01.698] - DATA	:	Bitmap HEX	:	[F2 30 05 80 20 C0 82 00 00 00 00 00 10 00 00 01]
[31-05-2023 21:08:01.698] - ***********************************************************************
[31-05-2023 21:08:01.698] - DATA	ISO Message Fields Data elements :
[31-05-2023 21:08:01.698] - 	[F002] [Primary account number (PAN)] : ------------------------------------- : 4850781234567891
[31-05-2023 21:08:01.698] - 	[F003] [Processing Code] : -------------------------------------------------- : 123456
[31-05-2023 21:08:01.698] - 	[F004] [Amount Transaction] : ----------------------------------------------- : 100000
[31-05-2023 21:08:01.698] - 	[F007] [Transmission date & time (AAMMJJhhmm)] : ---------------------------- : 04242023
[31-05-2023 21:08:01.698] - 	[F011] [System trace audit number (STAN)] : --------------------------------- : 618160
[31-05-2023 21:08:01.698] - 	[F012] [Local transaction time (AAMMJJhhmmss)] : ---------------------------- : 150820130600
[31-05-2023 21:08:01.698] - 	[F022] [Point of service entry mode] : -------------------------------------- : 056
[31-05-2023 21:08:01.698] - 	[F024] [Function code] : ---------------------------------------------------- : 200
[31-05-2023 21:08:01.698] - 	[F025] [Point of service condition code] : ---------------------------------- : 0
[31-05-2023 21:08:01.698] - 	[F035] [Track 2 data] : ----------------------------------------------------- : 4850781234567891=19082012232800000037
[31-05-2023 21:08:01.698] - 	[F041] [Card acceptor terminal identification] : ---------------------------- : 000124642124643
[31-05-2023 21:08:01.698] - 	[F042] [Card acceptor identification code] : -------------------------------- : 000124642124643
[31-05-2023 21:08:01.698] - 	[F049] [Currency code] : ---------------------------------------------------- : 643
[31-05-2023 21:08:01.698] -		[F055] [ICC data – EMV having multiple tags] :
[31-05-2023 21:08:01.698] -			9F26 : -------- : 571F1E10D4FA4AAC
[31-05-2023 21:08:01.698] -			9F27 : -------- : 80
[31-05-2023 21:08:01.698] -			9F10 : -------- : 06010A03A4B802
[31-05-2023 21:08:01.698] -			9F37 : -------- : 5BB07472
[31-05-2023 21:08:01.698] -			9F36 : -------- : 000C
[31-05-2023 21:08:01.698] -			  95 : -------- : 0080001000
[31-05-2023 21:08:01.698] -			  9A : -------- : 150818
[31-05-2023 21:08:01.698] -			  9C : -------- : 00
[31-05-2023 21:08:01.698] -			9F02 : -------- : 000000001000
[31-05-2023 21:08:01.698] -			5F2A : -------- : 0643
[31-05-2023 21:08:01.698] -			  82 : -------- : 3C00
[31-05-2023 21:08:01.698] -			9F1A : -------- : 0643
[31-05-2023 21:08:01.698] -			9F03 : -------- : 000000000000
[31-05-2023 21:08:01.698] -			9F33 : -------- : E0F0C8
[31-05-2023 21:08:01.698] -			9F34 : -------- : 440302
[31-05-2023 21:08:01.698] -			9F35 : -------- : 22
[31-05-2023 21:08:01.698] -			9F1E : -------- : 3531323032383135
[31-05-2023 21:08:01.698] -			  84 : -------- : A0000000031010
[31-05-2023 21:08:01.698] -			9F41 : -------- : 000056
[31-05-2023 21:08:01.698] -			5F34 : -------- : 01
[31-05-2023 21:08:01.698] - 	[F100] [NO DESC] : ---------------------------------------------------------- : 1111111111111
[31-05-2023 21:08:01.698] - 	[F128] [Message authentication code] : -------------------------------------- : 1111111111111
[31-05-2023 21:08:01.698] - INFO	:	Packaging to ISO payload	[...]
[31-05-2023 21:08:01.698] - 	  Offset  00 01 02 03 04 05 06 07 08 09 0A 0B 0C 0D 0E 0F
[31-05-2023 21:08:01.698] - 	00000000  30 35 30 33 49 53 4F 36 30 31 30 30 30 30 30 31  0503ISO601000001
[31-05-2023 21:08:01.698] - 	00000010  31 30 30 46 32 33 30 30 35 38 30 32 30 43 30 38  100F230058020C08
[31-05-2023 21:08:01.698] - 	00000020  32 30 30 30 30 30 30 30 30 30 30 31 30 30 30 30  2000000000010000
[31-05-2023 21:08:01.698] - 	00000030  30 30 31 31 36 34 38 35 30 37 38 31 32 33 34 35  0011648507812345
[31-05-2023 21:08:01.698] - 	00000040  36 37 38 39 31 31 32 33 34 35 36 31 30 30 30 30  6789112345610000
[31-05-2023 21:08:01.698] - 	00000050  30 30 34 32 34 32 30 32 33 36 31 38 31 36 30 31  0042420236181601
[31-05-2023 21:08:01.698] - 	00000060  35 30 38 32 30 31 33 30 36 30 30 30 35 36 32 30  5082013060005620
[31-05-2023 21:08:01.698] - 	00000070  30 30 33 37 34 38 35 30 37 38 31 32 33 34 35 36  0037485078123456
[31-05-2023 21:08:01.698] - 	00000080  37 38 39 31 3D 31 39 30 38 32 30 31 32 32 33 32  7891=19082012232
[31-05-2023 21:08:01.698] - 	00000090  38 30 30 30 30 30 30 33 37 30 30 30 31 32 34 36  8000000370001246
[31-05-2023 21:08:01.698] - 	000000A0  34 32 31 32 34 36 34 33 30 30 30 31 32 34 36 34  4212464300012464
[31-05-2023 21:08:01.698] - 	000000B0  32 31 32 34 36 34 33 36 34 33 32 36 30 39 66 32  21246436432609f2
[31-05-2023 21:08:01.698] - 	000000C0  36 30 38 35 37 31 66 31 65 31 30 64 34 66 61 34  608571f1e10d4fa4
[31-05-2023 21:08:01.698] - 	000000D0  61 61 63 39 66 32 37 30 31 38 30 39 66 31 30 30  aac9f2701809f100
[31-05-2023 21:08:01.698] - 	000000E0  37 30 36 30 31 30 61 30 33 61 34 62 38 30 32 39  706010a03a4b8029
[31-05-2023 21:08:01.698] - 	000000F0  66 33 37 30 34 35 62 62 30 37 34 37 32 39 66 33  f37045bb074729f3
[31-05-2023 21:08:01.698] - 	00000100  36 30 32 30 30 30 63 39 35 30 35 30 30 38 30 30  602000c950500800
[31-05-2023 21:08:01.698] - 	00000110  30 31 30 30 30 39 61 30 33 31 35 30 38 31 38 39  010009a031508189
[31-05-2023 21:08:01.698] - 	00000120  63 30 31 30 30 39 66 30 32 30 36 30 30 30 30 30  c01009f020600000
[31-05-2023 21:08:01.698] - 	00000130  30 30 30 31 30 30 30 35 66 32 61 30 32 30 36 34  00010005f2a02064
[31-05-2023 21:08:01.698] - 	00000140  33 38 32 30 32 33 63 30 30 39 66 31 61 30 32 30  382023c009f1a020
[31-05-2023 21:08:01.698] - 	00000150  36 34 33 39 66 30 33 30 36 30 30 30 30 30 30 30  6439f03060000000
[31-05-2023 21:08:01.698] - 	00000160  30 30 30 30 30 39 66 33 33 30 33 65 30 66 30 63  000009f3303e0f0c
[31-05-2023 21:08:01.698] - 	00000170  38 39 66 33 34 30 33 34 34 30 33 30 32 39 66 33  89f34034403029f3
[31-05-2023 21:08:01.698] - 	00000180  35 30 31 32 32 39 66 31 65 30 38 33 35 33 31 33  501229f1e0835313
[31-05-2023 21:08:01.698] - 	00000190  32 33 30 33 32 33 38 33 31 33 35 38 34 30 37 61  230323831358407a
[31-05-2023 21:08:01.698] - 	000001A0  30 30 30 30 30 30 30 30 33 31 30 31 30 39 66 34  00000000310109f4
[31-05-2023 21:08:01.698] - 	000001B0  31 30 33 30 30 30 30 35 36 35 66 33 34 30 31 30  1030000565f34010
[31-05-2023 21:08:01.698] - 	000001C0  31 31 31 31 31 31 31 31 31 31 31 31 31 31 31 31  1111111111111111
[31-05-2023 21:08:01.698] - 	000001D0  31 31 31 31 31 31 31 31 31 31 31                 11111111111     
[31-05-2023 21:08:01.698] - 	
[31-05-2023 21:08:01.698] - INFO	Request sent to server
[31-05-2023 21:08:01.698] - ***********************************************************************
[31-05-2023 21:08:01.698] - INFO	:	Awating response from server [...]
[31-05-2023 21:08:01.698] - ***********************************************************************

[31-05-2023 21:08:01.727] - INFO	:	Client recieved response from server
[31-05-2023 21:08:01.727] - DATA	:	Payload data recieved
[31-05-2023 21:08:01.727] - 02107230058020C08200002016485078000047812300300100040041000007010082013054601100661816001201215082013060002200305602400320002500100350374850781234567891=19082012232800000037037012708981921851038006VaHYUU0390010041008009924680420150001246421246430490036430552609f2608571f1e10d4fa4aac9f2701809f100706010a03a4b8029f37045bb074729f3602000c950500800010009a031508189c01009f02060000000010005f2a02064382023c009f1a0206439f03060000000000009f3303e0f0c89f34034403029f3501229f1e0835313230323831358407a00000000310109f41030000565f340101
[31-05-2023 21:08:01.727] - INFO	: Unpacking in ISO message [...]
[31-05-2023 21:08:01.727] - INFO	: Successfull
[31-05-2023 21:08:01.727] - DATA	: Data Fields
[31-05-2023 21:08:01.727] - ***********************************************************************
[31-05-2023 21:08:01.727] - ***********************************************************************
[31-05-2023 21:08:01.727] - INFO	:	Awating data to send to server [...]
[31-05-2023 21:08:01.727] - ***********************************************************************
[31-05-2023 21:08:01.727] - INFO	:	Conn. set to Sign-On. Server resp. recieved
[31-05-2023 21:08:01.727] - *************************************************************************************************
