[23-05-2023 20:10:53.379] - **********************************************************************************************************************
[23-05-2023 20:10:53.379] - INFO	:	TLS Client initialization	[...]
[23-05-2023 20:10:53.379] - INFO	:	Attempt to connect to server	[...]
[23-05-2023 20:10:53.379] - INFO	:	Connection Request Sent
[23-05-2023 20:10:53.379] - INFO	:	Checking server certificate	[...]
[23-05-2023 20:10:53.379] - INFO	:	Authorized server
[23-05-2023 20:10:53.379] - INFO	:	Connected successfully to TLS server
[23-05-2023 20:10:53.379] - ***********************************************************************
[2023-05-23T19:10:53.431Z] - INFO	:	Request sent to server
[2023-05-23T19:10:53.431Z] - ***********************************************************************
[2023-05-23T19:10:53.431Z] - INFO	:	Awaiting response from server [...]
[2023-05-23T19:10:53.431Z] - ***********************************************************************[23-05-2023 20:10:53.434] - INFO	: Client recieved response from server
[23-05-2023 20:10:53.434] - DATA	: Payload data recieved
[23-05-2023 20:10:53.434] - 02107230058020C08200002016485078000047812300300100040041000007010082013054601100661816001201215082013060002200305602400320002500100350374850781234567891=19082012232800000037037012708981921851038006VaHYUU0390010041008009924680420150001246421246430490036430552609f2608571f1e10d4fa4aac9f2701809f100706010a03a4b8029f37045bb074729f3602000c950500800010009a031508189c01009f02060000000010005f2a02064382023c009f1a0206439f03060000000000009f3303e0f0c89f34034403029f3501229f1e0835313230323831358407a00000000310109f41030000565f340101
[23-05-2023 20:10:53.434] - INFO	: Unpacking in ISO message [...]
[23-05-2023 20:10:53.434] - INFO	: Successfull
[23-05-2023 20:10:53.434] - DATA	: Data Fields
[23-05-2023 20:10:53.434] - ***********************************************************************
[23-05-2023 20:10:53.434] - ***********************************************************************
[23-05-2023 20:10:53.434] - INFO	: Awating data to send to server [...]
[23-05-2023 20:10:53.434] - ***********************************************************************

[23-05-2023 20:13:13.413] - **********************************************************************************************************************
[23-05-2023 20:13:13.413] - INFO	:	TLS Client initialization	[...]
[23-05-2023 20:13:13.413] - INFO	:	Attempt to connect to server	[...]
[23-05-2023 20:13:13.413] - INFO	:	Connection Request Sent
[23-05-2023 20:13:13.413] - INFO	:	Checking server certificate	[...]
[23-05-2023 20:13:13.413] - INFO	:	Authorized server
[23-05-2023 20:13:13.413] - INFO	:	Connected successfully to TLS server
[23-05-2023 20:13:13.413] - ***********************************************************************
[23-05-2023 20:13:13.457] - INFO	:	Connection state : 	[Sign-OFF]
[23-05-2023 20:13:13.457] - INFO	:	ISO853 VERSION	:	[ISO 8583:1993]
[23-05-2023 20:13:13.457] - INFO	:	MESSAGE CLASS	:	[Network management]
[23-05-2023 20:13:13.457] - INFO	:	MESSAGE FUNC.	:	[Request]
[23-05-2023 20:13:13.457] - INFO	:	MESSAGE ORIGIN	:	[Other]
[23-05-2023 20:13:13.457] - ***********************************************************************
[23-05-2023 20:13:13.457] - DATA	:	Protocol id.	:	[ISO]
[23-05-2023 20:13:13.457] - DATA	:	Message header	:	[60100000]
[23-05-2023 20:13:13.457] - DATA	:	Message MTI	:	[1804]
[23-05-2023 20:13:13.457] - DATA	:	Bitmap HEX	:	[02 30 01 80 88 00 00 00]
[23-05-2023 20:13:13.457] - ***********************************************************************
[23-05-2023 20:13:13.457] - 	ISO Message Fields Data elements :
[23-05-2023 20:13:13.457] - 	[F007] [Transmission date & time (AAMMJJhhmm)] : ---------------------------- : 2305232013
[23-05-2023 20:13:13.457] - 	[F011] [System trace audit number (STAN)] : --------------------------------- : 653914
[23-05-2023 20:13:13.457] - 	[F012] [Local transaction time (AAMMJJhhmmss)] : ---------------------------- : 2305232013
[23-05-2023 20:13:13.457] - 	[F024] [Function code] : ---------------------------------------------------- : 801
[23-05-2023 20:13:13.457] - 	[F025] [Point of service condition code] : ---------------------------------- : 0000
[23-05-2023 20:13:13.457] - 	[F033] [Forwarding institution identification code] : ----------------------- : 00000001010
[23-05-2023 20:13:13.457] - 	[F037] [Retrieval reference number] : --------------------------------------- : 132776462125
[23-05-2023 20:13:13.457] - 	[F128] [Message authentication code] : -------------------------------------- : 00000000
[23-05-2023 20:13:13.457] - ***********************************************************************
[23-05-2023 20:13:13.457] - INFO	:	Packaging to ISO payload	[...]
[23-05-2023 20:13:13.457] - ***********************************************************************
[23-05-2023 20:13:13.457] - 
[23-05-2023 20:13:13.457] - 	  Offset  00 01 02 03 04 05 06 07 08 09 0A 0B 0C 0D 0E 0F
[23-05-2023 20:13:13.457] - 	00000000  30 31 34 35 49 53 4F 36 30 31 30 30 30 30 30 31  0145ISO601000001
[23-05-2023 20:13:13.457] - 	00000010  38 30 34 30 32 33 30 30 31 38 30 38 38 30 30 30  8040230018088000
[23-05-2023 20:13:13.457] - 	00000020  30 30 30 32 33 30 35 32 33 32 30 31 33 36 35 33  0002305232013653
[23-05-2023 20:13:13.457] - 	00000030  39 31 34 32 33 30 35 32 33 32 30 31 33 38 30 31  9142305232013801
[23-05-2023 20:13:13.457] - 	00000040  30 30 30 30 31 31 30 30 30 30 30 30 30 31 30 31  0000110000000101
[23-05-2023 20:13:13.457] - 	00000050  30 31 33 32 37 37 36 34 36 32 31 32 35 30 30 30  0132776462125000
[23-05-2023 20:13:13.457] - 	00000060  30 30 30 30 30                                   00000           
[23-05-2023 20:13:13.457] - 	
[23-05-2023 20:13:13.457] - ***********************************************************************
[23-05-2023 20:13:13.457] - INFO	:	Sending request to server	[...]
[23-05-2023 20:13:13.457] - INFO	:	Request sent to server
[23-05-2023 20:13:13.457] - ***********************************************************************
[23-05-2023 20:13:13.457] - INFO	:	Awating response from server [...]
[23-05-2023 20:13:13.457] - ***********************************************************************
[23-05-2023 20:13:13.493] - INFO	: Client recieved response from server
[23-05-2023 20:13:13.493] - DATA	: Payload data recieved
[23-05-2023 20:13:13.493] - 02107230058020C08200002016485078000047812300300100040041000007010082013054601100661816001201215082013060002200305602400320002500100350374850781234567891=19082012232800000037037012708981921851038006VaHYUU0390010041008009924680420150001246421246430490036430552609f2608571f1e10d4fa4aac9f2701809f100706010a03a4b8029f37045bb074729f3602000c950500800010009a031508189c01009f02060000000010005f2a02064382023c009f1a0206439f03060000000000009f3303e0f0c89f34034403029f3501229f1e0835313230323831358407a00000000310109f41030000565f340101
[23-05-2023 20:13:13.493] - INFO	: Unpacking in ISO message [...]
[23-05-2023 20:13:13.493] - INFO	: Successfull
[23-05-2023 20:13:13.493] - DATA	: Data Fields
[23-05-2023 20:13:13.493] - ***********************************************************************
[23-05-2023 20:13:13.493] - ***********************************************************************
[23-05-2023 20:13:13.493] - INFO	: Awating data to send to server [...]
[23-05-2023 20:13:13.493] - ***********************************************************************

[23-05-2023 20:14:07.740] - **********************************************************************************************************************
[23-05-2023 20:14:07.740] - INFO	:	TLS Client initialization	[...]
[23-05-2023 20:14:07.740] - INFO	:	Attempt to connect to server	[...]
[23-05-2023 20:14:07.740] - INFO	:	Connection Request Sent
[23-05-2023 20:14:07.740] - INFO	:	Checking server certificate	[...]
[23-05-2023 20:14:07.740] - INFO	:	Authorized server
[23-05-2023 20:14:07.740] - INFO	:	Connected successfully to TLS server
[23-05-2023 20:14:07.740] - ***********************************************************************
[23-05-2023 20:14:07.783] - INFO	:	Connection state : 	[Sign-OFF]
[23-05-2023 20:14:07.783] - INFO	:	ISO853 VERSION	:	[ISO 8583:1993]
[23-05-2023 20:14:07.783] - INFO	:	MESSAGE CLASS	:	[Network management]
[23-05-2023 20:14:07.783] - INFO	:	MESSAGE FUNC.	:	[Request]
[23-05-2023 20:14:07.783] - INFO	:	MESSAGE ORIGIN	:	[Other]
[23-05-2023 20:14:07.783] - ***********************************************************************
[23-05-2023 20:14:07.783] - DATA	:	Protocol id.	:	[ISO]
[23-05-2023 20:14:07.783] - DATA	:	Message header	:	[60100000]
[23-05-2023 20:14:07.783] - DATA	:	Message MTI	:	[1804]
[23-05-2023 20:14:07.783] - DATA	:	Bitmap HEX	:	[02 30 01 80 88 00 00 00]
[23-05-2023 20:14:07.783] - ***********************************************************************
[23-05-2023 20:14:07.783] - 	ISO Message Fields Data elements :
[23-05-2023 20:14:07.783] - 	[F007] [Transmission date & time (AAMMJJhhmm)] : ---------------------------- : 2305232014
[23-05-2023 20:14:07.783] - 	[F011] [System trace audit number (STAN)] : --------------------------------- : 111984
[23-05-2023 20:14:07.783] - 	[F012] [Local transaction time (AAMMJJhhmmss)] : ---------------------------- : 2305232014
[23-05-2023 20:14:07.783] - 	[F024] [Function code] : ---------------------------------------------------- : 801
[23-05-2023 20:14:07.783] - 	[F025] [Point of service condition code] : ---------------------------------- : 0000
[23-05-2023 20:14:07.783] - 	[F033] [Forwarding institution identification code] : ----------------------- : 00000001010
[23-05-2023 20:14:07.783] - 	[F037] [Retrieval reference number] : --------------------------------------- : 435699009396
[23-05-2023 20:14:07.783] - 	[F128] [Message authentication code] : -------------------------------------- : 00000000
[23-05-2023 20:14:07.783] - ***********************************************************************
[23-05-2023 20:14:07.783] - INFO	:	Packaging to ISO payload	[...]
[23-05-2023 20:14:07.783] - ***********************************************************************
[23-05-2023 20:14:07.783] - 
[23-05-2023 20:14:07.783] - 	  Offset  00 01 02 03 04 05 06 07 08 09 0A 0B 0C 0D 0E 0F
[23-05-2023 20:14:07.783] - 	00000000  30 31 34 35 49 53 4F 36 30 31 30 30 30 30 30 31  0145ISO601000001
[23-05-2023 20:14:07.783] - 	00000010  38 30 34 30 32 33 30 30 31 38 30 38 38 30 30 30  8040230018088000
[23-05-2023 20:14:07.783] - 	00000020  30 30 30 32 33 30 35 32 33 32 30 31 34 31 31 31  0002305232014111
[23-05-2023 20:14:07.783] - 	00000030  39 38 34 32 33 30 35 32 33 32 30 31 34 38 30 31  9842305232014801
[23-05-2023 20:14:07.783] - 	00000040  30 30 30 30 31 31 30 30 30 30 30 30 30 31 30 31  0000110000000101
[23-05-2023 20:14:07.783] - 	00000050  30 34 33 35 36 39 39 30 30 39 33 39 36 30 30 30  0435699009396000
[23-05-2023 20:14:07.783] - 	00000060  30 30 30 30 30                                   00000           
[23-05-2023 20:14:07.783] - 	
[23-05-2023 20:14:07.783] - ***********************************************************************
[23-05-2023 20:14:07.783] - INFO	:	Sending request to server	[...]
[23-05-2023 20:14:07.783] - INFO	:	Request sent to server
[23-05-2023 20:14:07.783] - ***********************************************************************
[23-05-2023 20:14:07.783] - INFO	:	Awating response from server [...]
[23-05-2023 20:14:07.783] - ***********************************************************************
[23-05-2023 20:23:34.258] - **********************************************************************************************************************
[23-05-2023 20:23:34.258] - INFO	:	TLS Client initialization	[...]
[23-05-2023 20:23:34.258] - INFO	:	Attempt to connect to server	[...]
[23-05-2023 20:23:34.258] - INFO	:	Connection Request Sent
[23-05-2023 20:23:34.258] - INFO	:	Checking server certificate	[...]
[23-05-2023 20:23:34.258] - INFO	:	Authorized server
[23-05-2023 20:23:34.258] - INFO	:	Connected successfully to TLS server
[23-05-2023 20:23:34.258] - ***********************************************************************

