[01-06-2023 13:45:53.242] - **********************************************************************************************************************
[01-06-2023 13:45:53.242] - INFO	:	TLS Client initialization	[...]
[01-06-2023 13:45:53.242] - INFO	:	Attempt to connect to server	[...]
[01-06-2023 13:45:53.242] - INFO	:	Connection Request Sent
[01-06-2023 13:45:53.242] - INFO	:	Checking server certificate	[...]
[01-06-2023 13:45:53.242] - INFO	:	Authorized server
[01-06-2023 13:45:53.242] - INFO	:	Connected successfully to TLS server
[01-06-2023 13:45:53.242] - ***********************************************************************
[01-06-2023 13:45:58.338] - INFO	:	MTI 		:	[1804]
[01-06-2023 13:45:58.338] - INFO	:	Conn. state	:	[undefined]
[01-06-2023 13:45:58.338] - INFO	:	ISO853 VERSION	:	[ISO 8583:1993]
[01-06-2023 13:45:58.338] - INFO	:	MESSAGE CLASS	:	[Network management]
[01-06-2023 13:45:58.338] - INFO	:	MESSAGE FUNC.	:	[Request]
[01-06-2023 13:45:58.338] - INFO	:	MESSAGE ORIGIN	:	[Other]
[01-06-2023 13:45:58.338] - ***********************************************************************
[01-06-2023 13:45:58.338] - DATA	:	Protocol id.	:	[ISO]
[01-06-2023 13:45:58.338] - DATA	:	Message header	:	[60100000]
[01-06-2023 13:45:58.338] - DATA	:	Bitmap HEX	:	[02 30 01 80 88 00 00 00 00 00 00 00 00 00 00 01]
[01-06-2023 13:45:58.338] - ***********************************************************************
[01-06-2023 13:45:58.338] - 	ISO Message Fields Data elements :
[01-06-2023 13:45:58.338] - 	[F007] [Transmission date & time (AAMMJJhhmm)] : ---------------------------- : 2306011345
[01-06-2023 13:45:58.338] - 	[F011] [System trace audit number (STAN)] : --------------------------------- : 059804
[01-06-2023 13:45:58.338] - 	[F012] [Local transaction time (AAMMJJhhmmss)] : ---------------------------- : 2306011345
[01-06-2023 13:45:58.338] - 	[F024] [Function code] : ---------------------------------------------------- : 801
[01-06-2023 13:45:58.338] - 	[F025] [Point of service condition code] : ---------------------------------- : 0000
[01-06-2023 13:45:58.338] - 	[F033] [Forwarding institution identification code] : ----------------------- : 00000001010
[01-06-2023 13:45:58.338] - 	[F037] [Retrieval reference number] : --------------------------------------- : 255857486790
[01-06-2023 13:45:58.338] - 	[F128] [Message authentication code] : -------------------------------------- : 00000000
[01-06-2023 13:45:58.338] - ***********************************************************************
[01-06-2023 13:45:58.338] - INFO	:	Packaging to ISO payload	[...]
[01-06-2023 13:45:58.338] - ***********************************************************************
[01-06-2023 13:45:58.338] - 
[01-06-2023 13:45:58.338] - 	  Offset  00 01 02 03 04 05 06 07 08 09 0A 0B 0C 0D 0E 0F
[01-06-2023 13:45:58.338] - 	00000000  30 31 34 35 49 53 4F 36 30 31 30 30 30 30 30 31  0145ISO601000001
[01-06-2023 13:45:58.338] - 	00000010  38 30 34 30 32 33 30 30 31 38 30 38 38 30 30 30  8040230018088000
[01-06-2023 13:45:58.338] - 	00000020  30 30 30 30 30 30 30 30 30 30 30 30 30 30 30 30  0000000000000000
[01-06-2023 13:45:58.338] - 	00000030  30 30 31 32 33 30 36 30 31 31 33 34 35 30 35 39  0012306011345059
[01-06-2023 13:45:58.338] - 	00000040  38 30 34 32 33 30 36 30 31 31 33 34 35 38 30 31  8042306011345801
[01-06-2023 13:45:58.338] - 	00000050  30 30 30 30 31 31 30 30 30 30 30 30 30 31 30 31  0000110000000101
[01-06-2023 13:45:58.338] - 	00000060  30 32 35 35 38 35 37 34 38 36 37 39 30 30 30 30  0255857486790000
[01-06-2023 13:45:58.338] - 	00000070  30 30 30 30 30                                   00000           
[01-06-2023 13:45:58.338] - 	
[01-06-2023 13:45:58.338] - ***********************************************************************
[01-06-2023 13:45:58.338] - INFO	:	Sending request to server	[...]
[01-06-2023 13:45:58.338] - INFO	:	Request sent to server
[01-06-2023 13:45:58.338] - ***********************************************************************
[01-06-2023 13:45:58.338] - INFO	:	Awating response from server [...]
[01-06-2023 13:45:58.338] - ***********************************************************************
[01-06-2023 13:45:58.378] - INFO	:	ISO853 VERSION	:	[ISO 8583:1993]
[01-06-2023 13:45:58.378] - INFO	:	MESSAGE CLASS	:	[Network management]
[01-06-2023 13:45:58.378] - INFO	:	MESSAGE FUNC.	:	[Request response]
[01-06-2023 13:45:58.378] - INFO	:	MESSAGE ORIGIN	:	[Other]
[01-06-2023 13:45:58.378] - ***********************************************************************
[01-06-2023 13:45:58.378] - DATA	:	Protocol id.	:	[ISO]
[01-06-2023 13:45:58.378] - DATA	:	Message header	:	[60100000]
[01-06-2023 13:45:58.378] - DATA	:	Message MTI	:	[1814]
[01-06-2023 13:45:58.378] - DATA	:	Bitmap HEX	:	[023000008A000000]
[01-06-2023 13:45:58.378] - ***********************************************************************
[01-06-2023 13:45:58.378] - 	ISO Message Fields Data elements :

