[31-05-2023 01:46:33.635] - **********************************************************************************************************************
[31-05-2023 01:46:33.635] - INFO	:	TLS Client initialization	[...]
[31-05-2023 01:46:33.635] - INFO	:	Attempt to connect to server	[...]
[31-05-2023 01:46:33.635] - INFO	:	Connection Request Sent
[31-05-2023 01:46:33.635] - INFO	:	Checking server certificate	[...]
[31-05-2023 01:46:33.635] - INFO	:	Authorized server
[31-05-2023 01:46:33.635] - INFO	:	Connected successfully to TLS server
[31-05-2023 01:46:33.635] - ***********************************************************************
[31-05-2023 01:46:38.684] - INFO	:	MTI 		:	[1804]
[31-05-2023 01:46:38.684] - INFO	:	Conn. state	:	[Sign-Off]
[31-05-2023 01:46:38.684] - INFO	:	ISO853 VERSION	:	[ISO 8583:1993]
[31-05-2023 01:46:38.684] - INFO	:	MESSAGE CLASS	:	[Network management]
[31-05-2023 01:46:38.684] - INFO	:	MESSAGE FUNC.	:	[Request]
[31-05-2023 01:46:38.684] - INFO	:	MESSAGE ORIGIN	:	[Other]
[31-05-2023 01:46:38.684] - ***********************************************************************
[31-05-2023 01:46:38.684] - DATA	:	Protocol id.	:	[ISO]
[31-05-2023 01:46:38.684] - DATA	:	Message header	:	[60100000]
[31-05-2023 01:46:38.684] - DATA	:	Bitmap HEX	:	[02 30 01 80 88 00 00 00]
[31-05-2023 01:46:38.684] - ***********************************************************************
[31-05-2023 01:46:38.684] - 	ISO Message Fields Data elements :
[31-05-2023 01:46:38.684] - 	[F007] [Transmission date & time (AAMMJJhhmm)] : ---------------------------- : 2305310146
[31-05-2023 01:46:38.684] - 	[F011] [System trace audit number (STAN)] : --------------------------------- : 152577
[31-05-2023 01:46:38.684] - 	[F012] [Local transaction time (AAMMJJhhmmss)] : ---------------------------- : 2305310146
[31-05-2023 01:46:38.684] - 	[F024] [Function code] : ---------------------------------------------------- : 801
[31-05-2023 01:46:38.684] - 	[F025] [Point of service condition code] : ---------------------------------- : 0000
[31-05-2023 01:46:38.684] - 	[F033] [Forwarding institution identification code] : ----------------------- : 00000001010
[31-05-2023 01:46:38.684] - 	[F037] [Retrieval reference number] : --------------------------------------- : 641436028996
[31-05-2023 01:46:38.684] - 	[F128] [Message authentication code] : -------------------------------------- : 00000000
[31-05-2023 01:46:38.684] - ***********************************************************************
[31-05-2023 01:46:38.684] - INFO	:	Packaging to ISO payload	[...]
[31-05-2023 01:46:38.684] - ***********************************************************************
[31-05-2023 01:46:38.684] - 
[31-05-2023 01:46:38.684] - 	  Offset  00 01 02 03 04 05 06 07 08 09 0A 0B 0C 0D 0E 0F
[31-05-2023 01:46:38.684] - 	00000000  30 31 34 35 49 53 4F 36 30 31 30 30 30 30 30 31  0145ISO601000001
[31-05-2023 01:46:38.684] - 	00000010  38 30 34 30 32 33 30 30 31 38 30 38 38 30 30 30  8040230018088000
[31-05-2023 01:46:38.684] - 	00000020  30 30 30 32 33 30 35 33 31 30 31 34 36 31 35 32  0002305310146152
[31-05-2023 01:46:38.684] - 	00000030  35 37 37 32 33 30 35 33 31 30 31 34 36 38 30 31  5772305310146801
[31-05-2023 01:46:38.684] - 	00000040  30 30 30 30 31 31 30 30 30 30 30 30 30 31 30 31  0000110000000101
[31-05-2023 01:46:38.684] - 	00000050  30 36 34 31 34 33 36 30 32 38 39 39 36 30 30 30  0641436028996000
[31-05-2023 01:46:38.684] - 	00000060  30 30 30 30 30                                   00000           
[31-05-2023 01:46:38.684] - 	
[31-05-2023 01:46:38.684] - ***********************************************************************
[31-05-2023 01:46:38.684] - INFO	:	Sending request to server	[...]
[31-05-2023 01:46:38.684] - INFO	:	Request sent to server
[31-05-2023 01:46:38.684] - ***********************************************************************
[31-05-2023 01:46:38.684] - INFO	:	Awating response from server [...]
[31-05-2023 01:46:38.684] - ***********************************************************************
[31-05-2023 01:46:38.705] - INFO	:	MTI 		:	[1804]
[31-05-2023 01:46:38.705] - INFO	:	Conn. state	:	[Sign-Off]
[31-05-2023 01:46:38.705] - INFO	:	ISO853 VERSION	:	[ISO 8583:1993]
[31-05-2023 01:46:38.705] - INFO	:	MESSAGE CLASS	:	[Network management]
[31-05-2023 01:46:38.705] - INFO	:	MESSAGE FUNC.	:	[Request]
[31-05-2023 01:46:38.705] - INFO	:	MESSAGE ORIGIN	:	[Other]
[31-05-2023 01:46:38.705] - ***********************************************************************
[31-05-2023 01:46:38.705] - DATA	:	Protocol id.	:	[ISO]
[31-05-2023 01:46:38.705] - DATA	:	Message header	:	[60100000]
[31-05-2023 01:46:38.705] - DATA	:	Bitmap HEX	:	[02 30 01 80 88 00 00 00]
[31-05-2023 01:46:38.705] - ***********************************************************************
[31-05-2023 01:46:38.705] - 	ISO Message Fields Data elements :
[31-05-2023 01:46:38.705] - 	[F007] [Transmission date & time (AAMMJJhhmm)] : ---------------------------- : 2305310146
[31-05-2023 01:46:38.705] - 	[F011] [System trace audit number (STAN)] : --------------------------------- : 636262
[31-05-2023 01:46:38.705] - 	[F012] [Local transaction time (AAMMJJhhmmss)] : ---------------------------- : 2305310146
[31-05-2023 01:46:38.705] - 	[F024] [Function code] : ---------------------------------------------------- : 801
[31-05-2023 01:46:38.705] - 	[F025] [Point of service condition code] : ---------------------------------- : 0000
[31-05-2023 01:46:38.705] - 	[F033] [Forwarding institution identification code] : ----------------------- : 00000001010
[31-05-2023 01:46:38.705] - 	[F037] [Retrieval reference number] : --------------------------------------- : 953537435396
[31-05-2023 01:46:38.705] - 	[F128] [Message authentication code] : -------------------------------------- : 00000000
[31-05-2023 01:46:38.705] - ***********************************************************************
[31-05-2023 01:46:38.705] - INFO	:	Packaging to ISO payload	[...]
[31-05-2023 01:46:38.705] - ***********************************************************************
[31-05-2023 01:46:38.705] - 
[31-05-2023 01:46:38.705] - 	  Offset  00 01 02 03 04 05 06 07 08 09 0A 0B 0C 0D 0E 0F
[31-05-2023 01:46:38.705] - 	00000000  30 31 34 35 49 53 4F 36 30 31 30 30 30 30 30 31  0145ISO601000001
[31-05-2023 01:46:38.705] - 	00000010  38 30 34 30 32 33 30 30 31 38 30 38 38 30 30 30  8040230018088000
[31-05-2023 01:46:38.705] - 	00000020  30 30 30 32 33 30 35 33 31 30 31 34 36 36 33 36  0002305310146636
[31-05-2023 01:46:38.705] - 	00000030  32 36 32 32 33 30 35 33 31 30 31 34 36 38 30 31  2622305310146801
[31-05-2023 01:46:38.705] - 	00000040  30 30 30 30 31 31 30 30 30 30 30 30 30 31 30 31  0000110000000101
[31-05-2023 01:46:38.705] - 	00000050  30 39 35 33 35 33 37 34 33 35 33 39 36 30 30 30  0953537435396000
[31-05-2023 01:46:38.705] - 	00000060  30 30 30 30 30                                   00000           
[31-05-2023 01:46:38.705] - 	
[31-05-2023 01:46:38.705] - ***********************************************************************
[31-05-2023 01:46:38.705] - INFO	:	Sending request to server	[...]
[31-05-2023 01:46:38.705] - INFO	:	Request sent to server
[31-05-2023 01:46:38.705] - ***********************************************************************
[31-05-2023 01:46:38.705] - INFO	:	Awating response from server [...]
[31-05-2023 01:46:38.705] - ***********************************************************************
[31-05-2023 01:46:43.702] - INFO	:	MTI 		:	[1804]
[31-05-2023 01:46:43.702] - INFO	:	Conn. state	:	[Sign-Off]
[31-05-2023 01:46:43.702] - INFO	:	ISO853 VERSION	:	[ISO 8583:1993]
[31-05-2023 01:46:43.702] - INFO	:	MESSAGE CLASS	:	[Network management]
[31-05-2023 01:46:43.702] - INFO	:	MESSAGE FUNC.	:	[Request]
[31-05-2023 01:46:43.702] - INFO	:	MESSAGE ORIGIN	:	[Other]
[31-05-2023 01:46:43.702] - ***********************************************************************
[31-05-2023 01:46:43.702] - DATA	:	Protocol id.	:	[ISO]
[31-05-2023 01:46:43.702] - DATA	:	Message header	:	[60100000]
[31-05-2023 01:46:43.702] - DATA	:	Bitmap HEX	:	[02 30 01 80 88 00 00 00]
[31-05-2023 01:46:43.702] - ***********************************************************************
[31-05-2023 01:46:43.702] - 	ISO Message Fields Data elements :
[31-05-2023 01:46:43.702] - 	[F007] [Transmission date & time (AAMMJJhhmm)] : ---------------------------- : 2305310146
[31-05-2023 01:46:43.702] - 	[F011] [System trace audit number (STAN)] : --------------------------------- : 127567
[31-05-2023 01:46:43.702] - 	[F012] [Local transaction time (AAMMJJhhmmss)] : ---------------------------- : 2305310146
[31-05-2023 01:46:43.702] - 	[F024] [Function code] : ---------------------------------------------------- : 801
[31-05-2023 01:46:43.702] - 	[F025] [Point of service condition code] : ---------------------------------- : 0000
[31-05-2023 01:46:43.702] - 	[F033] [Forwarding institution identification code] : ----------------------- : 00000001010
[31-05-2023 01:46:43.702] - 	[F037] [Retrieval reference number] : --------------------------------------- : 948045495547
[31-05-2023 01:46:43.702] - 	[F128] [Message authentication code] : -------------------------------------- : 00000000
[31-05-2023 01:46:43.702] - ***********************************************************************
[31-05-2023 01:46:43.702] - INFO	:	Packaging to ISO payload	[...]
[31-05-2023 01:46:43.702] - ***********************************************************************
[31-05-2023 01:46:43.702] - 
[31-05-2023 01:46:43.702] - 	  Offset  00 01 02 03 04 05 06 07 08 09 0A 0B 0C 0D 0E 0F
[31-05-2023 01:46:43.702] - 	00000000  30 31 34 35 49 53 4F 36 30 31 30 30 30 30 30 31  0145ISO601000001
[31-05-2023 01:46:43.702] - 	00000010  38 30 34 30 32 33 30 30 31 38 30 38 38 30 30 30  8040230018088000
[31-05-2023 01:46:43.702] - 	00000020  30 30 30 32 33 30 35 33 31 30 31 34 36 31 32 37  0002305310146127
[31-05-2023 01:46:43.702] - 	00000030  35 36 37 32 33 30 35 33 31 30 31 34 36 38 30 31  5672305310146801
[31-05-2023 01:46:43.702] - 	00000040  30 30 30 30 31 31 30 30 30 30 30 30 30 31 30 31  0000110000000101
[31-05-2023 01:46:43.702] - 	00000050  30 39 34 38 30 34 35 34 39 35 35 34 37 30 30 30  0948045495547000
[31-05-2023 01:46:43.702] - 	00000060  30 30 30 30 30                                   00000           
[31-05-2023 01:46:43.702] - 	
[31-05-2023 01:46:43.702] - ***********************************************************************
[31-05-2023 01:46:43.702] - INFO	:	Sending request to server	[...]
[31-05-2023 01:46:43.702] - INFO	:	Request sent to server
[31-05-2023 01:46:43.702] - ***********************************************************************
[31-05-2023 01:46:43.702] - INFO	:	Awating response from server [...]
[31-05-2023 01:46:43.702] - ***********************************************************************
[31-05-2023 01:46:43.710] - INFO	:	MTI 		:	[1804]
[31-05-2023 01:46:43.710] - INFO	:	Conn. state	:	[Sign-Off]
[31-05-2023 01:46:43.710] - INFO	:	ISO853 VERSION	:	[ISO 8583:1993]
[31-05-2023 01:46:43.710] - INFO	:	MESSAGE CLASS	:	[Network management]
[31-05-2023 01:46:43.710] - INFO	:	MESSAGE FUNC.	:	[Request]
[31-05-2023 01:46:43.710] - INFO	:	MESSAGE ORIGIN	:	[Other]
[31-05-2023 01:46:43.710] - ***********************************************************************
[31-05-2023 01:46:43.710] - DATA	:	Protocol id.	:	[ISO]
[31-05-2023 01:46:43.710] - DATA	:	Message header	:	[60100000]
[31-05-2023 01:46:43.710] - DATA	:	Bitmap HEX	:	[02 30 01 80 88 00 00 00]
[31-05-2023 01:46:43.710] - ***********************************************************************
[31-05-2023 01:46:43.710] - 	ISO Message Fields Data elements :
[31-05-2023 01:46:43.710] - 	[F007] [Transmission date & time (AAMMJJhhmm)] : ---------------------------- : 2305310146
[31-05-2023 01:46:43.710] - 	[F011] [System trace audit number (STAN)] : --------------------------------- : 822806
[31-05-2023 01:46:43.710] - 	[F012] [Local transaction time (AAMMJJhhmmss)] : ---------------------------- : 2305310146
[31-05-2023 01:46:43.710] - 	[F024] [Function code] : ---------------------------------------------------- : 801
[31-05-2023 01:46:43.710] - 	[F025] [Point of service condition code] : ---------------------------------- : 0000
[31-05-2023 01:46:43.710] - 	[F033] [Forwarding institution identification code] : ----------------------- : 00000001010
[31-05-2023 01:46:43.710] - 	[F037] [Retrieval reference number] : --------------------------------------- : 025474522881
[31-05-2023 01:46:43.710] - 	[F128] [Message authentication code] : -------------------------------------- : 00000000
[31-05-2023 01:46:43.710] - ***********************************************************************
[31-05-2023 01:46:43.710] - INFO	:	Packaging to ISO payload	[...]
[31-05-2023 01:46:43.710] - ***********************************************************************
[31-05-2023 01:46:43.710] - 
[31-05-2023 01:46:43.710] - 	  Offset  00 01 02 03 04 05 06 07 08 09 0A 0B 0C 0D 0E 0F
[31-05-2023 01:46:43.710] - 	00000000  30 31 34 35 49 53 4F 36 30 31 30 30 30 30 30 31  0145ISO601000001
[31-05-2023 01:46:43.710] - 	00000010  38 30 34 30 32 33 30 30 31 38 30 38 38 30 30 30  8040230018088000
[31-05-2023 01:46:43.710] - 	00000020  30 30 30 32 33 30 35 33 31 30 31 34 36 38 32 32  0002305310146822
[31-05-2023 01:46:43.710] - 	00000030  38 30 36 32 33 30 35 33 31 30 31 34 36 38 30 31  8062305310146801
[31-05-2023 01:46:43.710] - 	00000040  30 30 30 30 31 31 30 30 30 30 30 30 30 31 30 31  0000110000000101
[31-05-2023 01:46:43.710] - 	00000050  30 30 32 35 34 37 34 35 32 32 38 38 31 30 30 30  0025474522881000
[31-05-2023 01:46:43.710] - 	00000060  30 30 30 30 30                                   00000           
[31-05-2023 01:46:43.710] - 	
[31-05-2023 01:46:43.710] - ***********************************************************************
[31-05-2023 01:46:43.710] - INFO	:	Sending request to server	[...]
[31-05-2023 01:46:43.710] - INFO	:	Request sent to server
[31-05-2023 01:46:43.710] - ***********************************************************************
[31-05-2023 01:46:43.710] - INFO	:	Awating response from server [...]
[31-05-2023 01:46:43.710] - ***********************************************************************
[31-05-2023 01:46:48.713] - INFO	:	MTI 		:	[1804]
[31-05-2023 01:46:48.713] - INFO	:	Conn. state	:	[Sign-Off]
[31-05-2023 01:46:48.713] - INFO	:	ISO853 VERSION	:	[ISO 8583:1993]
[31-05-2023 01:46:48.713] - INFO	:	MESSAGE CLASS	:	[Network management]
[31-05-2023 01:46:48.713] - INFO	:	MESSAGE FUNC.	:	[Request]
[31-05-2023 01:46:48.713] - INFO	:	MESSAGE ORIGIN	:	[Other]
[31-05-2023 01:46:48.713] - ***********************************************************************
[31-05-2023 01:46:48.713] - DATA	:	Protocol id.	:	[ISO]
[31-05-2023 01:46:48.713] - DATA	:	Message header	:	[60100000]
[31-05-2023 01:46:48.713] - DATA	:	Bitmap HEX	:	[02 30 01 80 88 00 00 00]
[31-05-2023 01:46:48.713] - ***********************************************************************
[31-05-2023 01:46:48.713] - 	ISO Message Fields Data elements :
[31-05-2023 01:46:48.713] - 	[F007] [Transmission date & time (AAMMJJhhmm)] : ---------------------------- : 2305310146
[31-05-2023 01:46:48.713] - 	[F011] [System trace audit number (STAN)] : --------------------------------- : 211999
[31-05-2023 01:46:48.713] - 	[F012] [Local transaction time (AAMMJJhhmmss)] : ---------------------------- : 2305310146
[31-05-2023 01:46:48.713] - 	[F024] [Function code] : ---------------------------------------------------- : 801
[31-05-2023 01:46:48.713] - 	[F025] [Point of service condition code] : ---------------------------------- : 0000
[31-05-2023 01:46:48.713] - 	[F033] [Forwarding institution identification code] : ----------------------- : 00000001010
[31-05-2023 01:46:48.713] - 	[F037] [Retrieval reference number] : --------------------------------------- : 127231501166
[31-05-2023 01:46:48.713] - 	[F128] [Message authentication code] : -------------------------------------- : 00000000
[31-05-2023 01:46:48.713] - ***********************************************************************
[31-05-2023 01:46:48.713] - INFO	:	Packaging to ISO payload	[...]
[31-05-2023 01:46:48.713] - ***********************************************************************
[31-05-2023 01:46:48.713] - 
[31-05-2023 01:46:48.713] - 	  Offset  00 01 02 03 04 05 06 07 08 09 0A 0B 0C 0D 0E 0F
[31-05-2023 01:46:48.713] - 	00000000  30 31 34 35 49 53 4F 36 30 31 30 30 30 30 30 31  0145ISO601000001
[31-05-2023 01:46:48.713] - 	00000010  38 30 34 30 32 33 30 30 31 38 30 38 38 30 30 30  8040230018088000
[31-05-2023 01:46:48.713] - 	00000020  30 30 30 32 33 30 35 33 31 30 31 34 36 32 31 31  0002305310146211
[31-05-2023 01:46:48.713] - 	00000030  39 39 39 32 33 30 35 33 31 30 31 34 36 38 30 31  9992305310146801
[31-05-2023 01:46:48.713] - 	00000040  30 30 30 30 31 31 30 30 30 30 30 30 30 31 30 31  0000110000000101
[31-05-2023 01:46:48.713] - 	00000050  30 31 32 37 32 33 31 35 30 31 31 36 36 30 30 30  0127231501166000
[31-05-2023 01:46:48.713] - 	00000060  30 30 30 30 30                                   00000           
[31-05-2023 01:46:48.713] - 	
[31-05-2023 01:46:48.713] - ***********************************************************************
[31-05-2023 01:46:48.713] - INFO	:	Sending request to server	[...]
[31-05-2023 01:46:48.713] - INFO	:	Request sent to server
[31-05-2023 01:46:48.713] - ***********************************************************************
[31-05-2023 01:46:48.713] - INFO	:	Awating response from server [...]
[31-05-2023 01:46:48.713] - ***********************************************************************
[31-05-2023 01:46:33.681] - *************************************************************************************************
[31-05-2023 01:46:33.681] - WARN	:	Conn. set to Sign-Off. No reponse from server to network message request
[31-05-2023 01:46:33.681] - *************************************************************************************************
[31-05-2023 01:46:48.720] - INFO	:	MTI 		:	[1804]
[31-05-2023 01:46:48.720] - INFO	:	Conn. state	:	[Sign-Off]
[31-05-2023 01:46:48.720] - INFO	:	ISO853 VERSION	:	[ISO 8583:1993]
[31-05-2023 01:46:48.720] - INFO	:	MESSAGE CLASS	:	[Network management]
[31-05-2023 01:46:48.720] - INFO	:	MESSAGE FUNC.	:	[Request]
[31-05-2023 01:46:48.720] - INFO	:	MESSAGE ORIGIN	:	[Other]
[31-05-2023 01:46:48.720] - ***********************************************************************
[31-05-2023 01:46:48.720] - DATA	:	Protocol id.	:	[ISO]
[31-05-2023 01:46:48.720] - DATA	:	Message header	:	[60100000]
[31-05-2023 01:46:48.720] - DATA	:	Bitmap HEX	:	[02 30 01 80 88 00 00 00]
[31-05-2023 01:46:48.720] - ***********************************************************************
[31-05-2023 01:46:48.720] - 	ISO Message Fields Data elements :
[31-05-2023 01:46:48.720] - 	[F007] [Transmission date & time (AAMMJJhhmm)] : ---------------------------- : 2305310146
[31-05-2023 01:46:48.720] - 	[F011] [System trace audit number (STAN)] : --------------------------------- : 635431
[31-05-2023 01:46:48.720] - 	[F012] [Local transaction time (AAMMJJhhmmss)] : ---------------------------- : 2305310146
[31-05-2023 01:46:48.720] - 	[F024] [Function code] : ---------------------------------------------------- : 801
[31-05-2023 01:46:48.720] - 	[F025] [Point of service condition code] : ---------------------------------- : 0000
[31-05-2023 01:46:48.720] - 	[F033] [Forwarding institution identification code] : ----------------------- : 00000001010
[31-05-2023 01:46:48.720] - 	[F037] [Retrieval reference number] : --------------------------------------- : 533237234761
[31-05-2023 01:46:48.720] - 	[F128] [Message authentication code] : -------------------------------------- : 00000000
[31-05-2023 01:46:48.720] - ***********************************************************************
[31-05-2023 01:46:48.720] - INFO	:	Packaging to ISO payload	[...]
[31-05-2023 01:46:48.720] - ***********************************************************************
[31-05-2023 01:46:48.720] - 
[31-05-2023 01:46:48.720] - 	  Offset  00 01 02 03 04 05 06 07 08 09 0A 0B 0C 0D 0E 0F
[31-05-2023 01:46:48.720] - 	00000000  30 31 34 35 49 53 4F 36 30 31 30 30 30 30 30 31  0145ISO601000001
[31-05-2023 01:46:48.720] - 	00000010  38 30 34 30 32 33 30 30 31 38 30 38 38 30 30 30  8040230018088000
[31-05-2023 01:46:48.720] - 	00000020  30 30 30 32 33 30 35 33 31 30 31 34 36 36 33 35  0002305310146635
[31-05-2023 01:46:48.720] - 	00000030  34 33 31 32 33 30 35 33 31 30 31 34 36 38 30 31  4312305310146801
[31-05-2023 01:46:48.720] - 	00000040  30 30 30 30 31 31 30 30 30 30 30 30 30 31 30 31  0000110000000101
[31-05-2023 01:46:48.720] - 	00000050  30 35 33 33 32 33 37 32 33 34 37 36 31 30 30 30  0533237234761000
[31-05-2023 01:46:48.720] - 	00000060  30 30 30 30 30                                   00000           
[31-05-2023 01:46:48.720] - 	
[31-05-2023 01:46:48.720] - ***********************************************************************
[31-05-2023 01:46:48.720] - INFO	:	Sending request to server	[...]
[31-05-2023 01:46:48.720] - INFO	:	Request sent to server
[31-05-2023 01:46:48.720] - ***********************************************************************
[31-05-2023 01:46:48.720] - INFO	:	Awating response from server [...]
[31-05-2023 01:46:48.720] - ***********************************************************************
[31-05-2023 01:46:33.682] - *************************************************************************************************
[31-05-2023 01:46:33.682] - WARN	:	Conn. set to Sign-Off. No reponse from server to network message request
[31-05-2023 01:46:33.682] - *************************************************************************************************
