[22-05-2023 19:43:33.849] - **********************************************************************************************************************
[22-05-2023 19:43:33.849] - INFO	:	TLS Client initialization	[...]
[22-05-2023 19:43:33.849] - INFO	:	Attempt to connect to server	[...]
[22-05-2023 19:43:33.849] - INFO	:	Connection Request Sent
[22-05-2023 19:43:33.849] - INFO	:	Checking server certificate	[...]
[22-05-2023 19:43:33.849] - INFO	:	Authorized server
[22-05-2023 19:43:33.849] - INFO	:	Connected successfully to TLS server
[22-05-2023 19:43:33.849] - ***********************************************************************
[22-05-2023 19:43:33.849] - INFO	:	Connection state : 	[Sign-OFF]
[22-05-2023 19:43:33.849] - INFO	:	ISO853 VERSION	:	[ISO 8583:1993]
[22-05-2023 19:43:33.849] - INFO	:	MESSAGE CLASS	:	[Network management]
[22-05-2023 19:43:33.849] - INFO	:	MESSAGE FUNC.	:	[Request]
[22-05-2023 19:43:33.849] - INFO	:	MESSAGE ORIGIN	:	[Other]
[22-05-2023 19:43:33.849] - ***********************************************************************
[22-05-2023 19:43:33.849] - DATA	:	Protocol id.	:	[ISO]
[22-05-2023 19:43:33.849] - DATA	:	Message header	:	[60100000]
[22-05-2023 19:43:33.849] - DATA	:	Message MTI	:	[1804]
[22-05-2023 19:43:33.849] - DATA	:	Bitmap HEX	:	[02 30 01 80 88 00 00 00]
[22-05-2023 19:43:33.849] - ***********************************************************************
[22-05-2023 19:43:33.849] - 	ISO Message Fields Data elements :
[22-05-2023 19:43:33.849] - 	[F007] [Transmission date & time (AAMMJJhhmm)] : ---------------------------- : 2305221943
[22-05-2023 19:43:33.849] - 	[F011] [System trace audit number (STAN)] : --------------------------------- : 560115
[22-05-2023 19:43:33.849] - 	[F012] [Local transaction time (AAMMJJhhmmss)] : ---------------------------- : 2305221943
[22-05-2023 19:43:33.849] - 	[F024] [Function code] : ---------------------------------------------------- : 801
[22-05-2023 19:43:33.849] - 	[F025] [Point of service condition code] : ---------------------------------- : 0000
[22-05-2023 19:43:33.849] - 	[F033] [Forwarding institution identification code] : ----------------------- : 00000001010
[22-05-2023 19:43:33.849] - 	[F037] [Retrieval reference number] : --------------------------------------- : 765764532603
[22-05-2023 19:43:33.849] - 	[F128] [Message authentication code] : -------------------------------------- : 00000000
[22-05-2023 19:43:33.849] - ***********************************************************************
[22-05-2023 19:43:33.849] - INFO	:	Packaging to ISO payload	[...]
[22-05-2023 19:43:33.849] - ***********************************************************************
[22-05-2023 19:43:33.849] - 
[22-05-2023 19:43:33.849] - 	  Offset  00 01 02 03 04 05 06 07 08 09 0A 0B 0C 0D 0E 0F
[22-05-2023 19:43:33.849] - 	00000000  30 31 34 35 49 53 4F 36 30 31 30 30 30 30 30 31  0145ISO601000001
[22-05-2023 19:43:33.849] - 	00000010  38 30 34 30 32 33 30 30 31 38 30 38 38 30 30 30  8040230018088000
[22-05-2023 19:43:33.849] - 	00000020  30 30 30 32 33 30 35 32 32 31 39 34 33 35 36 30  0002305221943560
[22-05-2023 19:43:33.849] - 	00000030  31 31 35 32 33 30 35 32 32 31 39 34 33 38 30 31  1152305221943801
[22-05-2023 19:43:33.849] - 	00000040  30 30 30 30 31 31 30 30 30 30 30 30 30 31 30 31  0000110000000101
[22-05-2023 19:43:33.849] - 	00000050  30 37 36 35 37 36 34 35 33 32 36 30 33 30 30 30  0765764532603000
[22-05-2023 19:43:33.849] - 	00000060  30 30 30 30 30                                   00000           
[22-05-2023 19:43:33.849] - 	
[22-05-2023 19:43:33.849] - ***********************************************************************
[22-05-2023 19:43:33.849] - INFO	:	Sending request to server	[...]
[22-05-2023 19:43:33.849] - INFO	:	Request sent to server
[22-05-2023 19:43:33.849] - ***********************************************************************
[22-05-2023 19:43:33.849] - INFO	:	Awating response from server [...]
[22-05-2023 19:43:33.849] - ***********************************************************************
[22-05-2023 19:43:33.915] - INFO	: Client recieved response from server
[22-05-2023 19:43:33.915] - DATA	: Payload data recieved
[22-05-2023 19:43:33.915] - 02107230058020C08200002016485078000047812300300100040041000007010082013054601100661816001201215082013060002200305602400320002500100350374850781234567891=19082012232800000037037012708981921851038006VaHYUU0390010041008009924680420150001246421246430490036430552609f2608571f1e10d4fa4aac9f2701809f100706010a03a4b8029f37045bb074729f3602000c950500800010009a031508189c01009f02060000000010005f2a02064382023c009f1a0206439f03060000000000009f3303e0f0c89f34034403029f3501229f1e0835313230323831358407a00000000310109f41030000565f340101
[22-05-2023 19:43:33.915] - INFO	: Unpacking in ISO message [...]
[22-05-2023 19:43:33.915] - INFO	: Successfull
[22-05-2023 19:43:33.915] - DATA	: Data Fields
[22-05-2023 19:43:33.915] - ***********************************************************************
[22-05-2023 19:43:33.915] - ***********************************************************************
[22-05-2023 19:43:33.915] - INFO	: Awating data to send to server [...]
[22-05-2023 19:43:33.915] - ***********************************************************************

