[19-05-2023 00:56:48.191] - **********************************************************************************************************************
[19-05-2023 00:56:48.191] - INFO	:	TLS Client initialization	[...]
[19-05-2023 00:56:48.191] - INFO	:	Attempt to connect to server	[...]
[19-05-2023 00:56:48.191] - INFO	:	Connection Request Sent
[19-05-2023 00:56:48.191] - INFO	:	Checking server certificate	[...]
[19-05-2023 00:56:48.191] - INFO	:	Authorized server
[19-05-2023 00:56:48.191] - INFO	:	Connected successfully to TLS server
[19-05-2023 00:56:48.191] - ***********************************************************************
[19-05-2023 00:56:48.191] - INFO	:	Connection state : Sign-OFF
[19-05-2023 00:56:48.191] - INFO	:	Correct MTI Length
[19-05-2023 00:56:48.191] - INFO	:	ISO853 VERSION	:	[ISO 8583:1993]
[19-05-2023 00:56:48.191] - INFO	:	MESSAGE CLASS	:	[Network management]
[19-05-2023 00:56:48.191] - INFO	:	MESSAGE FUNC.	:	[Request]
[19-05-2023 00:56:48.191] - INFO	:	MESSAGE ORIGIN	:	[Other]
[19-05-2023 00:56:48.191] - ***********************************************************************
[19-05-2023 00:56:48.191] - DATA	:	Protocol id.	:	[ISO]
[19-05-2023 00:56:48.191] - DATA	:	Message header	:	[60100000]
[19-05-2023 00:56:48.191] - DATA	:	Message MTI	:	[1804]
[19-05-2023 00:56:48.191] - DATA	:	Bitmap HEX	:	[02 30 01 80 88 00 00 00]
[19-05-2023 00:56:48.191] - ***********************************************************************
[19-05-2023 00:56:48.191] - 	ISO Message Fields Data elements :
[19-05-2023 00:56:48.191] - 	[F007] [Transmission date & time (AAMMJJhhmm)] : ---------------------------- : 04242023
[19-05-2023 00:56:48.191] - 	[F011] [System trace audit number (STAN)] : --------------------------------- : 123456
[19-05-2023 00:56:48.191] - 	[F012] [Local transaction time (AAMMJJhhmmss)] : ---------------------------- : 230424120000
[19-05-2023 00:56:48.191] - 	[F024] [Function code] : ---------------------------------------------------- : 801
[19-05-2023 00:56:48.191] - 	[F025] [Point of service condition code] : ---------------------------------- : 1234
[19-05-2023 00:56:48.191] - 	[F033] [Forwarding institution identification code] : ----------------------- : 00000001010
[19-05-2023 00:56:48.191] - 	[F037] [Retrieval reference number] : --------------------------------------- : 000000000000
[19-05-2023 00:56:48.191] - 	[F128] [Message authentication code] : -------------------------------------- : 00000000
[19-05-2023 00:56:48.191] - INFO	:	Packaging to ISO payload	[...]
[19-05-2023 00:56:48.191] - ERROR	:	Packaging to ISO payload failed

[19-05-2023 00:56:52.528] - INFO	:	JSON Data recieved
[19-05-2023 00:56:52.528] - INFO	:	Correct MTI Length
[19-05-2023 00:56:52.528] - INFO	:	ISO853 VERSION	:	[ISO 8583:1987]
[19-05-2023 00:56:52.528] - INFO	:	MESSAGE CLASS	:	[Financial]
[19-05-2023 00:56:52.528] - INFO	:	MESSAGE FUNC.	:	[Request]
[19-05-2023 00:56:52.528] - INFO	:	MESSAGE ORIGIN	:	[Acquirer]
[19-05-2023 00:56:52.528] - ***********************************************************************
[19-05-2023 00:56:52.528] - DATA	:	Protocol id.	:	[ISO]
[19-05-2023 00:56:52.528] - DATA	:	Message header	:	[60100000]
[19-05-2023 00:56:52.528] - DATA	:	Message MTI	:	[0200]
[19-05-2023 00:56:52.528] - DATA	:	Bitmap HEX	:	[F2 30 05 80 20 C0 82 00 00 00 00 00 10 00 00 01]
[19-05-2023 00:56:52.528] - ***********************************************************************
[19-05-2023 00:56:52.528] - DATA	ISO Message Fields Data elements :
[19-05-2023 00:56:52.528] - 	[F002] [Primary account number (PAN)] : ------------------------------------- : 4850781234567891
[19-05-2023 00:56:52.528] - 	[F003] [Processing Code] : -------------------------------------------------- : 123456
[19-05-2023 00:56:52.528] - 	[F004] [Amount Transaction] : ----------------------------------------------- : 100000
[19-05-2023 00:56:52.528] - 	[F007] [Transmission date & time (AAMMJJhhmm)] : ---------------------------- : 04242023
[19-05-2023 00:56:52.528] - 	[F011] [System trace audit number (STAN)] : --------------------------------- : 618160
[19-05-2023 00:56:52.528] - 	[F012] [Local transaction time (AAMMJJhhmmss)] : ---------------------------- : 150820130600
[19-05-2023 00:56:52.528] - 	[F022] [Point of service entry mode] : -------------------------------------- : 056
[19-05-2023 00:56:52.528] - 	[F024] [Function code] : ---------------------------------------------------- : 200
[19-05-2023 00:56:52.528] - 	[F025] [Point of service condition code] : ---------------------------------- : 0
[19-05-2023 00:56:52.528] - 	[F035] [Track 2 data] : ----------------------------------------------------- : 4850781234567891=19082012232800000037
[19-05-2023 00:56:52.528] - 	[F041] [Card acceptor terminal identification] : ---------------------------- : 000124642124643
[19-05-2023 00:56:52.528] - 	[F042] [Card acceptor identification code] : -------------------------------- : 000124642124643
[19-05-2023 00:56:52.528] - 	[F049] [Currency code] : ---------------------------------------------------- : 643
[19-05-2023 00:56:52.528] -		[F055] [ICC data – EMV having multiple tags] :
[19-05-2023 00:56:52.528] -			9F26 : -------- : 571F1E10D4FA4AAC
[19-05-2023 00:56:52.528] -			9F27 : -------- : 80
[19-05-2023 00:56:52.528] -			9F10 : -------- : 06010A03A4B802
[19-05-2023 00:56:52.528] -			9F37 : -------- : 5BB07472
[19-05-2023 00:56:52.528] -			9F36 : -------- : 000C
[19-05-2023 00:56:52.528] -			  95 : -------- : 0080001000
[19-05-2023 00:56:52.528] -			  9A : -------- : 150818
[19-05-2023 00:56:52.528] -			  9C : -------- : 00
[19-05-2023 00:56:52.528] -			9F02 : -------- : 000000001000
[19-05-2023 00:56:52.528] -			5F2A : -------- : 0643
[19-05-2023 00:56:52.528] -			  82 : -------- : 3C00
[19-05-2023 00:56:52.528] -			9F1A : -------- : 0643
[19-05-2023 00:56:52.528] -			9F03 : -------- : 000000000000
[19-05-2023 00:56:52.528] -			9F33 : -------- : E0F0C8
[19-05-2023 00:56:52.528] -			9F34 : -------- : 440302
[19-05-2023 00:56:52.528] -			9F35 : -------- : 22
[19-05-2023 00:56:52.528] -			9F1E : -------- : 3531323032383135
[19-05-2023 00:56:52.528] -			  84 : -------- : A0000000031010
[19-05-2023 00:56:52.528] -			9F41 : -------- : 000056
[19-05-2023 00:56:52.528] -			5F34 : -------- : 01
[19-05-2023 00:56:52.528] - 	[F100] [NO DESC] : ---------------------------------------------------------- : 1111111111111
[19-05-2023 00:56:52.528] - 	[F128] [Message authentication code] : -------------------------------------- : 1111111111111
[19-05-2023 00:56:52.528] - INFO	:	Packaging to ISO payload	[...]
[19-05-2023 00:56:52.528] - ERROR	:	Packaging to ISO payload failed

