[07-05-2023 14:37:03.307] - **********************************************************************************************************************
[07-05-2023 14:37:03.307] - INFO	:	TLS Client initialization	[...]
[07-05-2023 14:37:03.307] - INFO	:	Attempt to connect to server	[...]
[07-05-2023 14:37:03.307] - INFO	:	Connection Request Sent
[07-05-2023 14:37:03.307] - INFO	:	Checking server certificate	[...]
[07-05-2023 14:37:03.307] - INFO	:	Authorized server
[07-05-2023 14:37:03.307] - INFO	:	Connected successfully to TLS server
[07-05-2023 14:37:03.307] - ***********************************************************************
[07-05-2023 14:37:03.307] - INFO	:	Awating data to send to server	[...]
[07-05-2023 14:37:03.307] - ***********************************************************************
[07-05-2023 14:37:07.145] - INFO	:	JSON Data recieved
[07-05-2023 14:37:07.145] - INFO	:	Correct MTI Length
[07-05-2023 14:37:07.145] - INFO	:	ISO853 VERSION	:	[ISO 8583:1987]
[07-05-2023 14:37:07.145] - INFO	:	MESSAGE CLASS	:	[Financial]
[07-05-2023 14:37:07.145] - INFO	:	MESSAGE FUNC.	:	[Request]
[07-05-2023 14:37:07.145] - INFO	:	MESSAGE ORIGIN	:	[Acquirer]
[07-05-2023 14:37:07.145] - ***********************************************************************
[07-05-2023 14:37:07.145] - DATA	:	Message length	:	[0503]
[07-05-2023 14:37:07.145] - DATA	:	Protocol id.	:	[ISO]
[07-05-2023 14:37:07.145] - DATA	:	Message header	:	[60100000]
[07-05-2023 14:37:07.145] - DATA	:	Message MTI	:	[0200]
[07-05-2023 14:37:07.145] - DATA	:	Bitmap HEX	:	[F2 30 05 80 20 C0 82 00 00 00 00 00 10 00 00 01]
[07-05-2023 14:37:07.145] - ***********************************************************************
[07-05-2023 14:37:07.145] - DATA	ISO Message Fields Data elements :
[07-05-2023 14:37:07.145] - 	[F002] [Primary account number (PAN)][1] : ---------------------------------- : 4850781234567891
[07-05-2023 14:37:07.145] - 	[F003] [Processing Code][0] : ----------------------------------------------- : 123456
[07-05-2023 14:37:07.145] - 	[F004] [Amount Transaction][0] : -------------------------------------------- : 100000
[07-05-2023 14:37:07.145] - 	[F007] [Transmission date & time][0] : -------------------------------------- : 04242023
[07-05-2023 14:37:07.145] - 	[F011] [System trace audit number (STAN)][0] : ------------------------------ : 618160
[07-05-2023 14:37:07.145] - 	[F012] [Local transaction time (hhmmss)][0] : ------------------------------- : 150820130600
[07-05-2023 14:37:07.145] - 	[F022] [Point of service entry mode][0] : ----------------------------------- : 056
[07-05-2023 14:37:07.145] - 	[F024] [Function code / Network international identifier (NII)][0] : -------- : 200
[07-05-2023 14:37:07.145] - 	[F025] [Point of service condition code][0] : ------------------------------- : 0
[07-05-2023 14:37:07.145] - 	[F035] [Track 2 data][1] : -------------------------------------------------- : 4850781234567891=19082012232800000037
[07-05-2023 14:37:07.145] - 	[F041] [Card acceptor terminal identification][0] : ------------------------- : 000124642124643
[07-05-2023 14:37:07.145] - 	[F042] [Card acceptor identification code][0] : ----------------------------- : 000124642124643
[07-05-2023 14:37:07.145] - 	[F049] [Currency code][0] : ------------------------------------------------- : 643
[07-05-2023 14:37:07.145] -		[F055] [ICC data – EMV having multiple tags] :
[07-05-2023 14:37:07.145] -			9F26 : -------- : 571F1E10D4FA4AAC
[07-05-2023 14:37:07.145] -			9F27 : -------- : 80
[07-05-2023 14:37:07.145] -			9F10 : -------- : 06010A03A4B802
[07-05-2023 14:37:07.145] -			9F37 : -------- : 5BB07472
[07-05-2023 14:37:07.145] -			9F36 : -------- : 000C
[07-05-2023 14:37:07.145] -			  95 : -------- : 0080001000
[07-05-2023 14:37:07.145] -			  9A : -------- : 150818
[07-05-2023 14:37:07.145] -			  9C : -------- : 00
[07-05-2023 14:37:07.145] -			9F02 : -------- : 000000001000
[07-05-2023 14:37:07.145] -			5F2A : -------- : 0643
[07-05-2023 14:37:07.145] -			  82 : -------- : 3C00
[07-05-2023 14:37:07.145] -			9F1A : -------- : 0643
[07-05-2023 14:37:07.145] -			9F03 : -------- : 000000000000
[07-05-2023 14:37:07.145] -			9F33 : -------- : E0F0C8
[07-05-2023 14:37:07.145] -			9F34 : -------- : 440302
[07-05-2023 14:37:07.145] -			9F35 : -------- : 22
[07-05-2023 14:37:07.145] -			9F1E : -------- : 3531323032383135
[07-05-2023 14:37:07.145] -			  84 : -------- : A0000000031010
[07-05-2023 14:37:07.145] -			9F41 : -------- : 000056
[07-05-2023 14:37:07.145] -			5F34 : -------- : 01
[07-05-2023 14:37:07.145] - 	[F100] [NO DESC] : ---------------------------------------------------------- : 1111111111111
[07-05-2023 14:37:07.145] - 	[F128] [NO DESC] : ---------------------------------------------------------- : 1111111111111
[07-05-2023 14:37:07.145] - 	Payload Hexdump :
[07-05-2023 14:37:07.145] - 	  Offset  00 01 02 03 04 05 06 07 08 09 0A 0B 0C 0D 0E 0F
[07-05-2023 14:37:07.145] - 	00000000  30 35 30 33 49 53 4F 36 30 31 30 30 30 30 30 30  0503ISO601000000
[07-05-2023 14:37:07.145] - 	00000010  32 30 30 46 32 33 30 30 35 38 30 32 30 43 30 38  200F230058020C08
[07-05-2023 14:37:07.145] - 	00000020  32 30 30 30 30 30 30 30 30 30 30 31 30 30 30 30  2000000000010000
[07-05-2023 14:37:07.145] - 	00000030  30 30 31 31 36 34 38 35 30 37 38 31 32 33 34 35  0011648507812345
[07-05-2023 14:37:07.145] - 	00000040  36 37 38 39 31 31 32 33 34 35 36 31 30 30 30 30  6789112345610000
[07-05-2023 14:37:07.145] - 	00000050  30 30 34 32 34 32 30 32 33 36 31 38 31 36 30 31  0042420236181601
[07-05-2023 14:37:07.145] - 	00000060  35 30 38 32 30 31 33 30 36 30 30 30 35 36 32 30  5082013060005620
[07-05-2023 14:37:07.145] - 	00000070  30 30 33 37 34 38 35 30 37 38 31 32 33 34 35 36  0037485078123456
[07-05-2023 14:37:07.145] - 	00000080  37 38 39 31 3D 31 39 30 38 32 30 31 32 32 33 32  7891=19082012232
[07-05-2023 14:37:07.145] - 	00000090  38 30 30 30 30 30 30 33 37 30 30 30 31 32 34 36  8000000370001246
[07-05-2023 14:37:07.145] - 	000000A0  34 32 31 32 34 36 34 33 30 30 30 31 32 34 36 34  4212464300012464
[07-05-2023 14:37:07.145] - 	000000B0  32 31 32 34 36 34 33 36 34 33 32 36 30 39 66 32  21246436432609f2
[07-05-2023 14:37:07.145] - 	000000C0  36 30 38 35 37 31 66 31 65 31 30 64 34 66 61 34  608571f1e10d4fa4
[07-05-2023 14:37:07.145] - 	000000D0  61 61 63 39 66 32 37 30 31 38 30 39 66 31 30 30  aac9f2701809f100
[07-05-2023 14:37:07.145] - 	000000E0  37 30 36 30 31 30 61 30 33 61 34 62 38 30 32 39  706010a03a4b8029
[07-05-2023 14:37:07.145] - 	000000F0  66 33 37 30 34 35 62 62 30 37 34 37 32 39 66 33  f37045bb074729f3
[07-05-2023 14:37:07.145] - 	00000100  36 30 32 30 30 30 63 39 35 30 35 30 30 38 30 30  602000c950500800
[07-05-2023 14:37:07.145] - 	00000110  30 31 30 30 30 39 61 30 33 31 35 30 38 31 38 39  010009a031508189
[07-05-2023 14:37:07.145] - 	00000120  63 30 31 30 30 39 66 30 32 30 36 30 30 30 30 30  c01009f020600000
[07-05-2023 14:37:07.145] - 	00000130  30 30 30 31 30 30 30 35 66 32 61 30 32 30 36 34  00010005f2a02064
[07-05-2023 14:37:07.145] - 	00000140  33 38 32 30 32 33 63 30 30 39 66 31 61 30 32 30  382023c009f1a020
[07-05-2023 14:37:07.145] - 	00000150  36 34 33 39 66 30 33 30 36 30 30 30 30 30 30 30  6439f03060000000
[07-05-2023 14:37:07.145] - 	00000160  30 30 30 30 30 39 66 33 33 30 33 65 30 66 30 63  000009f3303e0f0c
[07-05-2023 14:37:07.145] - 	00000170  38 39 66 33 34 30 33 34 34 30 33 30 32 39 66 33  89f34034403029f3
[07-05-2023 14:37:07.145] - 	00000180  35 30 31 32 32 39 66 31 65 30 38 33 35 33 31 33  501229f1e0835313
[07-05-2023 14:37:07.145] - 	00000190  32 33 30 33 32 33 38 33 31 33 35 38 34 30 37 61  230323831358407a
[07-05-2023 14:37:07.145] - 	000001A0  30 30 30 30 30 30 30 30 33 31 30 31 30 39 66 34  00000000310109f4
[07-05-2023 14:37:07.145] - 	000001B0  31 30 33 30 30 30 30 35 36 35 66 33 34 30 31 30  1030000565f34010
[07-05-2023 14:37:07.145] - 	000001C0  31 31 31 31 31 31 31 31 31 31 31 31 32 34 31 31  1111111111112411
[07-05-2023 14:37:07.145] - 	000001D0  31 31 31 31 31 31 31 31 31 31 31                 11111111111     
[07-05-2023 14:37:07.145] - 	
[07-05-2023 14:37:07.145] - INFO	Request sent to server
[07-05-2023 14:37:07.145] - ***********************************************************************
[07-05-2023 14:37:07.145] - INFO	:	Awating response from server [...]
[07-05-2023 14:37:07.145] - ***********************************************************************
[07-05-2023 14:37:07.159] - INFO	: Client recieved response from server
[07-05-2023 14:37:07.159] - DATA	: Payload data recieved
[07-05-2023 14:37:07.159] - 02107230058020C08200002016485078000047812300300100040041000007010082013054601100661816001201215082013060002200305602400320002500100350374850781234567891=19082012232800000037037012708981921851038006VaHYUU0390010041008009924680420150001246421246430490036430552609f2608571f1e10d4fa4aac9f2701809f100706010a03a4b8029f37045bb074729f3602000c950500800010009a031508189c01009f02060000000010005f2a02064382023c009f1a0206439f03060000000000009f3303e0f0c89f34034403029f3501229f1e0835313230323831358407a00000000310109f41030000565f340101
[07-05-2023 14:37:07.159] - INFO	: Unpacking in ISO message [...]
[07-05-2023 14:37:07.159] - INFO	: Successfull
[07-05-2023 14:37:07.159] - DATA	: Data Fields
[07-05-2023 14:37:07.159] - ***********************************************************************
[07-05-2023 14:37:07.159] - ***********************************************************************
[07-05-2023 14:37:07.159] - INFO	: Awating data to send to server [...]
[07-05-2023 14:37:07.159] - ***********************************************************************

[07-05-2023 14:42:43.133] - **********************************************************************************************************************
[07-05-2023 14:42:43.133] - INFO	:	TLS Client initialization	[...]
[07-05-2023 14:42:43.133] - INFO	:	Attempt to connect to server	[...]
[07-05-2023 14:42:43.133] - INFO	:	Connection Request Sent
[07-05-2023 14:42:43.133] - INFO	:	Checking server certificate	[...]
[07-05-2023 14:42:43.133] - INFO	:	Authorized server
[07-05-2023 14:42:43.133] - INFO	:	Connected successfully to TLS server
[07-05-2023 14:42:43.133] - ***********************************************************************
[07-05-2023 14:42:43.133] - INFO	:	Awating data to send to server	[...]
[07-05-2023 14:42:43.133] - ***********************************************************************
[07-05-2023 14:42:45.804] - INFO	:	JSON Data recieved
[07-05-2023 14:42:45.804] - INFO	:	Correct MTI Length
[07-05-2023 14:42:45.804] - INFO	:	ISO853 VERSION	:	[ISO 8583:1987]
[07-05-2023 14:42:45.804] - INFO	:	MESSAGE CLASS	:	[Financial]
[07-05-2023 14:42:45.804] - INFO	:	MESSAGE FUNC.	:	[Request]
[07-05-2023 14:42:45.804] - INFO	:	MESSAGE ORIGIN	:	[Acquirer]
[07-05-2023 14:42:45.804] - ***********************************************************************
[07-05-2023 14:42:45.804] - DATA	:	Message length	:	[0505]
[07-05-2023 14:42:45.804] - DATA	:	Protocol id.	:	[ISO]
[07-05-2023 14:42:45.804] - DATA	:	Message header	:	[60100000]
[07-05-2023 14:42:45.804] - DATA	:	Message MTI	:	[0200]
[07-05-2023 14:42:45.804] - DATA	:	Bitmap HEX	:	[F2 30 05 80 20 C0 82 00 00 00 00 00 10 00 00 01]
[07-05-2023 14:42:45.804] - ***********************************************************************
[07-05-2023 14:42:45.804] - DATA	ISO Message Fields Data elements :
[07-05-2023 14:42:45.804] - 	[F002] [Primary account number (PAN)][1] : ---------------------------------- : 4850781234567891
[07-05-2023 14:42:45.804] - 	[F003] [Processing Code][0] : ----------------------------------------------- : 123456
[07-05-2023 14:42:45.804] - 	[F004] [Amount Transaction][0] : -------------------------------------------- : 100000
[07-05-2023 14:42:45.804] - 	[F007] [Transmission date & time][0] : -------------------------------------- : 04242023
[07-05-2023 14:42:45.804] - 	[F011] [System trace audit number (STAN)][0] : ------------------------------ : 618160
[07-05-2023 14:42:45.804] - 	[F012] [Local transaction time (hhmmss)][0] : ------------------------------- : 150820130600
[07-05-2023 14:42:45.804] - 	[F022] [Point of service entry mode][0] : ----------------------------------- : 056
[07-05-2023 14:42:45.804] - 	[F024] [Function code / Network international identifier (NII)][0] : -------- : 200
[07-05-2023 14:42:45.804] - 	[F025] [Point of service condition code][0] : ------------------------------- : 0
[07-05-2023 14:42:45.804] - 	[F035] [Track 2 data][1] : -------------------------------------------------- : 4850781234567891=19082012232800000037
[07-05-2023 14:42:45.804] - 	[F041] [Card acceptor terminal identification][0] : ------------------------- : 000124642124643
[07-05-2023 14:42:45.804] - 	[F042] [Card acceptor identification code][0] : ----------------------------- : 000124642124643
[07-05-2023 14:42:45.804] - 	[F049] [Currency code][0] : ------------------------------------------------- : 643
[07-05-2023 14:42:45.804] -		[F055] [ICC data – EMV having multiple tags] :
[07-05-2023 14:42:45.804] -			9F26 : -------- : 571F1E10D4FA4AAC
[07-05-2023 14:42:45.804] -			9F27 : -------- : 80
[07-05-2023 14:42:45.804] -			9F10 : -------- : 06010A03A4B802
[07-05-2023 14:42:45.804] -			9F37 : -------- : 5BB07472
[07-05-2023 14:42:45.804] -			9F36 : -------- : 000C
[07-05-2023 14:42:45.804] -			  95 : -------- : 0080001000
[07-05-2023 14:42:45.804] -			  9A : -------- : 150818
[07-05-2023 14:42:45.804] -			  9C : -------- : 00
[07-05-2023 14:42:45.804] -			9F02 : -------- : 000000001000
[07-05-2023 14:42:45.804] -			5F2A : -------- : 0643
[07-05-2023 14:42:45.804] -			  82 : -------- : 3C00
[07-05-2023 14:42:45.804] -			9F1A : -------- : 0643
[07-05-2023 14:42:45.804] -			9F03 : -------- : 000000000000
[07-05-2023 14:42:45.804] -			9F33 : -------- : E0F0C8
[07-05-2023 14:42:45.804] -			9F34 : -------- : 440302
[07-05-2023 14:42:45.804] -			9F35 : -------- : 22
[07-05-2023 14:42:45.804] -			9F1E : -------- : 3531323032383135
[07-05-2023 14:42:45.804] -			  84 : -------- : A0000000031010
[07-05-2023 14:42:45.804] -			9F41 : -------- : 000056
[07-05-2023 14:42:45.804] -			5F34 : -------- : 01
[07-05-2023 14:42:45.804] - 	[F100] [NO DESC] : ---------------------------------------------------------- : 1111111111111
[07-05-2023 14:42:45.804] - 	[F128] [NO DESC] : ---------------------------------------------------------- : 1111111111111
[07-05-2023 14:42:45.804] - 	Payload Hexdump :
[07-05-2023 14:42:45.804] - 	  Offset  00 01 02 03 04 05 06 07 08 09 0A 0B 0C 0D 0E 0F
[07-05-2023 14:42:45.804] - 	00000000  30 35 30 35 49 53 4F 36 30 31 30 30 30 30 30 30  0505ISO601000000
[07-05-2023 14:42:45.804] - 	00000010  32 30 30 46 32 33 30 30 35 38 30 32 30 43 30 38  200F230058020C08
[07-05-2023 14:42:45.804] - 	00000020  32 30 30 30 30 30 30 30 30 30 30 31 30 30 30 30  2000000000010000
[07-05-2023 14:42:45.804] - 	00000030  30 30 31 31 36 34 38 35 30 37 38 31 32 33 34 35  0011648507812345
[07-05-2023 14:42:45.804] - 	00000040  36 37 38 39 31 31 32 33 34 35 36 31 30 30 30 30  6789112345610000
[07-05-2023 14:42:45.804] - 	00000050  30 30 34 32 34 32 30 32 33 36 31 38 31 36 30 31  0042420236181601
[07-05-2023 14:42:45.804] - 	00000060  35 30 38 32 30 31 33 30 36 30 30 30 35 36 32 30  5082013060005620
[07-05-2023 14:42:45.804] - 	00000070  30 30 33 37 34 38 35 30 37 38 31 32 33 34 35 36  0037485078123456
[07-05-2023 14:42:45.804] - 	00000080  37 38 39 31 3D 31 39 30 38 32 30 31 32 32 33 32  7891=19082012232
[07-05-2023 14:42:45.804] - 	00000090  38 30 30 30 30 30 30 33 37 30 30 30 31 32 34 36  8000000370001246
[07-05-2023 14:42:45.804] - 	000000A0  34 32 31 32 34 36 34 33 30 30 30 31 32 34 36 34  4212464300012464
[07-05-2023 14:42:45.804] - 	000000B0  32 31 32 34 36 34 33 36 34 33 32 36 30 39 66 32  21246436432609f2
[07-05-2023 14:42:45.804] - 	000000C0  36 30 38 35 37 31 66 31 65 31 30 64 34 66 61 34  608571f1e10d4fa4
[07-05-2023 14:42:45.804] - 	000000D0  61 61 63 39 66 32 37 30 31 38 30 39 66 31 30 30  aac9f2701809f100
[07-05-2023 14:42:45.804] - 	000000E0  37 30 36 30 31 30 61 30 33 61 34 62 38 30 32 39  706010a03a4b8029
[07-05-2023 14:42:45.804] - 	000000F0  66 33 37 30 34 35 62 62 30 37 34 37 32 39 66 33  f37045bb074729f3
[07-05-2023 14:42:45.804] - 	00000100  36 30 32 30 30 30 63 39 35 30 35 30 30 38 30 30  602000c950500800
[07-05-2023 14:42:45.804] - 	00000110  30 31 30 30 30 39 61 30 33 31 35 30 38 31 38 39  010009a031508189
[07-05-2023 14:42:45.804] - 	00000120  63 30 31 30 30 39 66 30 32 30 36 30 30 30 30 30  c01009f020600000
[07-05-2023 14:42:45.804] - 	00000130  30 30 30 31 30 30 30 35 66 32 61 30 32 30 36 34  00010005f2a02064
[07-05-2023 14:42:45.804] - 	00000140  33 38 32 30 32 33 63 30 30 39 66 31 61 30 32 30  382023c009f1a020
[07-05-2023 14:42:45.804] - 	00000150  36 34 33 39 66 30 33 30 36 30 30 30 30 30 30 30  6439f03060000000
[07-05-2023 14:42:45.804] - 	00000160  30 30 30 30 30 39 66 33 33 30 33 65 30 66 30 63  000009f3303e0f0c
[07-05-2023 14:42:45.804] - 	00000170  38 39 66 33 34 30 33 34 34 30 33 30 32 39 66 33  89f34034403029f3
[07-05-2023 14:42:45.804] - 	00000180  35 30 31 32 32 39 66 31 65 30 38 33 35 33 31 33  501229f1e0835313
[07-05-2023 14:42:45.804] - 	00000190  32 33 30 33 32 33 38 33 31 33 35 38 34 30 37 61  230323831358407a
[07-05-2023 14:42:45.804] - 	000001A0  30 30 30 30 30 30 30 30 33 31 30 31 30 39 66 34  00000000310109f4
[07-05-2023 14:42:45.804] - 	000001B0  31 30 33 30 30 30 30 35 36 35 66 33 34 30 31 30  1030000565f34010
[07-05-2023 14:42:45.804] - 	000001C0  31 31 33 31 31 31 31 31 31 31 31 31 31 31 31 31  1131111111111111
[07-05-2023 14:42:45.804] - 	000001D0  31 31 31 31 31 31 31 31 31 31 31 31 31           1111111111111   
[07-05-2023 14:42:45.804] - 	
[07-05-2023 14:42:45.804] - INFO	Request sent to server
[07-05-2023 14:42:45.804] - ***********************************************************************
[07-05-2023 14:42:45.804] - INFO	:	Awating response from server [...]
[07-05-2023 14:42:45.804] - ***********************************************************************
[07-05-2023 14:42:45.811] - INFO	: Client recieved response from server
[07-05-2023 14:42:45.811] - DATA	: Payload data recieved
[07-05-2023 14:42:45.811] - 02107230058020C08200002016485078000047812300300100040041000007010082013054601100661816001201215082013060002200305602400320002500100350374850781234567891=19082012232800000037037012708981921851038006VaHYUU0390010041008009924680420150001246421246430490036430552609f2608571f1e10d4fa4aac9f2701809f100706010a03a4b8029f37045bb074729f3602000c950500800010009a031508189c01009f02060000000010005f2a02064382023c009f1a0206439f03060000000000009f3303e0f0c89f34034403029f3501229f1e0835313230323831358407a00000000310109f41030000565f340101
[07-05-2023 14:42:45.811] - INFO	: Unpacking in ISO message [...]
[07-05-2023 14:42:45.811] - INFO	: Successfull
[07-05-2023 14:42:45.811] - DATA	: Data Fields
[07-05-2023 14:42:45.811] - ***********************************************************************
[07-05-2023 14:42:45.811] - ***********************************************************************
[07-05-2023 14:42:45.811] - INFO	: Awating data to send to server [...]
[07-05-2023 14:42:45.811] - ***********************************************************************

