[06-05-2023 14:07:15.370] - INFO	:	JSON Data recieved
[06-05-2023 14:07:15.370] - INFO	:	Correct MTI Length
[06-05-2023 14:07:15.370] - INFO	:	ISO853 VERSION	:	[ISO 8583:1987]
[06-05-2023 14:07:15.370] - INFO	:	MESSAGE CLASS	:	[Financial]
[06-05-2023 14:07:15.370] - INFO	:	MESSAGE FUNC.	:	[Request]
[06-05-2023 14:07:15.370] - INFO	:	MESSAGE ORIGIN	:	[Acquirer]
[06-05-2023 14:07:15.370] - ***********************************************************************
[06-05-2023 14:07:15.370] - DATA	:	Message length	:	[0496]
[06-05-2023 14:07:15.370] - DATA	:	Protocol id.	:	[ISO]
[06-05-2023 14:07:15.370] - DATA	:	Message header	:	[60100000]
[06-05-2023 14:07:15.370] - DATA	:	Message MTI	:	[0200]
[06-05-2023 14:07:15.370] - DATA	:	Bitmap HEX	:	[F2 30 05 80 20 C0 82 00 00 00 00 00 10 00 00 01]
[06-05-2023 14:07:15.370] - ***********************************************************************
[06-05-2023 14:07:15.370] - DATA	ISO Message Fields Data elements :
[06-05-2023 14:07:15.370] - 	[F002] [Primary account number (PAN)] : ------------------------------------- : 4850781234567891
[06-05-2023 14:07:15.370] - 	[F003] [Processing Code] : -------------------------------------------------- : 123456
[06-05-2023 14:07:15.370] - 	[F004] [Amount Transaction] : ----------------------------------------------- : 100000
[06-05-2023 14:07:15.370] - 	[F007] [Transmission date & time] : ----------------------------------------- : 04242023
[06-05-2023 14:07:15.370] - 	[F011] [System trace audit number (STAN)] : --------------------------------- : 618160
[06-05-2023 14:07:15.370] - 	[F012] [Local transaction time (hhmmss)] : ---------------------------------- : 150820130600
[06-05-2023 14:07:15.370] - 	[F022] [Point of service entry mode] : -------------------------------------- : 056
[06-05-2023 14:07:15.370] - 	[F024] [Function code / Network international identifier (NII)] : ----------- : 200
[06-05-2023 14:07:15.370] - 	[F025] [Point of service condition code] : ---------------------------------- : 0
[06-05-2023 14:07:15.370] - 	[F035] [Track 2 data] : ----------------------------------------------------- : 4850781234567891=19082012232800000037
[06-05-2023 14:07:15.370] - 	[F041] [Card acceptor terminal identification] : ---------------------------- : 000124642124643
[06-05-2023 14:07:15.370] - 	[F042] [Card acceptor identification code] : -------------------------------- : 000124642124643
[06-05-2023 14:07:15.370] - 	[F049] [Currency code] : ---------------------------------------------------- : 643
[06-05-2023 14:07:15.370] -		[F055] [ICC data – EMV having multiple tags] :
[06-05-2023 14:07:15.370] -			9F26 : -------- : 571F1E10D4FA4AAC
[06-05-2023 14:07:15.370] -			9F27 : -------- : 80
[06-05-2023 14:07:15.370] -			9F10 : -------- : 06010A03A4B802
[06-05-2023 14:07:15.370] -			9F37 : -------- : 5BB07472
[06-05-2023 14:07:15.370] -			9F36 : -------- : 000C
[06-05-2023 14:07:15.370] -			  95 : -------- : 0080001000
[06-05-2023 14:07:15.370] -			  9A : -------- : 150818
[06-05-2023 14:07:15.370] -			  9C : -------- : 00
[06-05-2023 14:07:15.370] -			9F02 : -------- : 000000001000
[06-05-2023 14:07:15.370] -			5F2A : -------- : 0643
[06-05-2023 14:07:15.370] -			  82 : -------- : 3C00
[06-05-2023 14:07:15.370] -			9F1A : -------- : 0643
[06-05-2023 14:07:15.370] -			9F03 : -------- : 000000000000
[06-05-2023 14:07:15.370] -			9F33 : -------- : E0F0C8
[06-05-2023 14:07:15.370] -			9F34 : -------- : 440302
[06-05-2023 14:07:15.370] -			9F35 : -------- : 22
[06-05-2023 14:07:15.370] -			9F1E : -------- : 3531323032383135
[06-05-2023 14:07:15.370] -			  84 : -------- : A0000000031010
[06-05-2023 14:07:15.370] -			9F41 : -------- : 000056
[06-05-2023 14:07:15.370] -			5F34 : -------- : 01
[06-05-2023 14:07:15.370] - 	[F100] [NO DESC] : ---------------------------------------------------------- : 1111111111111
[06-05-2023 14:07:15.370] - 	[F128] [NO DESC] : ---------------------------------------------------------- : 1111111111111
[06-05-2023 14:07:15.370] - 	Payload Hexdump :
[06-05-2023 14:07:15.370] - 	  Offset  00 01 02 03 04 05 06 07 08 09 0A 0B 0C 0D 0E 0F
[06-05-2023 14:07:15.370] - 	00000000  30 34 39 36 49 53 4F 36 30 31 30 30 30 30 30 30  0496ISO601000000
[06-05-2023 14:07:15.370] - 	00000010  32 30 30 46 32 33 30 30 35 38 30 32 30 43 30 38  200F230058020C08
[06-05-2023 14:07:15.370] - 	00000020  32 30 30 30 30 30 30 30 30 30 30 31 30 30 30 30  2000000000010000
[06-05-2023 14:07:15.370] - 	00000030  30 30 31 34 38 35 30 37 38 31 32 33 34 35 36 37  0014850781234567
[06-05-2023 14:07:15.370] - 	00000040  38 39 31 31 32 33 34 35 36 31 30 30 30 30 30 30  8911234561000000
[06-05-2023 14:07:15.370] - 	00000050  34 32 34 32 30 32 33 36 31 38 31 36 30 31 35 30  4242023618160150
[06-05-2023 14:07:15.370] - 	00000060  38 32 30 31 33 30 36 30 30 30 35 36 32 30 30 30  8201306000562000
[06-05-2023 14:07:15.370] - 	00000070  34 38 35 30 37 38 31 32 33 34 35 36 37 38 39 31  4850781234567891
[06-05-2023 14:07:15.370] - 	00000080  3D 31 39 30 38 32 30 31 32 32 33 32 38 30 30 30  =190820122328000
[06-05-2023 14:07:15.370] - 	00000090  30 30 30 33 37 30 30 30 31 32 34 36 34 32 31 32  0003700012464212
[06-05-2023 14:07:15.370] - 	000000A0  34 36 34 33 30 30 30 31 32 34 36 34 32 31 32 34  4643000124642124
[06-05-2023 14:07:15.370] - 	000000B0  36 34 33 36 34 33 39 66 32 36 30 38 35 37 31 66  6436439f2608571f
[06-05-2023 14:07:15.370] - 	000000C0  31 65 31 30 64 34 66 61 34 61 61 63 39 66 32 37  1e10d4fa4aac9f27
[06-05-2023 14:07:15.370] - 	000000D0  30 31 38 30 39 66 31 30 30 37 30 36 30 31 30 61  01809f100706010a
[06-05-2023 14:07:15.370] - 	000000E0  30 33 61 34 62 38 30 32 39 66 33 37 30 34 35 62  03a4b8029f37045b
[06-05-2023 14:07:15.370] - 	000000F0  62 30 37 34 37 32 39 66 33 36 30 32 30 30 30 63  b074729f3602000c
[06-05-2023 14:07:15.370] - 	00000100  39 35 30 35 30 30 38 30 30 30 31 30 30 30 39 61  950500800010009a
[06-05-2023 14:07:15.370] - 	00000110  30 33 31 35 30 38 31 38 39 63 30 31 30 30 39 66  031508189c01009f
[06-05-2023 14:07:15.370] - 	00000120  30 32 30 36 30 30 30 30 30 30 30 30 31 30 30 30  0206000000001000
[06-05-2023 14:07:15.370] - 	00000130  35 66 32 61 30 32 30 36 34 33 38 32 30 32 33 63  5f2a02064382023c
[06-05-2023 14:07:15.370] - 	00000140  30 30 39 66 31 61 30 32 30 36 34 33 39 66 30 33  009f1a0206439f03
[06-05-2023 14:07:15.370] - 	00000150  30 36 30 30 30 30 30 30 30 30 30 30 30 30 39 66  060000000000009f
[06-05-2023 14:07:15.370] - 	00000160  33 33 30 33 65 30 66 30 63 38 39 66 33 34 30 33  3303e0f0c89f3403
[06-05-2023 14:07:15.370] - 	00000170  34 34 30 33 30 32 39 66 33 35 30 31 32 32 39 66  4403029f3501229f
[06-05-2023 14:07:15.370] - 	00000180  31 65 30 38 33 35 33 31 33 32 33 30 33 32 33 38  1e08353132303238
[06-05-2023 14:07:15.370] - 	00000190  33 31 33 35 38 34 30 37 61 30 30 30 30 30 30 30  31358407a0000000
[06-05-2023 14:07:15.370] - 	000001A0  30 33 31 30 31 30 39 66 34 31 30 33 30 30 30 30  0310109f41030000
[06-05-2023 14:07:15.370] - 	000001B0  35 36 35 66 33 34 30 31 30 31 31 31 31 31 31 31  565f340101111111
[06-05-2023 14:07:15.370] - 	000001C0  31 31 31 31 31 31 31 31 31 31 31 31 31 31 31 31  1111111111111111
[06-05-2023 14:07:15.370] - 	000001D0  31 31 31 31                                      1111            
[06-05-2023 14:07:15.370] - 	
[06-05-2023 14:07:15.370] - INFO	Request sent to server
[06-05-2023 14:07:15.370] - ***********************************************************************
[06-05-2023 14:07:15.370] - INFO	:	Awating response from server [...]
[06-05-2023 14:07:15.370] - ***********************************************************************
[06-05-2023 14:07:15.372] - INFO	: Client recieved response from server
[06-05-2023 14:07:15.372] - DATA	: Payload data recieved
[06-05-2023 14:07:15.372] - 02107230058020C08200002016485078000047812300300100040041000007010082013054601100661816001201215082013060002200305602400320002500100350374850781234567891=19082012232800000037037012708981921851038006VaHYUU0390010041008009924680420150001246421246430490036430552609f2608571f1e10d4fa4aac9f2701809f100706010a03a4b8029f37045bb074729f3602000c950500800010009a031508189c01009f02060000000010005f2a02064382023c009f1a0206439f03060000000000009f3303e0f0c89f34034403029f3501229f1e0835313230323831358407a00000000310109f41030000565f340101
[06-05-2023 14:07:15.372] - INFO	: Unpacking in ISO message [...]
[06-05-2023 14:07:15.372] - INFO	: Successfull
[06-05-2023 14:07:15.372] - DATA	: Data Fields
[06-05-2023 14:07:15.372] - ***********************************************************************
[06-05-2023 14:07:15.372] - ***********************************************************************
[06-05-2023 14:07:15.372] - INFO	: Awating data to send to server [...]
[06-05-2023 14:07:15.372] - ***********************************************************************

