[30-05-2023 19:21:43.944] - **********************************************************************************************************************
[30-05-2023 19:21:43.944] - INFO	:	TLS Client initialization	[...]
[30-05-2023 19:21:43.944] - INFO	:	Attempt to connect to server	[...]
[30-05-2023 19:21:43.944] - INFO	:	Connection Request Sent

[30-05-2023 19:21:43.944] - INFO	:	Checking server certificate	[...]
[30-05-2023 19:21:43.944] - INFO	:	Authorized server
[30-05-2023 19:21:43.944] - INFO	:	Connected successfully to TLS server
[30-05-2023 19:21:43.944] - ***********************************************************************
[30-05-2023 19:21:43.986] - INFO	:	Connection state : 	[Sign-Off]
[30-05-2023 19:21:43.986] - INFO	:	ISO853 VERSION	:	[ISO 8583:1993]
[30-05-2023 19:21:43.986] - INFO	:	MESSAGE CLASS	:	[Network management]
[30-05-2023 19:21:43.986] - INFO	:	MESSAGE FUNC.	:	[Request]
[30-05-2023 19:21:43.986] - INFO	:	MESSAGE ORIGIN	:	[Other]
[30-05-2023 19:21:43.986] - ***********************************************************************
[30-05-2023 19:21:43.986] - DATA	:	Protocol id.	:	[ISO]
[30-05-2023 19:21:43.986] - DATA	:	Message header	:	[60100000]
[30-05-2023 19:21:43.986] - DATA	:	Message MTI	:	[1804]
[30-05-2023 19:21:43.986] - DATA	:	Bitmap HEX	:	[02 30 01 80 88 00 00 00]
[30-05-2023 19:21:43.986] - ***********************************************************************
[30-05-2023 19:21:43.986] - 	ISO Message Fields Data elements :
[30-05-2023 19:21:43.986] - 	[F007] [Transmission date & time (AAMMJJhhmm)] : ---------------------------- : 2305301921
[30-05-2023 19:21:43.986] - 	[F011] [System trace audit number (STAN)] : --------------------------------- : 875203
[30-05-2023 19:21:43.986] - 	[F012] [Local transaction time (AAMMJJhhmmss)] : ---------------------------- : 2305301921
[30-05-2023 19:21:43.986] - 	[F024] [Function code] : ---------------------------------------------------- : 801
[30-05-2023 19:21:43.986] - 	[F025] [Point of service condition code] : ---------------------------------- : 0000
[30-05-2023 19:21:43.986] - 	[F033] [Forwarding institution identification code] : ----------------------- : 00000001010
[30-05-2023 19:21:43.986] - 	[F037] [Retrieval reference number] : --------------------------------------- : 606366641529
[30-05-2023 19:21:43.986] - 	[F128] [Message authentication code] : -------------------------------------- : 00000000
[30-05-2023 19:21:43.986] - ***********************************************************************
[30-05-2023 19:21:43.986] - INFO	:	Packaging to ISO payload	[...]
[30-05-2023 19:21:43.986] - ***********************************************************************
[30-05-2023 19:21:43.986] - 
[30-05-2023 19:21:43.986] - 	  Offset  00 01 02 03 04 05 06 07 08 09 0A 0B 0C 0D 0E 0F
[30-05-2023 19:21:43.986] - 	00000000  30 31 34 35 49 53 4F 36 30 31 30 30 30 30 30 31  0145ISO601000001
[30-05-2023 19:21:43.986] - 	00000010  38 30 34 30 32 33 30 30 31 38 30 38 38 30 30 30  8040230018088000
[30-05-2023 19:21:43.986] - 	00000020  30 30 30 32 33 30 35 33 30 31 39 32 31 38 37 35  0002305301921875
[30-05-2023 19:21:43.986] - 	00000030  32 30 33 32 33 30 35 33 30 31 39 32 31 38 30 31  2032305301921801
[30-05-2023 19:21:43.986] - 	00000040  30 30 30 30 31 31 30 30 30 30 30 30 30 31 30 31  0000110000000101
[30-05-2023 19:21:43.986] - 	00000050  30 36 30 36 33 36 36 36 34 31 35 32 39 30 30 30  0606366641529000
[30-05-2023 19:21:43.986] - 	00000060  30 30 30 30 30                                   00000           
[30-05-2023 19:21:43.986] - 	
[30-05-2023 19:21:43.986] - ***********************************************************************
[30-05-2023 19:21:43.986] - INFO	:	Sending request to server	[...]
[30-05-2023 19:21:43.986] - INFO	:	Request sent to server
[30-05-2023 19:21:43.986] - ***********************************************************************
[30-05-2023 19:21:43.986] - INFO	:	Awating response from server [...]
[30-05-2023 19:21:43.986] - ***********************************************************************
