[01-06-2023 20:27:32.111] - **********************************************************************************************************************
[01-06-2023 20:27:32.111] - INFO	:	TLS Client initialization	[...]
[01-06-2023 20:27:32.111] - INFO	:	Attempt to connect to server	[...]
[01-06-2023 20:27:32.111] - INFO	:	Connection Request Sent
[01-06-2023 20:27:32.111] - INFO	:	Checking server certificate	[...]
[01-06-2023 20:27:32.111] - INFO	:	Authorized server
[01-06-2023 20:27:32.111] - INFO	:	Connected successfully to TLS server
[01-06-2023 20:27:32.111] - ***********************************************************************
[01-06-2023 20:27:37.185] - INFO	:	MTI 		:	[1804]
[01-06-2023 20:27:37.185] - INFO	:	Conn. state	:	[undefined]
[01-06-2023 20:27:37.185] - INFO	:	ISO853 VERSION	:	[ISO 8583:1993]
[01-06-2023 20:27:37.185] - INFO	:	MESSAGE CLASS	:	[Network management]
[01-06-2023 20:27:37.185] - INFO	:	MESSAGE FUNC.	:	[Request]
[01-06-2023 20:27:37.185] - INFO	:	MESSAGE ORIGIN	:	[Other]
[01-06-2023 20:27:37.185] - ***********************************************************************
[01-06-2023 20:27:37.185] - DATA	:	Protocol id.	:	[ISO]
[01-06-2023 20:27:37.185] - DATA	:	Message header	:	[60100000]
[01-06-2023 20:27:37.185] - DATA	:	Bitmap HEX	:	[02 30 01 80 88 00 00 00 00 00 00 00 00 00 00 01]
[01-06-2023 20:27:37.185] - ***********************************************************************
[01-06-2023 20:27:37.185] - 	ISO Message Fields Data elements :
[01-06-2023 20:27:37.185] - 	[F007] [Transmission date & time (AAMMJJhhmm)] : ---------------------------- : 2306012027
[01-06-2023 20:27:37.185] - 	[F011] [System trace audit number (STAN)] : --------------------------------- : 493642
[01-06-2023 20:27:37.185] - 	[F012] [Local transaction time (AAMMJJhhmmss)] : ---------------------------- : 2306012027
[01-06-2023 20:27:37.185] - 	[F024] [Function code] : ---------------------------------------------------- : 801
[01-06-2023 20:27:37.185] - 	[F025] [Point of service condition code] : ---------------------------------- : 0000
[01-06-2023 20:27:37.185] - 	[F033] [Forwarding institution identification code] : ----------------------- : 00000001010
[01-06-2023 20:27:37.185] - 	[F037] [Retrieval reference number] : --------------------------------------- : 321327619884
[01-06-2023 20:27:37.185] - 	[F128] [Message authentication code] : -------------------------------------- : 00000000
[01-06-2023 20:27:37.185] - ***********************************************************************
[01-06-2023 20:27:37.185] - INFO	:	Packaging to ISO payload	[...]
[01-06-2023 20:27:37.185] - ***********************************************************************
[01-06-2023 20:27:37.185] - 
[01-06-2023 20:27:37.185] - 	  Offset  00 01 02 03 04 05 06 07 08 09 0A 0B 0C 0D 0E 0F
[01-06-2023 20:27:37.185] - 	00000000  30 31 34 35 49 53 4F 36 30 31 30 30 30 30 30 31  0145ISO601000001
[01-06-2023 20:27:37.185] - 	00000010  38 30 34 30 32 33 30 30 31 38 30 38 38 30 30 30  8040230018088000
[01-06-2023 20:27:37.185] - 	00000020  30 30 30 30 30 30 30 30 30 30 30 30 30 30 30 30  0000000000000000
[01-06-2023 20:27:37.185] - 	00000030  30 30 31 32 33 30 36 30 31 32 30 32 37 34 39 33  0012306012027493
[01-06-2023 20:27:37.185] - 	00000040  36 34 32 32 33 30 36 30 31 32 30 32 37 38 30 31  6422306012027801
[01-06-2023 20:27:37.185] - 	00000050  30 30 30 30 31 31 30 30 30 30 30 30 30 31 30 31  0000110000000101
[01-06-2023 20:27:37.185] - 	00000060  30 33 32 31 33 32 37 36 31 39 38 38 34 30 30 30  0321327619884000
[01-06-2023 20:27:37.185] - 	00000070  30 30 30 30 30                                   00000           
[01-06-2023 20:27:37.185] - 	
[01-06-2023 20:27:37.185] - ***********************************************************************
[01-06-2023 20:27:37.185] - INFO	:	Sending request to server	[...]
[01-06-2023 20:27:37.185] - INFO	:	Request sent to server
[01-06-2023 20:27:37.185] - ***********************************************************************
[01-06-2023 20:27:37.185] - INFO	:	Awating response from server [...]
[01-06-2023 20:27:37.185] - ***********************************************************************
[01-06-2023 20:27:37.209] - INFO	:	ISO853 VERSION	:	[ISO 8583:1993]
[01-06-2023 20:27:37.209] - INFO	:	MESSAGE CLASS	:	[Network management]
[01-06-2023 20:27:37.209] - INFO	:	MESSAGE FUNC.	:	[Request response]
[01-06-2023 20:27:37.209] - INFO	:	MESSAGE ORIGIN	:	[Other]
[01-06-2023 20:27:37.209] - ***********************************************************************
[01-06-2023 20:27:37.209] - DATA	:	Protocol id.	:	[ISO]
[01-06-2023 20:27:37.209] - DATA	:	Message header	:	[60100000]
[01-06-2023 20:27:37.209] - DATA	:	Message MTI	:	[1814]
[01-06-2023 20:27:37.209] - DATA	:	Bitmap HEX	:	[023000008A000000]
[01-06-2023 20:27:37.209] - ***********************************************************************
[01-06-2023 20:27:37.209] - 	ISO Message Fields Data elements :
[01-06-2023 20:27:37.209] - 	[F011] [System trace audit number (STAN)] : --------------------------------- : 345623
[01-06-2023 20:27:37.209] - 	[F012] [Local transaction time (AAMMJJhhmmss)] : ---------------------------- : 042412000011
[01-06-2023 20:27:37.209] - 	[F033] [Forwarding institution identification code] : ----------------------- : 
[01-06-2023 20:27:37.209] - 	[F037] [Retrieval reference number] : --------------------------------------- : 000001010000
[01-06-2023 20:27:37.209] - 	[F039] [NO DESC] : ---------------------------------------------------------- : 
[01-06-2023 20:27:37.209] - INFO	:	Packaging to ISO payload	[...]

