[31-05-2023 00:02:03.473] - **********************************************************************************************************************
[31-05-2023 00:02:03.473] - INFO	:	TLS Client initialization	[...]
[31-05-2023 00:02:03.473] - INFO	:	Attempt to connect to server	[...]
[31-05-2023 00:02:03.473] - INFO	:	Connection Request Sent
[31-05-2023 00:02:03.473] - INFO	:	Checking server certificate	[...]
[31-05-2023 00:02:03.473] - INFO	:	Authorized server
[31-05-2023 00:02:03.473] - INFO	:	Connected successfully to TLS server
[31-05-2023 00:02:03.473] - ***********************************************************************
[31-05-2023 00:02:03.515] - INFO	:	Connection state : 	[Sign-OFF]
[31-05-2023 00:02:03.515] - INFO	:	ISO853 VERSION	:	[ISO 8583:1993]
[31-05-2023 00:02:03.515] - INFO	:	MESSAGE CLASS	:	[Network management]
[31-05-2023 00:02:03.515] - INFO	:	MESSAGE FUNC.	:	[Request]
[31-05-2023 00:02:03.515] - INFO	:	MESSAGE ORIGIN	:	[Other]
[31-05-2023 00:02:03.515] - ***********************************************************************
[31-05-2023 00:02:03.515] - DATA	:	Protocol id.	:	[ISO]
[31-05-2023 00:02:03.515] - DATA	:	Message header	:	[60100000]
[31-05-2023 00:02:03.515] - DATA	:	Message MTI	:	[1804]
[31-05-2023 00:02:03.515] - DATA	:	Bitmap HEX	:	[02 30 01 80 88 00 00 00]
[31-05-2023 00:02:03.515] - ***********************************************************************
[31-05-2023 00:02:03.515] - 	ISO Message Fields Data elements :
[31-05-2023 00:02:03.515] - 	[F007] [Transmission date & time (AAMMJJhhmm)] : ---------------------------- : 2305310002
[31-05-2023 00:02:03.515] - 	[F011] [System trace audit number (STAN)] : --------------------------------- : 255790
[31-05-2023 00:02:03.515] - 	[F012] [Local transaction time (AAMMJJhhmmss)] : ---------------------------- : 2305310002
[31-05-2023 00:02:03.515] - 	[F024] [Function code] : ---------------------------------------------------- : 801
[31-05-2023 00:02:03.515] - 	[F025] [Point of service condition code] : ---------------------------------- : 0000
[31-05-2023 00:02:03.515] - 	[F033] [Forwarding institution identification code] : ----------------------- : 00000001010
[31-05-2023 00:02:03.515] - 	[F037] [Retrieval reference number] : --------------------------------------- : 540372974853
[31-05-2023 00:02:03.515] - 	[F128] [Message authentication code] : -------------------------------------- : 00000000
[31-05-2023 00:02:03.515] - ***********************************************************************
[31-05-2023 00:02:03.515] - INFO	:	Packaging to ISO payload	[...]
[31-05-2023 00:02:03.515] - ***********************************************************************
[31-05-2023 00:02:03.515] - 
[31-05-2023 00:02:03.515] - 	  Offset  00 01 02 03 04 05 06 07 08 09 0A 0B 0C 0D 0E 0F
[31-05-2023 00:02:03.515] - 	00000000  30 31 34 35 49 53 4F 36 30 31 30 30 30 30 30 31  0145ISO601000001
[31-05-2023 00:02:03.515] - 	00000010  38 30 34 30 32 33 30 30 31 38 30 38 38 30 30 30  8040230018088000
[31-05-2023 00:02:03.515] - 	00000020  30 30 30 32 33 30 35 33 31 30 30 30 32 32 35 35  0002305310002255
[31-05-2023 00:02:03.515] - 	00000030  37 39 30 32 33 30 35 33 31 30 30 30 32 38 30 31  7902305310002801
[31-05-2023 00:02:03.515] - 	00000040  30 30 30 30 31 31 30 30 30 30 30 30 30 31 30 31  0000110000000101
[31-05-2023 00:02:03.515] - 	00000050  30 35 34 30 33 37 32 39 37 34 38 35 33 30 30 30  0540372974853000
[31-05-2023 00:02:03.515] - 	00000060  30 30 30 30 30                                   00000           
[31-05-2023 00:02:03.515] - 	
[31-05-2023 00:02:03.515] - ***********************************************************************
[31-05-2023 00:02:03.515] - INFO	:	Sending request to server	[...]
[31-05-2023 00:02:03.515] - INFO	:	Request sent to server
[31-05-2023 00:02:03.515] - ***********************************************************************
[31-05-2023 00:02:03.515] - INFO	:	Awating response from server [...]
[31-05-2023 00:02:03.515] - ***********************************************************************
