[30-05-2023 23:58:07.224] - **********************************************************************************************************************
[30-05-2023 23:58:07.224] - INFO	:	TLS Client initialization	[...]
[30-05-2023 23:58:07.224] - INFO	:	Attempt to connect to server	[...]
[30-05-2023 23:58:07.224] - INFO	:	Connection Request Sent
[30-05-2023 23:58:07.224] - INFO	:	Checking server certificate	[...]
[30-05-2023 23:58:07.224] - INFO	:	Authorized server
[30-05-2023 23:58:07.224] - INFO	:	Connected successfully to TLS server
[30-05-2023 23:58:07.224] - ***********************************************************************
[30-05-2023 23:58:07.271] - INFO	:	Connection state : 	[Sign-OFF]
[30-05-2023 23:58:07.271] - INFO	:	ISO853 VERSION	:	[ISO 8583:1993]
[30-05-2023 23:58:07.271] - INFO	:	MESSAGE CLASS	:	[Network management]
[30-05-2023 23:58:07.271] - INFO	:	MESSAGE FUNC.	:	[Request]
[30-05-2023 23:58:07.271] - INFO	:	MESSAGE ORIGIN	:	[Other]
[30-05-2023 23:58:07.271] - ***********************************************************************
[30-05-2023 23:58:07.271] - DATA	:	Protocol id.	:	[ISO]
[30-05-2023 23:58:07.271] - DATA	:	Message header	:	[60100000]
[30-05-2023 23:58:07.271] - DATA	:	Message MTI	:	[1804]
[30-05-2023 23:58:07.271] - DATA	:	Bitmap HEX	:	[02 30 01 80 88 00 00 00]
[30-05-2023 23:58:07.271] - ***********************************************************************
[30-05-2023 23:58:07.271] - 	ISO Message Fields Data elements :
[30-05-2023 23:58:07.271] - 	[F007] [Transmission date & time (AAMMJJhhmm)] : ---------------------------- : 2305302358
[30-05-2023 23:58:07.271] - 	[F011] [System trace audit number (STAN)] : --------------------------------- : 503017
[30-05-2023 23:58:07.271] - 	[F012] [Local transaction time (AAMMJJhhmmss)] : ---------------------------- : 2305302358
[30-05-2023 23:58:07.271] - 	[F024] [Function code] : ---------------------------------------------------- : 801
[30-05-2023 23:58:07.271] - 	[F025] [Point of service condition code] : ---------------------------------- : 0000
[30-05-2023 23:58:07.271] - 	[F033] [Forwarding institution identification code] : ----------------------- : 00000001010
[30-05-2023 23:58:07.271] - 	[F037] [Retrieval reference number] : --------------------------------------- : 665557409984
[30-05-2023 23:58:07.271] - 	[F128] [Message authentication code] : -------------------------------------- : 00000000
[30-05-2023 23:58:07.271] - ***********************************************************************
[30-05-2023 23:58:07.271] - INFO	:	Packaging to ISO payload	[...]
[30-05-2023 23:58:07.271] - ***********************************************************************
[30-05-2023 23:58:07.271] - 
[30-05-2023 23:58:07.271] - 	  Offset  00 01 02 03 04 05 06 07 08 09 0A 0B 0C 0D 0E 0F
[30-05-2023 23:58:07.271] - 	00000000  30 31 34 35 49 53 4F 36 30 31 30 30 30 30 30 31  0145ISO601000001
[30-05-2023 23:58:07.271] - 	00000010  38 30 34 30 32 33 30 30 31 38 30 38 38 30 30 30  8040230018088000
[30-05-2023 23:58:07.271] - 	00000020  30 30 30 32 33 30 35 33 30 32 33 35 38 35 30 33  0002305302358503
[30-05-2023 23:58:07.271] - 	00000030  30 31 37 32 33 30 35 33 30 32 33 35 38 38 30 31  0172305302358801
[30-05-2023 23:58:07.271] - 	00000040  30 30 30 30 31 31 30 30 30 30 30 30 30 31 30 31  0000110000000101
[30-05-2023 23:58:07.271] - 	00000050  30 36 36 35 35 35 37 34 30 39 39 38 34 30 30 30  0665557409984000
[30-05-2023 23:58:07.271] - 	00000060  30 30 30 30 30                                   00000           
[30-05-2023 23:58:07.271] - 	
[30-05-2023 23:58:07.271] - ***********************************************************************
[30-05-2023 23:58:07.271] - INFO	:	Sending request to server	[...]
[30-05-2023 23:58:07.271] - INFO	:	Request sent to server
[30-05-2023 23:58:07.271] - ***********************************************************************
[30-05-2023 23:58:07.271] - INFO	:	Awating response from server [...]
[30-05-2023 23:58:07.271] - ***********************************************************************
[30-05-2023 23:59:28.349] - **********************************************************************************************************************
[30-05-2023 23:59:28.349] - INFO	:	TLS Client initialization	[...]
[30-05-2023 23:59:28.349] - INFO	:	Attempt to connect to server	[...]
[30-05-2023 23:59:28.349] - INFO	:	Connection Request Sent
[30-05-2023 23:59:28.349] - INFO	:	Checking server certificate	[...]
[30-05-2023 23:59:28.349] - INFO	:	Authorized server
[30-05-2023 23:59:28.349] - INFO	:	Connected successfully to TLS server
[30-05-2023 23:59:28.349] - ***********************************************************************
[30-05-2023 23:59:28.394] - INFO	:	Connection state : 	[Sign-OFF]
[30-05-2023 23:59:28.394] - INFO	:	ISO853 VERSION	:	[ISO 8583:1993]
[30-05-2023 23:59:28.394] - INFO	:	MESSAGE CLASS	:	[Network management]
[30-05-2023 23:59:28.394] - INFO	:	MESSAGE FUNC.	:	[Request]
[30-05-2023 23:59:28.394] - INFO	:	MESSAGE ORIGIN	:	[Other]
[30-05-2023 23:59:28.394] - ***********************************************************************
[30-05-2023 23:59:28.394] - DATA	:	Protocol id.	:	[ISO]
[30-05-2023 23:59:28.394] - DATA	:	Message header	:	[60100000]
[30-05-2023 23:59:28.394] - DATA	:	Message MTI	:	[1804]
[30-05-2023 23:59:28.394] - DATA	:	Bitmap HEX	:	[02 30 01 80 88 00 00 00]
[30-05-2023 23:59:28.394] - ***********************************************************************
[30-05-2023 23:59:28.394] - 	ISO Message Fields Data elements :
[30-05-2023 23:59:28.394] - 	[F007] [Transmission date & time (AAMMJJhhmm)] : ---------------------------- : 2305302359
[30-05-2023 23:59:28.394] - 	[F011] [System trace audit number (STAN)] : --------------------------------- : 986604
[30-05-2023 23:59:28.394] - 	[F012] [Local transaction time (AAMMJJhhmmss)] : ---------------------------- : 2305302359
[30-05-2023 23:59:28.394] - 	[F024] [Function code] : ---------------------------------------------------- : 801
[30-05-2023 23:59:28.394] - 	[F025] [Point of service condition code] : ---------------------------------- : 0000
[30-05-2023 23:59:28.394] - 	[F033] [Forwarding institution identification code] : ----------------------- : 00000001010
[30-05-2023 23:59:28.394] - 	[F037] [Retrieval reference number] : --------------------------------------- : 556165089946
[30-05-2023 23:59:28.394] - 	[F128] [Message authentication code] : -------------------------------------- : 00000000
[30-05-2023 23:59:28.394] - ***********************************************************************
[30-05-2023 23:59:28.394] - INFO	:	Packaging to ISO payload	[...]
[30-05-2023 23:59:28.394] - ***********************************************************************
[30-05-2023 23:59:28.394] - 
[30-05-2023 23:59:28.394] - 	  Offset  00 01 02 03 04 05 06 07 08 09 0A 0B 0C 0D 0E 0F
[30-05-2023 23:59:28.394] - 	00000000  30 31 34 35 49 53 4F 36 30 31 30 30 30 30 30 31  0145ISO601000001
[30-05-2023 23:59:28.394] - 	00000010  38 30 34 30 32 33 30 30 31 38 30 38 38 30 30 30  8040230018088000
[30-05-2023 23:59:28.394] - 	00000020  30 30 30 32 33 30 35 33 30 32 33 35 39 39 38 36  0002305302359986
[30-05-2023 23:59:28.394] - 	00000030  36 30 34 32 33 30 35 33 30 32 33 35 39 38 30 31  6042305302359801
[30-05-2023 23:59:28.394] - 	00000040  30 30 30 30 31 31 30 30 30 30 30 30 30 31 30 31  0000110000000101
[30-05-2023 23:59:28.394] - 	00000050  30 35 35 36 31 36 35 30 38 39 39 34 36 30 30 30  0556165089946000
[30-05-2023 23:59:28.394] - 	00000060  30 30 30 30 30                                   00000           
[30-05-2023 23:59:28.394] - 	
[30-05-2023 23:59:28.394] - ***********************************************************************
[30-05-2023 23:59:28.394] - INFO	:	Sending request to server	[...]
[30-05-2023 23:59:28.394] - INFO	:	Request sent to server
[30-05-2023 23:59:28.394] - ***********************************************************************
[30-05-2023 23:59:28.394] - INFO	:	Awating response from server [...]
[30-05-2023 23:59:28.394] - ***********************************************************************
