[31-05-2023 22:25:21.351] - **********************************************************************************************************************
[31-05-2023 22:25:21.351] - INFO	:	TLS Client initialization	[...]
[31-05-2023 22:25:21.351] - INFO	:	Attempt to connect to server	[...]
[31-05-2023 22:25:21.351] - INFO	:	Connection Request Sent
[31-05-2023 22:25:21.351] - INFO	:	Checking server certificate	[...]
[31-05-2023 22:25:21.351] - INFO	:	Authorized server
[31-05-2023 22:25:21.351] - INFO	:	Connected successfully to TLS server
[31-05-2023 22:25:21.351] - ***********************************************************************
[31-05-2023 22:25:26.410] - INFO	:	MTI 		:	[1804]
[31-05-2023 22:25:26.410] - INFO	:	Conn. state	:	[undefined]
[31-05-2023 22:25:26.410] - INFO	:	ISO853 VERSION	:	[ISO 8583:1993]
[31-05-2023 22:25:26.410] - INFO	:	MESSAGE CLASS	:	[Network management]
[31-05-2023 22:25:26.410] - INFO	:	MESSAGE FUNC.	:	[Request]
[31-05-2023 22:25:26.410] - INFO	:	MESSAGE ORIGIN	:	[Other]
[31-05-2023 22:25:26.410] - ***********************************************************************
[31-05-2023 22:25:26.410] - DATA	:	Protocol id.	:	[ISO]
[31-05-2023 22:25:26.410] - DATA	:	Message header	:	[60100000]
[31-05-2023 22:25:26.410] - DATA	:	Bitmap HEX	:	[02 30 01 80 88 00 00 00]
[31-05-2023 22:25:26.410] - ***********************************************************************
[31-05-2023 22:25:26.410] - 	ISO Message Fields Data elements :
[31-05-2023 22:25:26.410] - 	[F007] [Transmission date & time (AAMMJJhhmm)] : ---------------------------- : 2305312225
[31-05-2023 22:25:26.410] - 	[F011] [System trace audit number (STAN)] : --------------------------------- : 905461
[31-05-2023 22:25:26.410] - 	[F012] [Local transaction time (AAMMJJhhmmss)] : ---------------------------- : 2305312225
[31-05-2023 22:25:26.410] - 	[F024] [Function code] : ---------------------------------------------------- : 801
[31-05-2023 22:25:26.410] - 	[F025] [Point of service condition code] : ---------------------------------- : 0000
[31-05-2023 22:25:26.410] - 	[F033] [Forwarding institution identification code] : ----------------------- : 00000001010
[31-05-2023 22:25:26.410] - 	[F037] [Retrieval reference number] : --------------------------------------- : 154100755252
[31-05-2023 22:25:26.410] - 	[F128] [Message authentication code] : -------------------------------------- : 00000000
[31-05-2023 22:25:26.410] - ***********************************************************************
[31-05-2023 22:25:26.410] - INFO	:	Packaging to ISO payload	[...]
[31-05-2023 22:25:26.410] - ***********************************************************************
[31-05-2023 22:25:26.410] - 
[31-05-2023 22:25:26.410] - 	  Offset  00 01 02 03 04 05 06 07 08 09 0A 0B 0C 0D 0E 0F
[31-05-2023 22:25:26.410] - 	00000000  30 31 34 35 49 53 4F 36 30 31 30 30 30 30 30 31  0145ISO601000001
[31-05-2023 22:25:26.410] - 	00000010  38 30 34 30 32 33 30 30 31 38 30 38 38 30 30 30  8040230018088000
[31-05-2023 22:25:26.410] - 	00000020  30 30 30 32 33 30 35 33 31 32 32 32 35 39 30 35  0002305312225905
[31-05-2023 22:25:26.410] - 	00000030  34 36 31 32 33 30 35 33 31 32 32 32 35 38 30 31  4612305312225801
[31-05-2023 22:25:26.410] - 	00000040  30 30 30 30 31 31 30 30 30 30 30 30 30 31 30 31  0000110000000101
[31-05-2023 22:25:26.410] - 	00000050  30 31 35 34 31 30 30 37 35 35 32 35 32 30 30 30  0154100755252000
[31-05-2023 22:25:26.410] - 	00000060  30 30 30 30 30                                   00000           
[31-05-2023 22:25:26.410] - 	
[31-05-2023 22:25:26.410] - ***********************************************************************
[31-05-2023 22:25:26.410] - INFO	:	Sending request to server	[...]
[31-05-2023 22:25:26.410] - INFO	:	Request sent to server
[31-05-2023 22:25:26.410] - ***********************************************************************
[31-05-2023 22:25:26.410] - INFO	:	Awating response from server [...]
[31-05-2023 22:25:26.410] - ***********************************************************************
[31-05-2023 22:25:26.430] - INFO	:	ISO853 VERSION	:	[ISO 8583:1993]
[31-05-2023 22:25:26.430] - INFO	:	MESSAGE CLASS	:	[Network management]
[31-05-2023 22:25:26.430] - INFO	:	MESSAGE FUNC.	:	[Request response]
[31-05-2023 22:25:26.430] - INFO	:	MESSAGE ORIGIN	:	[Other]
[31-05-2023 22:25:26.430] - ***********************************************************************
[31-05-2023 22:25:26.430] - DATA	:	Protocol id.	:	[ISO]
[31-05-2023 22:25:26.430] - DATA	:	Message header	:	[60100000]
[31-05-2023 22:25:26.430] - DATA	:	Message MTI	:	[1814]
[31-05-2023 22:25:26.430] - DATA	:	Bitmap HEX	:	[023000008A000000]
[31-05-2023 22:25:26.430] - ***********************************************************************
[31-05-2023 22:25:26.430] - 	ISO Message Fields Data elements :

