[31-05-2023 20:58:31.484] - **********************************************************************************************************************
[31-05-2023 20:58:31.484] - INFO	:	TLS Client initialization	[...]
[31-05-2023 20:58:31.484] - INFO	:	Attempt to connect to server	[...]
[31-05-2023 20:58:31.484] - INFO	:	Connection Request Sent
[31-05-2023 20:58:31.484] - INFO	:	Checking server certificate	[...]
[31-05-2023 20:58:31.484] - INFO	:	Authorized server
[31-05-2023 20:58:31.484] - INFO	:	Connected successfully to TLS server
[31-05-2023 20:58:31.484] - ***********************************************************************
[31-05-2023 20:58:36.553] - INFO	:	MTI 		:	[1804]
[31-05-2023 20:58:36.553] - INFO	:	Conn. state	:	[undefined]
[31-05-2023 20:58:36.553] - INFO	:	ISO853 VERSION	:	[ISO 8583:1993]
[31-05-2023 20:58:36.553] - INFO	:	MESSAGE CLASS	:	[Network management]
[31-05-2023 20:58:36.553] - INFO	:	MESSAGE FUNC.	:	[Request]
[31-05-2023 20:58:36.553] - INFO	:	MESSAGE ORIGIN	:	[Other]
[31-05-2023 20:58:36.553] - ***********************************************************************
[31-05-2023 20:58:36.553] - DATA	:	Protocol id.	:	[ISO]
[31-05-2023 20:58:36.553] - DATA	:	Message header	:	[60100000]
[31-05-2023 20:58:36.553] - DATA	:	Bitmap HEX	:	[02 30 01 80 88 00 00 00]
[31-05-2023 20:58:36.553] - ***********************************************************************
[31-05-2023 20:58:36.553] - 	ISO Message Fields Data elements :
[31-05-2023 20:58:36.553] - 	[F007] [Transmission date & time (AAMMJJhhmm)] : ---------------------------- : 2305312058
[31-05-2023 20:58:36.553] - 	[F011] [System trace audit number (STAN)] : --------------------------------- : 844259
[31-05-2023 20:58:36.553] - 	[F012] [Local transaction time (AAMMJJhhmmss)] : ---------------------------- : 2305312058
[31-05-2023 20:58:36.553] - 	[F024] [Function code] : ---------------------------------------------------- : 801
[31-05-2023 20:58:36.553] - 	[F025] [Point of service condition code] : ---------------------------------- : 0000
[31-05-2023 20:58:36.553] - 	[F033] [Forwarding institution identification code] : ----------------------- : 00000001010
[31-05-2023 20:58:36.553] - 	[F037] [Retrieval reference number] : --------------------------------------- : 039716565349
[31-05-2023 20:58:36.553] - 	[F128] [Message authentication code] : -------------------------------------- : 00000000
[31-05-2023 20:58:36.553] - ***********************************************************************
[31-05-2023 20:58:36.553] - INFO	:	Packaging to ISO payload	[...]
[31-05-2023 20:58:36.553] - ***********************************************************************
[31-05-2023 20:58:36.553] - 
[31-05-2023 20:58:36.553] - 	  Offset  00 01 02 03 04 05 06 07 08 09 0A 0B 0C 0D 0E 0F
[31-05-2023 20:58:36.553] - 	00000000  30 31 34 35 49 53 4F 36 30 31 30 30 30 30 30 31  0145ISO601000001
[31-05-2023 20:58:36.553] - 	00000010  38 30 34 30 32 33 30 30 31 38 30 38 38 30 30 30  8040230018088000
[31-05-2023 20:58:36.553] - 	00000020  30 30 30 32 33 30 35 33 31 32 30 35 38 38 34 34  0002305312058844
[31-05-2023 20:58:36.553] - 	00000030  32 35 39 32 33 30 35 33 31 32 30 35 38 38 30 31  2592305312058801
[31-05-2023 20:58:36.553] - 	00000040  30 30 30 30 31 31 30 30 30 30 30 30 30 31 30 31  0000110000000101
[31-05-2023 20:58:36.553] - 	00000050  30 30 33 39 37 31 36 35 36 35 33 34 39 30 30 30  0039716565349000
[31-05-2023 20:58:36.553] - 	00000060  30 30 30 30 30                                   00000           
[31-05-2023 20:58:36.553] - 	
[31-05-2023 20:58:36.553] - ***********************************************************************
[31-05-2023 20:58:36.553] - INFO	:	Sending request to server	[...]
[31-05-2023 20:58:36.553] - INFO	:	Request sent to server
[31-05-2023 20:58:36.553] - ***********************************************************************
[31-05-2023 20:58:36.553] - INFO	:	Awating response from server [...]
[31-05-2023 20:58:36.553] - ***********************************************************************
[31-05-2023 20:58:36.574] - INFO	:	Client recieved response from server
[31-05-2023 20:58:36.574] - DATA	:	Payload data recieved
[31-05-2023 20:58:36.574] - 02107230058020C08200002016485078000047812300300100040041000007010082013054601100661816001201215082013060002200305602400320002500100350374850781234567891=19082012232800000037037012708981921851038006VaHYUU0390010041008009924680420150001246421246430490036430552609f2608571f1e10d4fa4aac9f2701809f100706010a03a4b8029f37045bb074729f3602000c950500800010009a031508189c01009f02060000000010005f2a02064382023c009f1a0206439f03060000000000009f3303e0f0c89f34034403029f3501229f1e0835313230323831358407a00000000310109f41030000565f340101
[31-05-2023 20:58:36.574] - INFO	: Unpacking in ISO message [...]
[31-05-2023 20:58:36.574] - INFO	: Successfull
[31-05-2023 20:58:36.574] - DATA	: Data Fields
[31-05-2023 20:58:36.574] - ***********************************************************************
[31-05-2023 20:58:36.574] - ***********************************************************************
[31-05-2023 20:58:36.574] - INFO	:	Awating data to send to server [...]
[31-05-2023 20:58:36.574] - ***********************************************************************
[31-05-2023 20:58:36.574] - INFO	:	Conn. set to Sign-On. Server resp. recieved
[31-05-2023 20:58:36.574] - *************************************************************************************************
[31-05-2023 20:58:57.561] - INFO	:	Client recieved response from server
[31-05-2023 20:58:57.561] - DATA	:	Payload data recieved
[31-05-2023 20:58:57.561] - 02107230058020C08200002016485078000047812300300100040041000007010082013054601100661816001201215082013060002200305602400320002500100350374850781234567891=19082012232800000037037012708981921851038006VaHYUU0390010041008009924680420150001246421246430490036430552609f2608571f1e10d4fa4aac9f2701809f100706010a03a4b8029f37045bb074729f3602000c950500800010009a031508189c01009f02060000000010005f2a02064382023c009f1a0206439f03060000000000009f3303e0f0c89f34034403029f3501229f1e0835313230323831358407a00000000310109f41030000565f340101
[31-05-2023 20:58:57.561] - INFO	: Unpacking in ISO message [...]
[31-05-2023 20:58:57.561] - INFO	: Successfull
[31-05-2023 20:58:57.561] - DATA	: Data Fields
[31-05-2023 20:58:57.561] - ***********************************************************************
[31-05-2023 20:58:57.561] - ***********************************************************************
[31-05-2023 20:58:57.561] - INFO	:	Awating data to send to server [...]
[31-05-2023 20:58:57.561] - ***********************************************************************
[31-05-2023 20:58:57.561] - INFO	:	Conn. set to Sign-On. Server resp. recieved
[31-05-2023 20:58:57.561] - *************************************************************************************************
