[23-05-2023 19:44:13.849] - **********************************************************************************************************************
[23-05-2023 19:44:13.849] - INFO	:	TLS Client initialization	[...]
[23-05-2023 19:44:13.849] - INFO	:	Attempt to connect to server	[...]
[23-05-2023 19:44:13.849] - INFO	:	Connection Request Sent
[23-05-2023 19:44:13.849] - INFO	:	Checking server certificate	[...]
[23-05-2023 19:44:13.849] - INFO	:	Authorized server
[23-05-2023 19:44:13.849] - INFO	:	Connected successfully to TLS server
[23-05-2023 19:44:13.849] - ***********************************************************************
[23-05-2023 19:44:13.888] - INFO	:	Connection state : 	[Sign-OFF]
[23-05-2023 19:44:13.888] - INFO	:	ISO853 VERSION	:	[ISO 8583:1993]
[23-05-2023 19:44:13.888] - INFO	:	MESSAGE CLASS	:	[Network management]
[23-05-2023 19:44:13.888] - INFO	:	MESSAGE FUNC.	:	[Request]
[23-05-2023 19:44:13.888] - INFO	:	MESSAGE ORIGIN	:	[Other]
[23-05-2023 19:44:13.888] - ***********************************************************************
[23-05-2023 19:44:13.888] - DATA	:	Protocol id.	:	[ISO]
[23-05-2023 19:44:13.888] - DATA	:	Message header	:	[60100000]
[23-05-2023 19:44:13.888] - DATA	:	Message MTI	:	[1804]
[23-05-2023 19:44:13.888] - DATA	:	Bitmap HEX	:	[02 30 01 80 88 00 00 00]
[23-05-2023 19:44:13.888] - ***********************************************************************
[23-05-2023 19:44:13.888] - 	ISO Message Fields Data elements :
[23-05-2023 19:44:13.888] - 	[F007] [Transmission date & time (AAMMJJhhmm)] : ---------------------------- : 2305231944
[23-05-2023 19:44:13.888] - 	[F011] [System trace audit number (STAN)] : --------------------------------- : 196101
[23-05-2023 19:44:13.888] - 	[F012] [Local transaction time (AAMMJJhhmmss)] : ---------------------------- : 2305231944
[23-05-2023 19:44:13.888] - 	[F024] [Function code] : ---------------------------------------------------- : 801
[23-05-2023 19:44:13.888] - 	[F025] [Point of service condition code] : ---------------------------------- : 0000
[23-05-2023 19:44:13.888] - 	[F033] [Forwarding institution identification code] : ----------------------- : 00000001010
[23-05-2023 19:44:13.888] - 	[F037] [Retrieval reference number] : --------------------------------------- : 047528093740
[23-05-2023 19:44:13.888] - 	[F128] [Message authentication code] : -------------------------------------- : 00000000
[23-05-2023 19:44:13.888] - ***********************************************************************
[23-05-2023 19:44:13.888] - INFO	:	Packaging to ISO payload	[...]
[23-05-2023 19:44:13.888] - ***********************************************************************
[23-05-2023 19:44:13.888] - 
[23-05-2023 19:44:13.888] - 	  Offset  00 01 02 03 04 05 06 07 08 09 0A 0B 0C 0D 0E 0F
[23-05-2023 19:44:13.888] - 	00000000  30 31 34 35 49 53 4F 36 30 31 30 30 30 30 30 31  0145ISO601000001
[23-05-2023 19:44:13.888] - 	00000010  38 30 34 30 32 33 30 30 31 38 30 38 38 30 30 30  8040230018088000
[23-05-2023 19:44:13.888] - 	00000020  30 30 30 32 33 30 35 32 33 31 39 34 34 31 39 36  0002305231944196
[23-05-2023 19:44:13.888] - 	00000030  31 30 31 32 33 30 35 32 33 31 39 34 34 38 30 31  1012305231944801
[23-05-2023 19:44:13.888] - 	00000040  30 30 30 30 31 31 30 30 30 30 30 30 30 31 30 31  0000110000000101
[23-05-2023 19:44:13.888] - 	00000050  30 30 34 37 35 32 38 30 39 33 37 34 30 30 30 30  0047528093740000
[23-05-2023 19:44:13.888] - 	00000060  30 30 30 30 30                                   00000           
[23-05-2023 19:44:13.888] - 	
[23-05-2023 19:44:13.888] - ***********************************************************************
[23-05-2023 19:44:13.888] - INFO	:	Sending request to server	[...]
[23-05-2023 19:44:13.888] - INFO	:	Request sent to server
[23-05-2023 19:44:13.888] - ***********************************************************************
[23-05-2023 19:44:13.888] - INFO	:	Awating response from server [...]
[23-05-2023 19:44:13.888] - ***********************************************************************
[23-05-2023 19:44:18.917] - INFO	:	Connection state : 	[Sign-OFF]
[23-05-2023 19:44:18.917] - INFO	:	ISO853 VERSION	:	[ISO 8583:1993]
[23-05-2023 19:44:18.917] - INFO	:	MESSAGE CLASS	:	[Network management]
[23-05-2023 19:44:18.917] - INFO	:	MESSAGE FUNC.	:	[Request]
[23-05-2023 19:44:18.917] - INFO	:	MESSAGE ORIGIN	:	[Other]
[23-05-2023 19:44:18.917] - ***********************************************************************
[23-05-2023 19:44:18.917] - DATA	:	Protocol id.	:	[ISO]
[23-05-2023 19:44:18.917] - DATA	:	Message header	:	[60100000]
[23-05-2023 19:44:18.917] - DATA	:	Message MTI	:	[1804]
[23-05-2023 19:44:18.917] - DATA	:	Bitmap HEX	:	[02 30 01 80 88 00 00 00]
[23-05-2023 19:44:18.917] - ***********************************************************************
[23-05-2023 19:44:18.917] - 	ISO Message Fields Data elements :
[23-05-2023 19:44:18.917] - 	[F007] [Transmission date & time (AAMMJJhhmm)] : ---------------------------- : 2305231944
[23-05-2023 19:44:18.917] - 	[F011] [System trace audit number (STAN)] : --------------------------------- : 318071
[23-05-2023 19:44:18.917] - 	[F012] [Local transaction time (AAMMJJhhmmss)] : ---------------------------- : 2305231944
[23-05-2023 19:44:18.917] - 	[F024] [Function code] : ---------------------------------------------------- : 801
[23-05-2023 19:44:18.917] - 	[F025] [Point of service condition code] : ---------------------------------- : 0000
[23-05-2023 19:44:18.917] - 	[F033] [Forwarding institution identification code] : ----------------------- : 00000001010
[23-05-2023 19:44:18.917] - 	[F037] [Retrieval reference number] : --------------------------------------- : 387814156842
[23-05-2023 19:44:18.917] - 	[F128] [Message authentication code] : -------------------------------------- : 00000000
[23-05-2023 19:44:18.917] - ***********************************************************************
[23-05-2023 19:44:18.917] - INFO	:	Packaging to ISO payload	[...]
[23-05-2023 19:44:18.917] - ***********************************************************************
[23-05-2023 19:44:18.917] - 
[23-05-2023 19:44:18.917] - 	  Offset  00 01 02 03 04 05 06 07 08 09 0A 0B 0C 0D 0E 0F
[23-05-2023 19:44:18.917] - 	00000000  30 31 34 35 49 53 4F 36 30 31 30 30 30 30 30 31  0145ISO601000001
[23-05-2023 19:44:18.917] - 	00000010  38 30 34 30 32 33 30 30 31 38 30 38 38 30 30 30  8040230018088000
[23-05-2023 19:44:18.917] - 	00000020  30 30 30 32 33 30 35 32 33 31 39 34 34 33 31 38  0002305231944318
[23-05-2023 19:44:18.917] - 	00000030  30 37 31 32 33 30 35 32 33 31 39 34 34 38 30 31  0712305231944801
[23-05-2023 19:44:18.917] - 	00000040  30 30 30 30 31 31 30 30 30 30 30 30 30 31 30 31  0000110000000101
[23-05-2023 19:44:18.917] - 	00000050  30 33 38 37 38 31 34 31 35 36 38 34 32 30 30 30  0387814156842000
[23-05-2023 19:44:18.917] - 	00000060  30 30 30 30 30                                   00000           
[23-05-2023 19:44:18.917] - 	
[23-05-2023 19:44:18.917] - ***********************************************************************
[23-05-2023 19:44:18.917] - INFO	:	Sending request to server	[...]
[23-05-2023 19:44:18.917] - INFO	:	Request sent to server
[23-05-2023 19:44:18.917] - ***********************************************************************
[23-05-2023 19:44:18.917] - INFO	:	Awating response from server [...]
[23-05-2023 19:44:18.917] - ***********************************************************************
[23-05-2023 19:44:23.929] - INFO	:	Connection state : 	[Sign-OFF]
[23-05-2023 19:44:23.929] - INFO	:	ISO853 VERSION	:	[ISO 8583:1993]
[23-05-2023 19:44:23.929] - INFO	:	MESSAGE CLASS	:	[Network management]
[23-05-2023 19:44:23.929] - INFO	:	MESSAGE FUNC.	:	[Request]
[23-05-2023 19:44:23.929] - INFO	:	MESSAGE ORIGIN	:	[Other]
[23-05-2023 19:44:23.929] - ***********************************************************************
[23-05-2023 19:44:23.929] - DATA	:	Protocol id.	:	[ISO]
[23-05-2023 19:44:23.929] - DATA	:	Message header	:	[60100000]
[23-05-2023 19:44:23.929] - DATA	:	Message MTI	:	[1804]
[23-05-2023 19:44:23.929] - DATA	:	Bitmap HEX	:	[02 30 01 80 88 00 00 00]
[23-05-2023 19:44:23.929] - ***********************************************************************
[23-05-2023 19:44:23.929] - 	ISO Message Fields Data elements :
[23-05-2023 19:44:23.929] - 	[F007] [Transmission date & time (AAMMJJhhmm)] : ---------------------------- : 2305231944
[23-05-2023 19:44:23.929] - 	[F011] [System trace audit number (STAN)] : --------------------------------- : 544526
[23-05-2023 19:44:23.929] - 	[F012] [Local transaction time (AAMMJJhhmmss)] : ---------------------------- : 2305231944
[23-05-2023 19:44:23.929] - 	[F024] [Function code] : ---------------------------------------------------- : 801
[23-05-2023 19:44:23.929] - 	[F025] [Point of service condition code] : ---------------------------------- : 0000
[23-05-2023 19:44:23.929] - 	[F033] [Forwarding institution identification code] : ----------------------- : 00000001010
[23-05-2023 19:44:23.929] - 	[F037] [Retrieval reference number] : --------------------------------------- : 083718009383
[23-05-2023 19:44:23.929] - 	[F128] [Message authentication code] : -------------------------------------- : 00000000
[23-05-2023 19:44:23.929] - ***********************************************************************
[23-05-2023 19:44:23.929] - INFO	:	Packaging to ISO payload	[...]
[23-05-2023 19:44:23.929] - ***********************************************************************
[23-05-2023 19:44:23.929] - 
[23-05-2023 19:44:23.929] - 	  Offset  00 01 02 03 04 05 06 07 08 09 0A 0B 0C 0D 0E 0F
[23-05-2023 19:44:23.929] - 	00000000  30 31 34 35 49 53 4F 36 30 31 30 30 30 30 30 31  0145ISO601000001
[23-05-2023 19:44:23.929] - 	00000010  38 30 34 30 32 33 30 30 31 38 30 38 38 30 30 30  8040230018088000
[23-05-2023 19:44:23.929] - 	00000020  30 30 30 32 33 30 35 32 33 31 39 34 34 35 34 34  0002305231944544
[23-05-2023 19:44:23.929] - 	00000030  35 32 36 32 33 30 35 32 33 31 39 34 34 38 30 31  5262305231944801
[23-05-2023 19:44:23.929] - 	00000040  30 30 30 30 31 31 30 30 30 30 30 30 30 31 30 31  0000110000000101
[23-05-2023 19:44:23.929] - 	00000050  30 30 38 33 37 31 38 30 30 39 33 38 33 30 30 30  0083718009383000
[23-05-2023 19:44:23.929] - 	00000060  30 30 30 30 30                                   00000           
[23-05-2023 19:44:23.929] - 	
[23-05-2023 19:44:23.929] - ***********************************************************************
[23-05-2023 19:44:23.929] - INFO	:	Sending request to server	[...]
[23-05-2023 19:44:23.929] - INFO	:	Request sent to server
[23-05-2023 19:44:23.929] - ***********************************************************************
[23-05-2023 19:44:23.929] - INFO	:	Awating response from server [...]
[23-05-2023 19:44:23.929] - ***********************************************************************
[23-05-2023 19:44:59.734] - **********************************************************************************************************************
[23-05-2023 19:44:59.734] - INFO	:	TLS Client initialization	[...]
[23-05-2023 19:44:59.734] - INFO	:	Attempt to connect to server	[...]
[23-05-2023 19:44:59.734] - INFO	:	Connection Request Sent
[23-05-2023 19:44:59.734] - INFO	:	Checking server certificate	[...]
[23-05-2023 19:44:59.734] - INFO	:	Authorized server
[23-05-2023 19:44:59.734] - INFO	:	Connected successfully to TLS server
[23-05-2023 19:44:59.734] - ***********************************************************************
[23-05-2023 19:44:59.775] - INFO	:	Connection state : 	[Sign-OFF]
[23-05-2023 19:44:59.775] - INFO	:	ISO853 VERSION	:	[ISO 8583:1993]
[23-05-2023 19:44:59.775] - INFO	:	MESSAGE CLASS	:	[Network management]
[23-05-2023 19:44:59.775] - INFO	:	MESSAGE FUNC.	:	[Request]
[23-05-2023 19:44:59.775] - INFO	:	MESSAGE ORIGIN	:	[Other]
[23-05-2023 19:44:59.775] - ***********************************************************************
[23-05-2023 19:44:59.775] - DATA	:	Protocol id.	:	[ISO]
[23-05-2023 19:44:59.775] - DATA	:	Message header	:	[60100000]
[23-05-2023 19:44:59.775] - DATA	:	Message MTI	:	[1804]
[23-05-2023 19:44:59.775] - DATA	:	Bitmap HEX	:	[02 30 01 80 88 00 00 00]
[23-05-2023 19:44:59.775] - ***********************************************************************
[23-05-2023 19:44:59.775] - 	ISO Message Fields Data elements :
[23-05-2023 19:44:59.775] - 	[F007] [Transmission date & time (AAMMJJhhmm)] : ---------------------------- : 2305231944
[23-05-2023 19:44:59.775] - 	[F011] [System trace audit number (STAN)] : --------------------------------- : 430954
[23-05-2023 19:44:59.775] - 	[F012] [Local transaction time (AAMMJJhhmmss)] : ---------------------------- : 2305231944
[23-05-2023 19:44:59.775] - 	[F024] [Function code] : ---------------------------------------------------- : 801
[23-05-2023 19:44:59.775] - 	[F025] [Point of service condition code] : ---------------------------------- : 0000
[23-05-2023 19:44:59.775] - 	[F033] [Forwarding institution identification code] : ----------------------- : 00000001010
[23-05-2023 19:44:59.775] - 	[F037] [Retrieval reference number] : --------------------------------------- : 437762560519
[23-05-2023 19:44:59.775] - 	[F128] [Message authentication code] : -------------------------------------- : 00000000
[23-05-2023 19:44:59.775] - ***********************************************************************
[23-05-2023 19:44:59.775] - INFO	:	Packaging to ISO payload	[...]
[23-05-2023 19:44:59.775] - ***********************************************************************
[23-05-2023 19:44:59.775] - 
[23-05-2023 19:44:59.775] - 	  Offset  00 01 02 03 04 05 06 07 08 09 0A 0B 0C 0D 0E 0F
[23-05-2023 19:44:59.775] - 	00000000  30 31 34 35 49 53 4F 36 30 31 30 30 30 30 30 31  0145ISO601000001
[23-05-2023 19:44:59.775] - 	00000010  38 30 34 30 32 33 30 30 31 38 30 38 38 30 30 30  8040230018088000
[23-05-2023 19:44:59.775] - 	00000020  30 30 30 32 33 30 35 32 33 31 39 34 34 34 33 30  0002305231944430
[23-05-2023 19:44:59.775] - 	00000030  39 35 34 32 33 30 35 32 33 31 39 34 34 38 30 31  9542305231944801
[23-05-2023 19:44:59.775] - 	00000040  30 30 30 30 31 31 30 30 30 30 30 30 30 31 30 31  0000110000000101
[23-05-2023 19:44:59.775] - 	00000050  30 34 33 37 37 36 32 35 36 30 35 31 39 30 30 30  0437762560519000
[23-05-2023 19:44:59.775] - 	00000060  30 30 30 30 30                                   00000           
[23-05-2023 19:44:59.775] - 	
[23-05-2023 19:44:59.775] - ***********************************************************************
[23-05-2023 19:44:59.775] - INFO	:	Sending request to server	[...]
[23-05-2023 19:44:59.775] - INFO	:	Request sent to server
[23-05-2023 19:44:59.775] - ***********************************************************************
[23-05-2023 19:44:59.775] - INFO	:	Awating response from server [...]
[23-05-2023 19:44:59.775] - ***********************************************************************
[23-05-2023 19:44:59.797] - INFO	: Client recieved response from server
[23-05-2023 19:44:59.797] - DATA	: Payload data recieved
[23-05-2023 19:44:59.797] - 02107230058020C08200002016485078000047812300300100040041000007010082013054601100661816001201215082013060002200305602400320002500100350374850781234567891=19082012232800000037037012708981921851038006VaHYUU0390010041008009924680420150001246421246430490036430552609f2608571f1e10d4fa4aac9f2701809f100706010a03a4b8029f37045bb074729f3602000c950500800010009a031508189c01009f02060000000010005f2a02064382023c009f1a0206439f03060000000000009f3303e0f0c89f34034403029f3501229f1e0835313230323831358407a00000000310109f41030000565f340101
[23-05-2023 19:44:59.797] - INFO	: Unpacking in ISO message [...]
[23-05-2023 19:44:59.797] - INFO	: Successfull
[23-05-2023 19:44:59.797] - DATA	: Data Fields
[23-05-2023 19:44:59.797] - ***********************************************************************
[23-05-2023 19:44:59.797] - ***********************************************************************
[23-05-2023 19:44:59.797] - INFO	: Awating data to send to server [...]
[23-05-2023 19:44:59.797] - ***********************************************************************

[23-05-2023 19:45:04.807] - INFO	:	Connection state : 	[Sign-OFF]
[23-05-2023 19:45:04.807] - INFO	:	ISO853 VERSION	:	[ISO 8583:1993]
[23-05-2023 19:45:04.807] - INFO	:	MESSAGE CLASS	:	[Network management]
[23-05-2023 19:45:04.807] - INFO	:	MESSAGE FUNC.	:	[Request]
[23-05-2023 19:45:04.807] - INFO	:	MESSAGE ORIGIN	:	[Other]
[23-05-2023 19:45:04.807] - ***********************************************************************
[23-05-2023 19:45:04.807] - DATA	:	Protocol id.	:	[ISO]
[23-05-2023 19:45:04.807] - DATA	:	Message header	:	[60100000]
[23-05-2023 19:45:04.807] - DATA	:	Message MTI	:	[1804]
[23-05-2023 19:45:04.807] - DATA	:	Bitmap HEX	:	[02 30 01 80 88 00 00 00]
[23-05-2023 19:45:04.807] - ***********************************************************************
[23-05-2023 19:45:04.807] - 	ISO Message Fields Data elements :
[23-05-2023 19:45:04.807] - 	[F007] [Transmission date & time (AAMMJJhhmm)] : ---------------------------- : 2305231945
[23-05-2023 19:45:04.807] - 	[F011] [System trace audit number (STAN)] : --------------------------------- : 397617
[23-05-2023 19:45:04.807] - 	[F012] [Local transaction time (AAMMJJhhmmss)] : ---------------------------- : 2305231945
[23-05-2023 19:45:04.807] - 	[F024] [Function code] : ---------------------------------------------------- : 801
[23-05-2023 19:45:04.807] - 	[F025] [Point of service condition code] : ---------------------------------- : 0000
[23-05-2023 19:45:04.807] - 	[F033] [Forwarding institution identification code] : ----------------------- : 00000001010
[23-05-2023 19:45:04.807] - 	[F037] [Retrieval reference number] : --------------------------------------- : 672920120824
[23-05-2023 19:45:04.807] - 	[F128] [Message authentication code] : -------------------------------------- : 00000000
[23-05-2023 19:45:04.807] - ***********************************************************************
[23-05-2023 19:45:04.807] - INFO	:	Packaging to ISO payload	[...]
[23-05-2023 19:45:04.807] - ***********************************************************************
[23-05-2023 19:45:04.807] - 
[23-05-2023 19:45:04.807] - 	  Offset  00 01 02 03 04 05 06 07 08 09 0A 0B 0C 0D 0E 0F
[23-05-2023 19:45:04.807] - 	00000000  30 31 34 35 49 53 4F 36 30 31 30 30 30 30 30 31  0145ISO601000001
[23-05-2023 19:45:04.807] - 	00000010  38 30 34 30 32 33 30 30 31 38 30 38 38 30 30 30  8040230018088000
[23-05-2023 19:45:04.807] - 	00000020  30 30 30 32 33 30 35 32 33 31 39 34 35 33 39 37  0002305231945397
[23-05-2023 19:45:04.807] - 	00000030  36 31 37 32 33 30 35 32 33 31 39 34 35 38 30 31  6172305231945801
[23-05-2023 19:45:04.807] - 	00000040  30 30 30 30 31 31 30 30 30 30 30 30 30 31 30 31  0000110000000101
[23-05-2023 19:45:04.807] - 	00000050  30 36 37 32 39 32 30 31 32 30 38 32 34 30 30 30  0672920120824000
[23-05-2023 19:45:04.807] - 	00000060  30 30 30 30 30                                   00000           
[23-05-2023 19:45:04.807] - 	
[23-05-2023 19:45:04.807] - ***********************************************************************
[23-05-2023 19:45:04.807] - INFO	:	Sending request to server	[...]
[23-05-2023 19:45:04.807] - INFO	:	Request sent to server
[23-05-2023 19:45:04.807] - ***********************************************************************
[23-05-2023 19:45:04.807] - INFO	:	Awating response from server [...]
[23-05-2023 19:45:04.807] - ***********************************************************************
[23-05-2023 19:45:04.818] - INFO	: Client recieved response from server
[23-05-2023 19:45:04.818] - DATA	: Payload data recieved
[23-05-2023 19:45:04.818] - 02107230058020C08200002016485078000047812300300100040041000007010082013054601100661816001201215082013060002200305602400320002500100350374850781234567891=19082012232800000037037012708981921851038006VaHYUU0390010041008009924680420150001246421246430490036430552609f2608571f1e10d4fa4aac9f2701809f100706010a03a4b8029f37045bb074729f3602000c950500800010009a031508189c01009f02060000000010005f2a02064382023c009f1a0206439f03060000000000009f3303e0f0c89f34034403029f3501229f1e0835313230323831358407a00000000310109f41030000565f340101
[23-05-2023 19:45:04.818] - INFO	: Unpacking in ISO message [...]
[23-05-2023 19:45:04.818] - INFO	: Successfull
[23-05-2023 19:45:04.818] - DATA	: Data Fields
[23-05-2023 19:45:04.818] - ***********************************************************************
[23-05-2023 19:45:04.818] - ***********************************************************************
[23-05-2023 19:45:04.818] - INFO	: Awating data to send to server [...]
[23-05-2023 19:45:04.818] - ***********************************************************************

[23-05-2023 19:45:09.823] - INFO	:	Connection state : 	[Sign-OFF]
[23-05-2023 19:45:09.823] - INFO	:	ISO853 VERSION	:	[ISO 8583:1993]
[23-05-2023 19:45:09.823] - INFO	:	MESSAGE CLASS	:	[Network management]
[23-05-2023 19:45:09.823] - INFO	:	MESSAGE FUNC.	:	[Request]
[23-05-2023 19:45:09.823] - INFO	:	MESSAGE ORIGIN	:	[Other]
[23-05-2023 19:45:09.823] - ***********************************************************************
[23-05-2023 19:45:09.823] - DATA	:	Protocol id.	:	[ISO]
[23-05-2023 19:45:09.823] - DATA	:	Message header	:	[60100000]
[23-05-2023 19:45:09.823] - DATA	:	Message MTI	:	[1804]
[23-05-2023 19:45:09.823] - DATA	:	Bitmap HEX	:	[02 30 01 80 88 00 00 00]
[23-05-2023 19:45:09.823] - ***********************************************************************
[23-05-2023 19:45:09.823] - 	ISO Message Fields Data elements :
[23-05-2023 19:45:09.823] - 	[F007] [Transmission date & time (AAMMJJhhmm)] : ---------------------------- : 2305231945
[23-05-2023 19:45:09.823] - 	[F011] [System trace audit number (STAN)] : --------------------------------- : 476075
[23-05-2023 19:45:09.823] - 	[F012] [Local transaction time (AAMMJJhhmmss)] : ---------------------------- : 2305231945
[23-05-2023 19:45:09.823] - 	[F024] [Function code] : ---------------------------------------------------- : 801
[23-05-2023 19:45:09.823] - 	[F025] [Point of service condition code] : ---------------------------------- : 0000
[23-05-2023 19:45:09.823] - 	[F033] [Forwarding institution identification code] : ----------------------- : 00000001010
[23-05-2023 19:45:09.823] - 	[F037] [Retrieval reference number] : --------------------------------------- : 716025411792
[23-05-2023 19:45:09.823] - 	[F128] [Message authentication code] : -------------------------------------- : 00000000
[23-05-2023 19:45:09.823] - ***********************************************************************
[23-05-2023 19:45:09.823] - INFO	:	Packaging to ISO payload	[...]
[23-05-2023 19:45:09.823] - ***********************************************************************
[23-05-2023 19:45:09.823] - 
[23-05-2023 19:45:09.823] - 	  Offset  00 01 02 03 04 05 06 07 08 09 0A 0B 0C 0D 0E 0F
[23-05-2023 19:45:09.823] - 	00000000  30 31 34 35 49 53 4F 36 30 31 30 30 30 30 30 31  0145ISO601000001
[23-05-2023 19:45:09.823] - 	00000010  38 30 34 30 32 33 30 30 31 38 30 38 38 30 30 30  8040230018088000
[23-05-2023 19:45:09.823] - 	00000020  30 30 30 32 33 30 35 32 33 31 39 34 35 34 37 36  0002305231945476
[23-05-2023 19:45:09.823] - 	00000030  30 37 35 32 33 30 35 32 33 31 39 34 35 38 30 31  0752305231945801
[23-05-2023 19:45:09.823] - 	00000040  30 30 30 30 31 31 30 30 30 30 30 30 30 31 30 31  0000110000000101
[23-05-2023 19:45:09.823] - 	00000050  30 37 31 36 30 32 35 34 31 31 37 39 32 30 30 30  0716025411792000
[23-05-2023 19:45:09.823] - 	00000060  30 30 30 30 30                                   00000           
[23-05-2023 19:45:09.823] - 	
[23-05-2023 19:45:09.823] - ***********************************************************************
[23-05-2023 19:45:09.823] - INFO	:	Sending request to server	[...]
[23-05-2023 19:45:09.823] - INFO	:	Request sent to server
[23-05-2023 19:45:09.823] - ***********************************************************************
[23-05-2023 19:45:09.823] - INFO	:	Awating response from server [...]
[23-05-2023 19:45:09.823] - ***********************************************************************
[23-05-2023 19:45:09.831] - INFO	: Client recieved response from server
[23-05-2023 19:45:09.831] - DATA	: Payload data recieved
[23-05-2023 19:45:09.831] - 02107230058020C08200002016485078000047812300300100040041000007010082013054601100661816001201215082013060002200305602400320002500100350374850781234567891=19082012232800000037037012708981921851038006VaHYUU0390010041008009924680420150001246421246430490036430552609f2608571f1e10d4fa4aac9f2701809f100706010a03a4b8029f37045bb074729f3602000c950500800010009a031508189c01009f02060000000010005f2a02064382023c009f1a0206439f03060000000000009f3303e0f0c89f34034403029f3501229f1e0835313230323831358407a00000000310109f41030000565f340101
[23-05-2023 19:45:09.831] - INFO	: Unpacking in ISO message [...]
[23-05-2023 19:45:09.831] - INFO	: Successfull
[23-05-2023 19:45:09.831] - DATA	: Data Fields
[23-05-2023 19:45:09.831] - ***********************************************************************
[23-05-2023 19:45:09.831] - ***********************************************************************
[23-05-2023 19:45:09.831] - INFO	: Awating data to send to server [...]
[23-05-2023 19:45:09.831] - ***********************************************************************

