[31-05-2023 19:19:56.337] - **********************************************************************************************************************
[31-05-2023 19:19:56.337] - INFO	:	TLS Client initialization	[...]
[31-05-2023 19:19:56.337] - INFO	:	Attempt to connect to server	[...]
[31-05-2023 19:19:56.337] - INFO	:	Connection Request Sent
[31-05-2023 19:19:56.337] - INFO	:	Checking server certificate	[...]
[31-05-2023 19:19:56.337] - INFO	:	Authorized server
[31-05-2023 19:19:56.337] - INFO	:	Connected successfully to TLS server
[31-05-2023 19:19:56.337] - ***********************************************************************
[31-05-2023 19:20:01.461] - INFO	:	MTI 		:	[1804]
[31-05-2023 19:20:01.461] - INFO	:	Conn. state	:	[Sign-Off]
[31-05-2023 19:20:01.461] - INFO	:	ISO853 VERSION	:	[ISO 8583:1993]
[31-05-2023 19:20:01.461] - INFO	:	MESSAGE CLASS	:	[Network management]
[31-05-2023 19:20:01.461] - INFO	:	MESSAGE FUNC.	:	[Request]
[31-05-2023 19:20:01.461] - INFO	:	MESSAGE ORIGIN	:	[Other]
[31-05-2023 19:20:01.461] - ***********************************************************************
[31-05-2023 19:20:01.461] - DATA	:	Protocol id.	:	[ISO]
[31-05-2023 19:20:01.461] - DATA	:	Message header	:	[60100000]
[31-05-2023 19:20:01.461] - DATA	:	Bitmap HEX	:	[02 30 01 80 88 00 00 00]
[31-05-2023 19:20:01.461] - ***********************************************************************
[31-05-2023 19:20:01.461] - 	ISO Message Fields Data elements :
[31-05-2023 19:20:01.461] - 	[F007] [Transmission date & time (AAMMJJhhmm)] : ---------------------------- : 2305311920
[31-05-2023 19:20:01.461] - 	[F011] [System trace audit number (STAN)] : --------------------------------- : 471851
[31-05-2023 19:20:01.461] - 	[F012] [Local transaction time (AAMMJJhhmmss)] : ---------------------------- : 2305311920
[31-05-2023 19:20:01.461] - 	[F024] [Function code] : ---------------------------------------------------- : 801
[31-05-2023 19:20:01.461] - 	[F025] [Point of service condition code] : ---------------------------------- : 0000
[31-05-2023 19:20:01.461] - 	[F033] [Forwarding institution identification code] : ----------------------- : 00000001010
[31-05-2023 19:20:01.461] - 	[F037] [Retrieval reference number] : --------------------------------------- : 955989685455
[31-05-2023 19:20:01.461] - 	[F128] [Message authentication code] : -------------------------------------- : 00000000
[31-05-2023 19:20:01.461] - ***********************************************************************
[31-05-2023 19:20:01.461] - INFO	:	Packaging to ISO payload	[...]
[31-05-2023 19:20:01.461] - ***********************************************************************
[31-05-2023 19:20:01.461] - 
[31-05-2023 19:20:01.461] - 	  Offset  00 01 02 03 04 05 06 07 08 09 0A 0B 0C 0D 0E 0F
[31-05-2023 19:20:01.461] - 	00000000  30 31 34 35 49 53 4F 36 30 31 30 30 30 30 30 31  0145ISO601000001
[31-05-2023 19:20:01.461] - 	00000010  38 30 34 30 32 33 30 30 31 38 30 38 38 30 30 30  8040230018088000
[31-05-2023 19:20:01.461] - 	00000020  30 30 30 32 33 30 35 33 31 31 39 32 30 34 37 31  0002305311920471
[31-05-2023 19:20:01.461] - 	00000030  38 35 31 32 33 30 35 33 31 31 39 32 30 38 30 31  8512305311920801
[31-05-2023 19:20:01.461] - 	00000040  30 30 30 30 31 31 30 30 30 30 30 30 30 31 30 31  0000110000000101
[31-05-2023 19:20:01.461] - 	00000050  30 39 35 35 39 38 39 36 38 35 34 35 35 30 30 30  0955989685455000
[31-05-2023 19:20:01.461] - 	00000060  30 30 30 30 30                                   00000           
[31-05-2023 19:20:01.461] - 	
[31-05-2023 19:20:01.461] - ***********************************************************************
[31-05-2023 19:20:01.461] - INFO	:	Sending request to server	[...]
[31-05-2023 19:20:01.461] - INFO	:	Request sent to server
[31-05-2023 19:20:01.461] - ***********************************************************************
[31-05-2023 19:20:01.461] - INFO	:	Awating response from server [...]
[31-05-2023 19:20:01.461] - ***********************************************************************
[31-05-2023 19:20:01.499] - INFO	:	MTI 		:	[1804]
[31-05-2023 19:20:01.499] - INFO	:	Conn. state	:	[Sign-Off]
[31-05-2023 19:20:01.499] - INFO	:	ISO853 VERSION	:	[ISO 8583:1993]
[31-05-2023 19:20:01.499] - INFO	:	MESSAGE CLASS	:	[Network management]
[31-05-2023 19:20:01.499] - INFO	:	MESSAGE FUNC.	:	[Request]
[31-05-2023 19:20:01.499] - INFO	:	MESSAGE ORIGIN	:	[Other]
[31-05-2023 19:20:01.499] - ***********************************************************************
[31-05-2023 19:20:01.499] - DATA	:	Protocol id.	:	[ISO]
[31-05-2023 19:20:01.499] - DATA	:	Message header	:	[60100000]
[31-05-2023 19:20:01.499] - DATA	:	Bitmap HEX	:	[02 30 01 80 88 00 00 00]
[31-05-2023 19:20:01.499] - ***********************************************************************
[31-05-2023 19:20:01.499] - 	ISO Message Fields Data elements :
[31-05-2023 19:20:01.499] - 	[F007] [Transmission date & time (AAMMJJhhmm)] : ---------------------------- : 2305311920
[31-05-2023 19:20:01.499] - 	[F011] [System trace audit number (STAN)] : --------------------------------- : 947150
[31-05-2023 19:20:01.499] - 	[F012] [Local transaction time (AAMMJJhhmmss)] : ---------------------------- : 2305311920
[31-05-2023 19:20:01.499] - 	[F024] [Function code] : ---------------------------------------------------- : 801
[31-05-2023 19:20:01.499] - 	[F025] [Point of service condition code] : ---------------------------------- : 0000
[31-05-2023 19:20:01.499] - 	[F033] [Forwarding institution identification code] : ----------------------- : 00000001010
[31-05-2023 19:20:01.499] - 	[F037] [Retrieval reference number] : --------------------------------------- : 822076703662
[31-05-2023 19:20:01.499] - 	[F128] [Message authentication code] : -------------------------------------- : 00000000
[31-05-2023 19:20:01.499] - ***********************************************************************
[31-05-2023 19:20:01.499] - INFO	:	Packaging to ISO payload	[...]
[31-05-2023 19:20:01.499] - ***********************************************************************
[31-05-2023 19:20:01.499] - 
[31-05-2023 19:20:01.499] - 	  Offset  00 01 02 03 04 05 06 07 08 09 0A 0B 0C 0D 0E 0F
[31-05-2023 19:20:01.499] - 	00000000  30 31 34 35 49 53 4F 36 30 31 30 30 30 30 30 31  0145ISO601000001
[31-05-2023 19:20:01.499] - 	00000010  38 30 34 30 32 33 30 30 31 38 30 38 38 30 30 30  8040230018088000
[31-05-2023 19:20:01.499] - 	00000020  30 30 30 32 33 30 35 33 31 31 39 32 30 39 34 37  0002305311920947
[31-05-2023 19:20:01.499] - 	00000030  31 35 30 32 33 30 35 33 31 31 39 32 30 38 30 31  1502305311920801
[31-05-2023 19:20:01.499] - 	00000040  30 30 30 30 31 31 30 30 30 30 30 30 30 31 30 31  0000110000000101
[31-05-2023 19:20:01.499] - 	00000050  30 38 32 32 30 37 36 37 30 33 36 36 32 30 30 30  0822076703662000
[31-05-2023 19:20:01.499] - 	00000060  30 30 30 30 30                                   00000           
[31-05-2023 19:20:01.499] - 	
[31-05-2023 19:20:01.499] - ***********************************************************************
[31-05-2023 19:20:01.499] - INFO	:	Sending request to server	[...]
[31-05-2023 19:20:01.499] - INFO	:	Request sent to server
[31-05-2023 19:20:01.499] - ***********************************************************************
[31-05-2023 19:20:01.499] - INFO	:	Awating response from server [...]
[31-05-2023 19:20:01.499] - ***********************************************************************
[31-05-2023 19:20:06.493] - INFO	:	MTI 		:	[1804]
[31-05-2023 19:20:06.493] - INFO	:	Conn. state	:	[Sign-Off]
[31-05-2023 19:20:06.493] - INFO	:	ISO853 VERSION	:	[ISO 8583:1993]
[31-05-2023 19:20:06.493] - INFO	:	MESSAGE CLASS	:	[Network management]
[31-05-2023 19:20:06.493] - INFO	:	MESSAGE FUNC.	:	[Request]
[31-05-2023 19:20:06.493] - INFO	:	MESSAGE ORIGIN	:	[Other]
[31-05-2023 19:20:06.493] - ***********************************************************************
[31-05-2023 19:20:06.493] - DATA	:	Protocol id.	:	[ISO]
[31-05-2023 19:20:06.493] - DATA	:	Message header	:	[60100000]
[31-05-2023 19:20:06.493] - DATA	:	Bitmap HEX	:	[02 30 01 80 88 00 00 00]
[31-05-2023 19:20:06.493] - ***********************************************************************
[31-05-2023 19:20:06.493] - 	ISO Message Fields Data elements :
[31-05-2023 19:20:06.493] - 	[F007] [Transmission date & time (AAMMJJhhmm)] : ---------------------------- : 2305311920
[31-05-2023 19:20:06.493] - 	[F011] [System trace audit number (STAN)] : --------------------------------- : 253021
[31-05-2023 19:20:06.493] - 	[F012] [Local transaction time (AAMMJJhhmmss)] : ---------------------------- : 2305311920
[31-05-2023 19:20:06.493] - 	[F024] [Function code] : ---------------------------------------------------- : 801
[31-05-2023 19:20:06.493] - 	[F025] [Point of service condition code] : ---------------------------------- : 0000
[31-05-2023 19:20:06.493] - 	[F033] [Forwarding institution identification code] : ----------------------- : 00000001010
[31-05-2023 19:20:06.493] - 	[F037] [Retrieval reference number] : --------------------------------------- : 711603149360
[31-05-2023 19:20:06.493] - 	[F128] [Message authentication code] : -------------------------------------- : 00000000
[31-05-2023 19:20:06.493] - ***********************************************************************
[31-05-2023 19:20:06.493] - INFO	:	Packaging to ISO payload	[...]
[31-05-2023 19:20:06.493] - ***********************************************************************
[31-05-2023 19:20:06.493] - 
[31-05-2023 19:20:06.493] - 	  Offset  00 01 02 03 04 05 06 07 08 09 0A 0B 0C 0D 0E 0F
[31-05-2023 19:20:06.493] - 	00000000  30 31 34 35 49 53 4F 36 30 31 30 30 30 30 30 31  0145ISO601000001
[31-05-2023 19:20:06.493] - 	00000010  38 30 34 30 32 33 30 30 31 38 30 38 38 30 30 30  8040230018088000
[31-05-2023 19:20:06.493] - 	00000020  30 30 30 32 33 30 35 33 31 31 39 32 30 32 35 33  0002305311920253
[31-05-2023 19:20:06.493] - 	00000030  30 32 31 32 33 30 35 33 31 31 39 32 30 38 30 31  0212305311920801
[31-05-2023 19:20:06.493] - 	00000040  30 30 30 30 31 31 30 30 30 30 30 30 30 31 30 31  0000110000000101
[31-05-2023 19:20:06.493] - 	00000050  30 37 31 31 36 30 33 31 34 39 33 36 30 30 30 30  0711603149360000
[31-05-2023 19:20:06.493] - 	00000060  30 30 30 30 30                                   00000           
[31-05-2023 19:20:06.493] - 	
[31-05-2023 19:20:06.493] - ***********************************************************************
[31-05-2023 19:20:06.493] - INFO	:	Sending request to server	[...]
[31-05-2023 19:20:06.493] - INFO	:	Request sent to server
[31-05-2023 19:20:06.493] - ***********************************************************************
[31-05-2023 19:20:06.493] - INFO	:	Awating response from server [...]
[31-05-2023 19:20:06.493] - ***********************************************************************
[31-05-2023 19:20:06.502] - INFO	:	MTI 		:	[1804]
[31-05-2023 19:20:06.502] - INFO	:	Conn. state	:	[Sign-Off]
[31-05-2023 19:20:06.502] - INFO	:	ISO853 VERSION	:	[ISO 8583:1993]
[31-05-2023 19:20:06.502] - INFO	:	MESSAGE CLASS	:	[Network management]
[31-05-2023 19:20:06.502] - INFO	:	MESSAGE FUNC.	:	[Request]
[31-05-2023 19:20:06.502] - INFO	:	MESSAGE ORIGIN	:	[Other]
[31-05-2023 19:20:06.502] - ***********************************************************************
[31-05-2023 19:20:06.502] - DATA	:	Protocol id.	:	[ISO]
[31-05-2023 19:20:06.502] - DATA	:	Message header	:	[60100000]
[31-05-2023 19:20:06.502] - DATA	:	Bitmap HEX	:	[02 30 01 80 88 00 00 00]
[31-05-2023 19:20:06.502] - ***********************************************************************
[31-05-2023 19:20:06.502] - 	ISO Message Fields Data elements :
[31-05-2023 19:20:06.502] - 	[F007] [Transmission date & time (AAMMJJhhmm)] : ---------------------------- : 2305311920
[31-05-2023 19:20:06.502] - 	[F011] [System trace audit number (STAN)] : --------------------------------- : 649660
[31-05-2023 19:20:06.502] - 	[F012] [Local transaction time (AAMMJJhhmmss)] : ---------------------------- : 2305311920
[31-05-2023 19:20:06.502] - 	[F024] [Function code] : ---------------------------------------------------- : 801
[31-05-2023 19:20:06.502] - 	[F025] [Point of service condition code] : ---------------------------------- : 0000
[31-05-2023 19:20:06.502] - 	[F033] [Forwarding institution identification code] : ----------------------- : 00000001010
[31-05-2023 19:20:06.502] - 	[F037] [Retrieval reference number] : --------------------------------------- : 919285914179
[31-05-2023 19:20:06.502] - 	[F128] [Message authentication code] : -------------------------------------- : 00000000
[31-05-2023 19:20:06.502] - ***********************************************************************
[31-05-2023 19:20:06.502] - INFO	:	Packaging to ISO payload	[...]
[31-05-2023 19:20:06.502] - ***********************************************************************
[31-05-2023 19:20:06.502] - 
[31-05-2023 19:20:06.502] - 	  Offset  00 01 02 03 04 05 06 07 08 09 0A 0B 0C 0D 0E 0F
[31-05-2023 19:20:06.502] - 	00000000  30 31 34 35 49 53 4F 36 30 31 30 30 30 30 30 31  0145ISO601000001
[31-05-2023 19:20:06.502] - 	00000010  38 30 34 30 32 33 30 30 31 38 30 38 38 30 30 30  8040230018088000
[31-05-2023 19:20:06.502] - 	00000020  30 30 30 32 33 30 35 33 31 31 39 32 30 36 34 39  0002305311920649
[31-05-2023 19:20:06.502] - 	00000030  36 36 30 32 33 30 35 33 31 31 39 32 30 38 30 31  6602305311920801
[31-05-2023 19:20:06.502] - 	00000040  30 30 30 30 31 31 30 30 30 30 30 30 30 31 30 31  0000110000000101
[31-05-2023 19:20:06.502] - 	00000050  30 39 31 39 32 38 35 39 31 34 31 37 39 30 30 30  0919285914179000
[31-05-2023 19:20:06.502] - 	00000060  30 30 30 30 30                                   00000           
[31-05-2023 19:20:06.502] - 	
[31-05-2023 19:20:06.502] - ***********************************************************************
[31-05-2023 19:20:06.502] - INFO	:	Sending request to server	[...]
[31-05-2023 19:20:06.502] - INFO	:	Request sent to server
[31-05-2023 19:20:06.502] - ***********************************************************************
[31-05-2023 19:20:06.502] - INFO	:	Awating response from server [...]
[31-05-2023 19:20:06.502] - ***********************************************************************
[31-05-2023 19:20:11.506] - INFO	:	MTI 		:	[1804]
[31-05-2023 19:20:11.506] - INFO	:	Conn. state	:	[Sign-Off]
[31-05-2023 19:20:11.506] - INFO	:	ISO853 VERSION	:	[ISO 8583:1993]
[31-05-2023 19:20:11.506] - INFO	:	MESSAGE CLASS	:	[Network management]
[31-05-2023 19:20:11.506] - INFO	:	MESSAGE FUNC.	:	[Request]
[31-05-2023 19:20:11.506] - INFO	:	MESSAGE ORIGIN	:	[Other]
[31-05-2023 19:20:11.506] - ***********************************************************************
[31-05-2023 19:20:11.506] - DATA	:	Protocol id.	:	[ISO]
[31-05-2023 19:20:11.506] - DATA	:	Message header	:	[60100000]
[31-05-2023 19:20:11.506] - DATA	:	Bitmap HEX	:	[02 30 01 80 88 00 00 00]
[31-05-2023 19:20:11.506] - ***********************************************************************
[31-05-2023 19:20:11.506] - 	ISO Message Fields Data elements :
[31-05-2023 19:20:11.506] - 	[F007] [Transmission date & time (AAMMJJhhmm)] : ---------------------------- : 2305311920
[31-05-2023 19:20:11.506] - 	[F011] [System trace audit number (STAN)] : --------------------------------- : 075194
[31-05-2023 19:20:11.506] - 	[F012] [Local transaction time (AAMMJJhhmmss)] : ---------------------------- : 2305311920
[31-05-2023 19:20:11.506] - 	[F024] [Function code] : ---------------------------------------------------- : 801
[31-05-2023 19:20:11.506] - 	[F025] [Point of service condition code] : ---------------------------------- : 0000
[31-05-2023 19:20:11.506] - 	[F033] [Forwarding institution identification code] : ----------------------- : 00000001010
[31-05-2023 19:20:11.506] - 	[F037] [Retrieval reference number] : --------------------------------------- : 573040695920
[31-05-2023 19:20:11.506] - 	[F128] [Message authentication code] : -------------------------------------- : 00000000
[31-05-2023 19:20:11.506] - ***********************************************************************
[31-05-2023 19:20:11.506] - INFO	:	Packaging to ISO payload	[...]
[31-05-2023 19:20:11.506] - ***********************************************************************
[31-05-2023 19:20:11.506] - 
[31-05-2023 19:20:11.506] - 	  Offset  00 01 02 03 04 05 06 07 08 09 0A 0B 0C 0D 0E 0F
[31-05-2023 19:20:11.506] - 	00000000  30 31 34 35 49 53 4F 36 30 31 30 30 30 30 30 31  0145ISO601000001
[31-05-2023 19:20:11.506] - 	00000010  38 30 34 30 32 33 30 30 31 38 30 38 38 30 30 30  8040230018088000
[31-05-2023 19:20:11.506] - 	00000020  30 30 30 32 33 30 35 33 31 31 39 32 30 30 37 35  0002305311920075
[31-05-2023 19:20:11.506] - 	00000030  31 39 34 32 33 30 35 33 31 31 39 32 30 38 30 31  1942305311920801
[31-05-2023 19:20:11.506] - 	00000040  30 30 30 30 31 31 30 30 30 30 30 30 30 31 30 31  0000110000000101
[31-05-2023 19:20:11.506] - 	00000050  30 35 37 33 30 34 30 36 39 35 39 32 30 30 30 30  0573040695920000
[31-05-2023 19:20:11.506] - 	00000060  30 30 30 30 30                                   00000           
[31-05-2023 19:20:11.506] - 	
[31-05-2023 19:20:11.506] - ***********************************************************************
[31-05-2023 19:20:11.506] - INFO	:	Sending request to server	[...]
[31-05-2023 19:20:11.506] - INFO	:	Request sent to server
[31-05-2023 19:20:11.506] - ***********************************************************************
[31-05-2023 19:20:11.506] - INFO	:	Awating response from server [...]
[31-05-2023 19:20:11.506] - ***********************************************************************
[31-05-2023 19:19:56.446] - *************************************************************************************************
[31-05-2023 19:19:56.446] - WARN	:	Conn. set to Sign-Off. No reponse from server to network message request
[31-05-2023 19:19:56.446] - *************************************************************************************************
[31-05-2023 19:20:11.514] - INFO	:	MTI 		:	[1804]
[31-05-2023 19:20:11.514] - INFO	:	Conn. state	:	[Sign-Off]
[31-05-2023 19:20:11.514] - INFO	:	ISO853 VERSION	:	[ISO 8583:1993]
[31-05-2023 19:20:11.514] - INFO	:	MESSAGE CLASS	:	[Network management]
[31-05-2023 19:20:11.514] - INFO	:	MESSAGE FUNC.	:	[Request]
[31-05-2023 19:20:11.514] - INFO	:	MESSAGE ORIGIN	:	[Other]
[31-05-2023 19:20:11.514] - ***********************************************************************
[31-05-2023 19:20:11.514] - DATA	:	Protocol id.	:	[ISO]
[31-05-2023 19:20:11.514] - DATA	:	Message header	:	[60100000]
[31-05-2023 19:20:11.514] - DATA	:	Bitmap HEX	:	[02 30 01 80 88 00 00 00]
[31-05-2023 19:20:11.514] - ***********************************************************************
[31-05-2023 19:20:11.514] - 	ISO Message Fields Data elements :
[31-05-2023 19:20:11.514] - 	[F007] [Transmission date & time (AAMMJJhhmm)] : ---------------------------- : 2305311920
[31-05-2023 19:20:11.514] - 	[F011] [System trace audit number (STAN)] : --------------------------------- : 739691
[31-05-2023 19:20:11.514] - 	[F012] [Local transaction time (AAMMJJhhmmss)] : ---------------------------- : 2305311920
[31-05-2023 19:20:11.514] - 	[F024] [Function code] : ---------------------------------------------------- : 801
[31-05-2023 19:20:11.514] - 	[F025] [Point of service condition code] : ---------------------------------- : 0000
[31-05-2023 19:20:11.514] - 	[F033] [Forwarding institution identification code] : ----------------------- : 00000001010
[31-05-2023 19:20:11.514] - 	[F037] [Retrieval reference number] : --------------------------------------- : 365762117745
[31-05-2023 19:20:11.514] - 	[F128] [Message authentication code] : -------------------------------------- : 00000000
[31-05-2023 19:20:11.514] - ***********************************************************************
[31-05-2023 19:20:11.514] - INFO	:	Packaging to ISO payload	[...]
[31-05-2023 19:20:11.514] - ***********************************************************************
[31-05-2023 19:20:11.514] - 
[31-05-2023 19:20:11.514] - 	  Offset  00 01 02 03 04 05 06 07 08 09 0A 0B 0C 0D 0E 0F
[31-05-2023 19:20:11.514] - 	00000000  30 31 34 35 49 53 4F 36 30 31 30 30 30 30 30 31  0145ISO601000001
[31-05-2023 19:20:11.514] - 	00000010  38 30 34 30 32 33 30 30 31 38 30 38 38 30 30 30  8040230018088000
[31-05-2023 19:20:11.514] - 	00000020  30 30 30 32 33 30 35 33 31 31 39 32 30 37 33 39  0002305311920739
[31-05-2023 19:20:11.514] - 	00000030  36 39 31 32 33 30 35 33 31 31 39 32 30 38 30 31  6912305311920801
[31-05-2023 19:20:11.514] - 	00000040  30 30 30 30 31 31 30 30 30 30 30 30 30 31 30 31  0000110000000101
[31-05-2023 19:20:11.514] - 	00000050  30 33 36 35 37 36 32 31 31 37 37 34 35 30 30 30  0365762117745000
[31-05-2023 19:20:11.514] - 	00000060  30 30 30 30 30                                   00000           
[31-05-2023 19:20:11.514] - 	
[31-05-2023 19:20:11.514] - ***********************************************************************
[31-05-2023 19:20:11.514] - INFO	:	Sending request to server	[...]
[31-05-2023 19:20:11.514] - INFO	:	Request sent to server
[31-05-2023 19:20:11.514] - ***********************************************************************
[31-05-2023 19:20:11.514] - INFO	:	Awating response from server [...]
[31-05-2023 19:20:11.514] - ***********************************************************************
[31-05-2023 19:19:56.447] - *************************************************************************************************
[31-05-2023 19:19:56.447] - WARN	:	Conn. set to Sign-Off. No reponse from server to network message request
[31-05-2023 19:19:56.447] - *************************************************************************************************
