[19-05-2023 01:02:12.365] - **********************************************************************************************************************
[19-05-2023 01:02:12.365] - INFO	:	TLS Client initialization	[...]
[19-05-2023 01:02:12.365] - INFO	:	Attempt to connect to server	[...]
[19-05-2023 01:02:12.365] - INFO	:	Connection Request Sent
[19-05-2023 01:02:12.365] - INFO	:	Checking server certificate	[...]
[19-05-2023 01:02:12.365] - INFO	:	Authorized server
[19-05-2023 01:02:12.365] - INFO	:	Connected successfully to TLS server
[19-05-2023 01:02:12.365] - ***********************************************************************
[19-05-2023 01:02:12.365] - INFO	:	Connection state : Sign-OFF
[19-05-2023 01:02:12.365] - INFO	:	Correct MTI Length
[19-05-2023 01:02:12.365] - INFO	:	ISO853 VERSION	:	[ISO 8583:1993]
[19-05-2023 01:02:12.365] - INFO	:	MESSAGE CLASS	:	[Network management]
[19-05-2023 01:02:12.365] - INFO	:	MESSAGE FUNC.	:	[Request]
[19-05-2023 01:02:12.365] - INFO	:	MESSAGE ORIGIN	:	[Other]
[19-05-2023 01:02:12.365] - ***********************************************************************
[19-05-2023 01:02:12.365] - DATA	:	Protocol id.	:	[ISO]
[19-05-2023 01:02:12.365] - DATA	:	Message header	:	[60100000]
[19-05-2023 01:02:12.365] - DATA	:	Message MTI	:	[1804]
[19-05-2023 01:02:12.365] - DATA	:	Bitmap HEX	:	[02 30 01 80 88 00 00 00]
[19-05-2023 01:02:12.365] - ***********************************************************************
[19-05-2023 01:02:12.365] - 	ISO Message Fields Data elements :
[19-05-2023 01:02:12.365] - 	[F007] [Transmission date & time (AAMMJJhhmm)] : ---------------------------- : 04242023
[19-05-2023 01:02:12.365] - 	[F011] [System trace audit number (STAN)] : --------------------------------- : 123456
[19-05-2023 01:02:12.365] - 	[F012] [Local transaction time (AAMMJJhhmmss)] : ---------------------------- : 230424120000
[19-05-2023 01:02:12.365] - 	[F024] [Function code] : ---------------------------------------------------- : 801
[19-05-2023 01:02:12.365] - 	[F025] [Point of service condition code] : ---------------------------------- : 1234
[19-05-2023 01:02:12.365] - 	[F033] [Forwarding institution identification code] : ----------------------- : 00000001010
[19-05-2023 01:02:12.365] - 	[F037] [Retrieval reference number] : --------------------------------------- : 000000000000
[19-05-2023 01:02:12.365] - 	[F128] [Message authentication code] : -------------------------------------- : 00000000
[19-05-2023 01:02:12.365] - INFO	:	Packaging to ISO payload	[...]
[19-05-2023 01:02:12.365] - ERROR	:	Packaging to ISO payload failed

