[23-05-2023 18:38:55.195] - **********************************************************************************************************************
[23-05-2023 18:38:55.195] - INFO	:	TLS Client initialization	[...]
[23-05-2023 18:38:55.195] - INFO	:	Attempt to connect to server	[...]
[23-05-2023 18:38:55.195] - INFO	:	Connection Request Sent
[23-05-2023 18:38:55.195] - INFO	:	Checking server certificate	[...]
[23-05-2023 18:38:55.195] - INFO	:	Authorized server
[23-05-2023 18:38:55.195] - INFO	:	Connected successfully to TLS server
[23-05-2023 18:38:55.195] - ***********************************************************************
[23-05-2023 18:38:55.195] - INFO	:	Connection state : 	[Sign-OFF]
[23-05-2023 18:38:55.195] - INFO	:	ISO853 VERSION	:	[ISO 8583:1993]
[23-05-2023 18:38:55.195] - INFO	:	MESSAGE CLASS	:	[Network management]
[23-05-2023 18:38:55.195] - INFO	:	MESSAGE FUNC.	:	[Request]
[23-05-2023 18:38:55.195] - INFO	:	MESSAGE ORIGIN	:	[Other]
[23-05-2023 18:38:55.195] - ***********************************************************************
[23-05-2023 18:38:55.195] - DATA	:	Protocol id.	:	[ISO]
[23-05-2023 18:38:55.195] - DATA	:	Message header	:	[60100000]
[23-05-2023 18:38:55.195] - DATA	:	Message MTI	:	[1804]
[23-05-2023 18:38:55.195] - DATA	:	Bitmap HEX	:	[02 30 01 80 88 00 00 00]
[23-05-2023 18:38:55.195] - ***********************************************************************
[23-05-2023 18:38:55.195] - 	ISO Message Fields Data elements :
[23-05-2023 18:38:55.195] - 	[F007] [Transmission date & time (AAMMJJhhmm)] : ---------------------------- : 2305231838
[23-05-2023 18:38:55.195] - 	[F011] [System trace audit number (STAN)] : --------------------------------- : 487169
[23-05-2023 18:38:55.195] - 	[F012] [Local transaction time (AAMMJJhhmmss)] : ---------------------------- : 2305231838
[23-05-2023 18:38:55.195] - 	[F024] [Function code] : ---------------------------------------------------- : 801
[23-05-2023 18:38:55.195] - 	[F025] [Point of service condition code] : ---------------------------------- : 0000
[23-05-2023 18:38:55.195] - 	[F033] [Forwarding institution identification code] : ----------------------- : 00000001010
[23-05-2023 18:38:55.195] - 	[F037] [Retrieval reference number] : --------------------------------------- : 392679672166
[23-05-2023 18:38:55.195] - 	[F128] [Message authentication code] : -------------------------------------- : 00000000
[23-05-2023 18:38:55.195] - ***********************************************************************
[23-05-2023 18:38:55.195] - INFO	:	Packaging to ISO payload	[...]
[23-05-2023 18:38:55.195] - ***********************************************************************
[23-05-2023 18:38:55.195] - 
[23-05-2023 18:38:55.195] - 	  Offset  00 01 02 03 04 05 06 07 08 09 0A 0B 0C 0D 0E 0F
[23-05-2023 18:38:55.195] - 	00000000  30 31 34 35 49 53 4F 36 30 31 30 30 30 30 30 31  0145ISO601000001
[23-05-2023 18:38:55.195] - 	00000010  38 30 34 30 32 33 30 30 31 38 30 38 38 30 30 30  8040230018088000
[23-05-2023 18:38:55.195] - 	00000020  30 30 30 32 33 30 35 32 33 31 38 33 38 34 38 37  0002305231838487
[23-05-2023 18:38:55.195] - 	00000030  31 36 39 32 33 30 35 32 33 31 38 33 38 38 30 31  1692305231838801
[23-05-2023 18:38:55.195] - 	00000040  30 30 30 30 31 31 30 30 30 30 30 30 30 31 30 31  0000110000000101
[23-05-2023 18:38:55.195] - 	00000050  30 33 39 32 36 37 39 36 37 32 31 36 36 30 30 30  0392679672166000
[23-05-2023 18:38:55.195] - 	00000060  30 30 30 30 30                                   00000           
[23-05-2023 18:38:55.195] - 	
[23-05-2023 18:38:55.195] - ***********************************************************************
[23-05-2023 18:38:55.195] - INFO	:	Sending request to server	[...]
[23-05-2023 18:38:55.195] - INFO	:	Request sent to server
[23-05-2023 18:38:55.195] - ***********************************************************************
[23-05-2023 18:38:55.195] - INFO	:	Awating response from server [...]
[23-05-2023 18:38:55.195] - ***********************************************************************[23-05-2023 18:38:55.272] - INFO	: Client recieved response from server
[23-05-2023 18:38:55.272] - DATA	: Payload data recieved
[23-05-2023 18:38:55.272] - 02107230058020C08200002016485078000047812300300100040041000007010082013054601100661816001201215082013060002200305602400320002500100350374850781234567891=19082012232800000037037012708981921851038006VaHYUU0390010041008009924680420150001246421246430490036430552609f2608571f1e10d4fa4aac9f2701809f100706010a03a4b8029f37045bb074729f3602000c950500800010009a031508189c01009f02060000000010005f2a02064382023c009f1a0206439f03060000000000009f3303e0f0c89f34034403029f3501229f1e0835313230323831358407a00000000310109f41030000565f340101
[23-05-2023 18:38:55.272] - INFO	: Unpacking in ISO message [...]
[23-05-2023 18:38:55.272] - INFO	: Successfull
[23-05-2023 18:38:55.272] - DATA	: Data Fields
[23-05-2023 18:38:55.272] - ***********************************************************************
[23-05-2023 18:38:55.272] - ***********************************************************************
[23-05-2023 18:38:55.272] - INFO	: Awating data to send to server [...]
[23-05-2023 18:38:55.272] - ***********************************************************************

[23-05-2023 18:57:14.609] - **********************************************************************************************************************
[23-05-2023 18:57:14.609] - INFO	:	TLS Client initialization	[...]
[23-05-2023 18:57:14.609] - INFO	:	Attempt to connect to server	[...]
[23-05-2023 18:57:14.609] - INFO	:	Connection Request Sent
[23-05-2023 18:57:14.609] - INFO	:	Checking server certificate	[...]
[23-05-2023 18:57:14.609] - INFO	:	Authorized server
[23-05-2023 18:57:14.609] - INFO	:	Connected successfully to TLS server
[23-05-2023 18:57:14.609] - ***********************************************************************
[23-05-2023 18:57:14.609] - INFO	:	Connection state : 	[Sign-OFF]
[23-05-2023 18:57:14.609] - INFO	:	ISO853 VERSION	:	[ISO 8583:1993]
[23-05-2023 18:57:14.609] - INFO	:	MESSAGE CLASS	:	[Network management]
[23-05-2023 18:57:14.609] - INFO	:	MESSAGE FUNC.	:	[Request]
[23-05-2023 18:57:14.609] - INFO	:	MESSAGE ORIGIN	:	[Other]
[23-05-2023 18:57:14.609] - ***********************************************************************
[23-05-2023 18:57:14.609] - DATA	:	Protocol id.	:	[ISO]
[23-05-2023 18:57:14.609] - DATA	:	Message header	:	[60100000]
[23-05-2023 18:57:14.609] - DATA	:	Message MTI	:	[1804]
[23-05-2023 18:57:14.609] - DATA	:	Bitmap HEX	:	[02 30 01 80 88 00 00 00]
[23-05-2023 18:57:14.609] - ***********************************************************************
[23-05-2023 18:57:14.609] - 	ISO Message Fields Data elements :
[23-05-2023 18:57:14.609] - 	[F007] [Transmission date & time (AAMMJJhhmm)] : ---------------------------- : 2305231857
[23-05-2023 18:57:14.609] - 	[F011] [System trace audit number (STAN)] : --------------------------------- : 732078
[23-05-2023 18:57:14.609] - 	[F012] [Local transaction time (AAMMJJhhmmss)] : ---------------------------- : 2305231857
[23-05-2023 18:57:14.609] - 	[F024] [Function code] : ---------------------------------------------------- : 801
[23-05-2023 18:57:14.609] - 	[F025] [Point of service condition code] : ---------------------------------- : 0000
[23-05-2023 18:57:14.609] - 	[F033] [Forwarding institution identification code] : ----------------------- : 00000001010
[23-05-2023 18:57:14.609] - 	[F037] [Retrieval reference number] : --------------------------------------- : 200914295436
[23-05-2023 18:57:14.609] - 	[F128] [Message authentication code] : -------------------------------------- : 00000000
[23-05-2023 18:57:14.609] - ***********************************************************************
[23-05-2023 18:57:14.609] - INFO	:	Packaging to ISO payload	[...]
[23-05-2023 18:57:14.609] - ***********************************************************************
[23-05-2023 18:57:14.609] - 
[23-05-2023 18:57:14.609] - 	  Offset  00 01 02 03 04 05 06 07 08 09 0A 0B 0C 0D 0E 0F
[23-05-2023 18:57:14.609] - 	00000000  30 31 34 35 49 53 4F 36 30 31 30 30 30 30 30 31  0145ISO601000001
[23-05-2023 18:57:14.609] - 	00000010  38 30 34 30 32 33 30 30 31 38 30 38 38 30 30 30  8040230018088000
[23-05-2023 18:57:14.609] - 	00000020  30 30 30 32 33 30 35 32 33 31 38 35 37 37 33 32  0002305231857732
[23-05-2023 18:57:14.609] - 	00000030  30 37 38 32 33 30 35 32 33 31 38 35 37 38 30 31  0782305231857801
[23-05-2023 18:57:14.609] - 	00000040  30 30 30 30 31 31 30 30 30 30 30 30 30 31 30 31  0000110000000101
[23-05-2023 18:57:14.609] - 	00000050  30 32 30 30 39 31 34 32 39 35 34 33 36 30 30 30  0200914295436000
[23-05-2023 18:57:14.609] - 	00000060  30 30 30 30 30                                   00000           
[23-05-2023 18:57:14.609] - 	
[23-05-2023 18:57:14.609] - ***********************************************************************
[23-05-2023 18:57:14.609] - INFO	:	Sending request to server	[...]
[2023-05-23T17:57:14.667Z] - INFO	:	Request sent to server
[2023-05-23T17:57:14.667Z] - ***********************************************************************
[2023-05-23T17:57:14.667Z] - INFO	:	Awaiting response from server [...]
[2023-05-23T17:57:14.667Z] - ***********************************************************************[23-05-2023 18:57:14.670] - INFO	: Client recieved response from server
[23-05-2023 18:57:14.670] - DATA	: Payload data recieved
[23-05-2023 18:57:14.670] - 02107230058020C08200002016485078000047812300300100040041000007010082013054601100661816001201215082013060002200305602400320002500100350374850781234567891=19082012232800000037037012708981921851038006VaHYUU0390010041008009924680420150001246421246430490036430552609f2608571f1e10d4fa4aac9f2701809f100706010a03a4b8029f37045bb074729f3602000c950500800010009a031508189c01009f02060000000010005f2a02064382023c009f1a0206439f03060000000000009f3303e0f0c89f34034403029f3501229f1e0835313230323831358407a00000000310109f41030000565f340101
[23-05-2023 18:57:14.670] - INFO	: Unpacking in ISO message [...]
[23-05-2023 18:57:14.670] - INFO	: Successfull
[23-05-2023 18:57:14.670] - DATA	: Data Fields
[23-05-2023 18:57:14.670] - ***********************************************************************
[23-05-2023 18:57:14.670] - ***********************************************************************
[23-05-2023 18:57:14.670] - INFO	: Awating data to send to server [...]
[23-05-2023 18:57:14.670] - ***********************************************************************

