[19-05-2023 14:26:48.014] - **********************************************************************************************************************
[19-05-2023 14:26:48.014] - INFO	:	TLS Client initialization	[...]
[19-05-2023 14:26:48.014] - INFO	:	Attempt to connect to server	[...]
[19-05-2023 14:26:48.014] - INFO	:	Connection Request Sent
[19-05-2023 14:26:48.014] - INFO	:	Checking server certificate	[...]
[19-05-2023 14:26:48.014] - INFO	:	Authorized server
[19-05-2023 14:26:48.014] - INFO	:	Connected successfully to TLS server
[19-05-2023 14:26:48.014] - ***********************************************************************
[19-05-2023 14:26:48.014] - INFO	:	Connection state : Sign-OFF
[19-05-2023 14:26:48.014] - INFO	:	Correct MTI Length
[19-05-2023 14:26:48.014] - INFO	:	ISO853 VERSION	:	[ISO 8583:1993]
[19-05-2023 14:26:48.014] - INFO	:	MESSAGE CLASS	:	[Network management]
[19-05-2023 14:26:48.014] - INFO	:	MESSAGE FUNC.	:	[Request]
[19-05-2023 14:26:48.014] - INFO	:	MESSAGE ORIGIN	:	[Other]
[19-05-2023 14:26:48.014] - ***********************************************************************
[19-05-2023 14:26:48.014] - DATA	:	Protocol id.	:	[ISO]
[19-05-2023 14:26:48.014] - DATA	:	Message header	:	[60100000]
[19-05-2023 14:26:48.014] - DATA	:	Message MTI	:	[1804]
[19-05-2023 14:26:48.014] - DATA	:	Bitmap HEX	:	[02 30 01 80 88 00 00 00]
[19-05-2023 14:26:48.014] - ***********************************************************************
[19-05-2023 14:26:48.014] - 	ISO Message Fields Data elements :
[19-05-2023 14:26:48.014] - 	[F007] [Transmission date & time (AAMMJJhhmm)] : ---------------------------- : 0424202300
[19-05-2023 14:26:48.014] - 	[F011] [System trace audit number (STAN)] : --------------------------------- : 123456
[19-05-2023 14:26:48.014] - 	[F012] [Local transaction time (AAMMJJhhmmss)] : ---------------------------- : 230424120000
[19-05-2023 14:26:48.014] - 	[F024] [Function code] : ---------------------------------------------------- : 801
[19-05-2023 14:26:48.014] - 	[F025] [Point of service condition code] : ---------------------------------- : 1234
[19-05-2023 14:26:48.014] - 	[F033] [Forwarding institution identification code] : ----------------------- : 00000001010
[19-05-2023 14:26:48.014] - 	[F037] [Retrieval reference number] : --------------------------------------- : 000000000000
[19-05-2023 14:26:48.014] - 	[F128] [Message authentication code] : -------------------------------------- : 00000000
[19-05-2023 14:26:48.014] - INFO	:	Packaging to ISO payload	[...]
[19-05-2023 14:26:48.014] - 	  Offset  00 01 02 03 04 05 06 07 08 09 0A 0B 0C 0D 0E 0F
[19-05-2023 14:26:48.014] - 	00000000  30 31 34 37 49 53 4F 36 30 31 30 30 30 30 30 31  0147ISO601000001
[19-05-2023 14:26:48.014] - 	00000010  38 30 34 30 32 33 30 30 31 38 30 38 38 30 30 30  8040230018088000
[19-05-2023 14:26:48.014] - 	00000020  30 30 30 30 34 32 34 32 30 32 33 30 30 31 32 33  0000424202300123
[19-05-2023 14:26:48.014] - 	00000030  34 35 36 32 33 30 34 32 34 31 32 30 30 30 30 38  4562304241200008
[19-05-2023 14:26:48.014] - 	00000040  30 31 31 32 33 34 31 31 30 30 30 30 30 30 30 31  0112341100000001
[19-05-2023 14:26:48.014] - 	00000050  30 31 30 30 30 30 30 30 30 30 30 30 30 30 30 30  0100000000000000
[19-05-2023 14:26:48.014] - 	00000060  30 30 30 30 30 30 30                             0000000         
[19-05-2023 14:26:48.014] - 	
[19-05-2023 14:26:48.014] - INFO	Request sent to server
[19-05-2023 14:26:48.014] - ***********************************************************************
[19-05-2023 14:26:48.014] - INFO	:	Awating response from server [...]
[19-05-2023 14:26:48.014] - ***********************************************************************

[19-05-2023 14:26:48.114] - INFO	: Client recieved response from server
[19-05-2023 14:26:48.114] - DATA	: Payload data recieved
[19-05-2023 14:26:48.114] - 02107230058020C08200002016485078000047812300300100040041000007010082013054601100661816001201215082013060002200305602400320002500100350374850781234567891=19082012232800000037037012708981921851038006VaHYUU0390010041008009924680420150001246421246430490036430552609f2608571f1e10d4fa4aac9f2701809f100706010a03a4b8029f37045bb074729f3602000c950500800010009a031508189c01009f02060000000010005f2a02064382023c009f1a0206439f03060000000000009f3303e0f0c89f34034403029f3501229f1e0835313230323831358407a00000000310109f41030000565f340101
[19-05-2023 14:26:48.114] - INFO	: Unpacking in ISO message [...]
[19-05-2023 14:26:48.114] - INFO	: Successfull
[19-05-2023 14:26:48.114] - DATA	: Data Fields
[19-05-2023 14:26:48.114] - ***********************************************************************
[19-05-2023 14:26:48.114] - ***********************************************************************
[19-05-2023 14:26:48.114] - INFO	: Awating data to send to server [...]
[19-05-2023 14:26:48.114] - ***********************************************************************

[19-05-2023 14:27:03.534] - INFO	:	JSON Data recieved
[19-05-2023 14:27:03.534] - INFO	:	Correct MTI Length
[19-05-2023 14:27:03.534] - INFO	:	ISO853 VERSION	:	[ISO 8583:1987]
[19-05-2023 14:27:03.534] - INFO	:	MESSAGE CLASS	:	[Financial]
[19-05-2023 14:27:03.534] - INFO	:	MESSAGE FUNC.	:	[Request]
[19-05-2023 14:27:03.534] - INFO	:	MESSAGE ORIGIN	:	[Acquirer]
[19-05-2023 14:27:03.534] - ***********************************************************************
[19-05-2023 14:27:03.534] - DATA	:	Protocol id.	:	[ISO]
[19-05-2023 14:27:03.534] - DATA	:	Message header	:	[60100000]
[19-05-2023 14:27:03.534] - DATA	:	Message MTI	:	[0200]
[19-05-2023 14:27:03.534] - DATA	:	Bitmap HEX	:	[F2 30 05 80 20 C0 82 00 00 00 00 00 10 00 00 01]
[19-05-2023 14:27:03.534] - ***********************************************************************
[19-05-2023 14:27:03.534] - DATA	ISO Message Fields Data elements :
[19-05-2023 14:27:03.534] - 	[F002] [Primary account number (PAN)] : ------------------------------------- : 4850781234567891
[19-05-2023 14:27:03.534] - 	[F003] [Processing Code] : -------------------------------------------------- : 123456
[19-05-2023 14:27:03.534] - 	[F004] [Amount Transaction] : ----------------------------------------------- : 100000
[19-05-2023 14:27:03.534] - 	[F007] [Transmission date & time (AAMMJJhhmm)] : ---------------------------- : 04242023
[19-05-2023 14:27:03.534] - 	[F011] [System trace audit number (STAN)] : --------------------------------- : 618160
[19-05-2023 14:27:03.534] - 	[F012] [Local transaction time (AAMMJJhhmmss)] : ---------------------------- : 150820130600
[19-05-2023 14:27:03.534] - 	[F022] [Point of service entry mode] : -------------------------------------- : 056
[19-05-2023 14:27:03.534] - 	[F024] [Function code] : ---------------------------------------------------- : 200
[19-05-2023 14:27:03.534] - 	[F025] [Point of service condition code] : ---------------------------------- : 0
[19-05-2023 14:27:03.534] - 	[F035] [Track 2 data] : ----------------------------------------------------- : 4850781234567891=19082012232800000037
[19-05-2023 14:27:03.534] - 	[F041] [Card acceptor terminal identification] : ---------------------------- : 000124642124643
[19-05-2023 14:27:03.534] - 	[F042] [Card acceptor identification code] : -------------------------------- : 000124642124643
[19-05-2023 14:27:03.534] - 	[F049] [Currency code] : ---------------------------------------------------- : 643
[19-05-2023 14:27:03.534] -		[F055] [ICC data – EMV having multiple tags] :
[19-05-2023 14:27:03.534] -			9F26 : -------- : 571F1E10D4FA4AAC
[19-05-2023 14:27:03.534] -			9F27 : -------- : 80
[19-05-2023 14:27:03.534] -			9F10 : -------- : 06010A03A4B802
[19-05-2023 14:27:03.534] -			9F37 : -------- : 5BB07472
[19-05-2023 14:27:03.534] -			9F36 : -------- : 000C
[19-05-2023 14:27:03.534] -			  95 : -------- : 0080001000
[19-05-2023 14:27:03.534] -			  9A : -------- : 150818
[19-05-2023 14:27:03.534] -			  9C : -------- : 00
[19-05-2023 14:27:03.534] -			9F02 : -------- : 000000001000
[19-05-2023 14:27:03.534] -			5F2A : -------- : 0643
[19-05-2023 14:27:03.534] -			  82 : -------- : 3C00
[19-05-2023 14:27:03.534] -			9F1A : -------- : 0643
[19-05-2023 14:27:03.534] -			9F03 : -------- : 000000000000
[19-05-2023 14:27:03.534] -			9F33 : -------- : E0F0C8
[19-05-2023 14:27:03.534] -			9F34 : -------- : 440302
[19-05-2023 14:27:03.534] -			9F35 : -------- : 22
[19-05-2023 14:27:03.534] -			9F1E : -------- : 3531323032383135
[19-05-2023 14:27:03.534] -			  84 : -------- : A0000000031010
[19-05-2023 14:27:03.534] -			9F41 : -------- : 000056
[19-05-2023 14:27:03.534] -			5F34 : -------- : 01
[19-05-2023 14:27:03.534] - 	[F100] [NO DESC] : ---------------------------------------------------------- : 1111111111111
[19-05-2023 14:27:03.534] - 	[F128] [Message authentication code] : -------------------------------------- : 1111111111111
[19-05-2023 14:27:03.534] - INFO	:	Packaging to ISO payload	[...]
[19-05-2023 14:27:03.534] - 	  Offset  00 01 02 03 04 05 06 07 08 09 0A 0B 0C 0D 0E 0F
[19-05-2023 14:27:03.534] - 	00000000  30 35 30 33 49 53 4F 36 30 31 30 30 30 30 30 30  0503ISO601000000
[19-05-2023 14:27:03.534] - 	00000010  32 30 30 46 32 33 30 30 35 38 30 32 30 43 30 38  200F230058020C08
[19-05-2023 14:27:03.534] - 	00000020  32 30 30 30 30 30 30 30 30 30 30 31 30 30 30 30  2000000000010000
[19-05-2023 14:27:03.534] - 	00000030  30 30 31 31 36 34 38 35 30 37 38 31 32 33 34 35  0011648507812345
[19-05-2023 14:27:03.534] - 	00000040  36 37 38 39 31 31 32 33 34 35 36 31 30 30 30 30  6789112345610000
[19-05-2023 14:27:03.534] - 	00000050  30 30 34 32 34 32 30 32 33 36 31 38 31 36 30 31  0042420236181601
[19-05-2023 14:27:03.534] - 	00000060  35 30 38 32 30 31 33 30 36 30 30 30 35 36 32 30  5082013060005620
[19-05-2023 14:27:03.534] - 	00000070  30 30 33 37 34 38 35 30 37 38 31 32 33 34 35 36  0037485078123456
[19-05-2023 14:27:03.534] - 	00000080  37 38 39 31 3D 31 39 30 38 32 30 31 32 32 33 32  7891=19082012232
[19-05-2023 14:27:03.534] - 	00000090  38 30 30 30 30 30 30 33 37 30 30 30 31 32 34 36  8000000370001246
[19-05-2023 14:27:03.534] - 	000000A0  34 32 31 32 34 36 34 33 30 30 30 31 32 34 36 34  4212464300012464
[19-05-2023 14:27:03.534] - 	000000B0  32 31 32 34 36 34 33 36 34 33 32 36 30 39 66 32  21246436432609f2
[19-05-2023 14:27:03.534] - 	000000C0  36 30 38 35 37 31 66 31 65 31 30 64 34 66 61 34  608571f1e10d4fa4
[19-05-2023 14:27:03.534] - 	000000D0  61 61 63 39 66 32 37 30 31 38 30 39 66 31 30 30  aac9f2701809f100
[19-05-2023 14:27:03.534] - 	000000E0  37 30 36 30 31 30 61 30 33 61 34 62 38 30 32 39  706010a03a4b8029
[19-05-2023 14:27:03.534] - 	000000F0  66 33 37 30 34 35 62 62 30 37 34 37 32 39 66 33  f37045bb074729f3
[19-05-2023 14:27:03.534] - 	00000100  36 30 32 30 30 30 63 39 35 30 35 30 30 38 30 30  602000c950500800
[19-05-2023 14:27:03.534] - 	00000110  30 31 30 30 30 39 61 30 33 31 35 30 38 31 38 39  010009a031508189
[19-05-2023 14:27:03.534] - 	00000120  63 30 31 30 30 39 66 30 32 30 36 30 30 30 30 30  c01009f020600000
[19-05-2023 14:27:03.534] - 	00000130  30 30 30 31 30 30 30 35 66 32 61 30 32 30 36 34  00010005f2a02064
[19-05-2023 14:27:03.534] - 	00000140  33 38 32 30 32 33 63 30 30 39 66 31 61 30 32 30  382023c009f1a020
[19-05-2023 14:27:03.534] - 	00000150  36 34 33 39 66 30 33 30 36 30 30 30 30 30 30 30  6439f03060000000
[19-05-2023 14:27:03.534] - 	00000160  30 30 30 30 30 39 66 33 33 30 33 65 30 66 30 63  000009f3303e0f0c
[19-05-2023 14:27:03.534] - 	00000170  38 39 66 33 34 30 33 34 34 30 33 30 32 39 66 33  89f34034403029f3
[19-05-2023 14:27:03.534] - 	00000180  35 30 31 32 32 39 66 31 65 30 38 33 35 33 31 33  501229f1e0835313
[19-05-2023 14:27:03.534] - 	00000190  32 33 30 33 32 33 38 33 31 33 35 38 34 30 37 61  230323831358407a
[19-05-2023 14:27:03.534] - 	000001A0  30 30 30 30 30 30 30 30 33 31 30 31 30 39 66 34  00000000310109f4
[19-05-2023 14:27:03.534] - 	000001B0  31 30 33 30 30 30 30 35 36 35 66 33 34 30 31 30  1030000565f34010
[19-05-2023 14:27:03.534] - 	000001C0  31 31 31 31 31 31 31 31 31 31 31 31 31 31 31 31  1111111111111111
[19-05-2023 14:27:03.534] - 	000001D0  31 31 31 31 31 31 31 31 31 31 31                 11111111111     
[19-05-2023 14:27:03.534] - 	
[19-05-2023 14:27:03.534] - INFO	Request sent to server
[19-05-2023 14:27:03.534] - ***********************************************************************
[19-05-2023 14:27:03.534] - INFO	:	Awating response from server [...]
[19-05-2023 14:27:03.534] - ***********************************************************************
[19-05-2023 14:27:03.540] - INFO	: Client recieved response from server
[19-05-2023 14:27:03.540] - DATA	: Payload data recieved
[19-05-2023 14:27:03.540] - 02107230058020C08200002016485078000047812300300100040041000007010082013054601100661816001201215082013060002200305602400320002500100350374850781234567891=19082012232800000037037012708981921851038006VaHYUU0390010041008009924680420150001246421246430490036430552609f2608571f1e10d4fa4aac9f2701809f100706010a03a4b8029f37045bb074729f3602000c950500800010009a031508189c01009f02060000000010005f2a02064382023c009f1a0206439f03060000000000009f3303e0f0c89f34034403029f3501229f1e0835313230323831358407a00000000310109f41030000565f340101
[19-05-2023 14:27:03.540] - INFO	: Unpacking in ISO message [...]
[19-05-2023 14:27:03.540] - INFO	: Successfull
[19-05-2023 14:27:03.540] - DATA	: Data Fields
[19-05-2023 14:27:03.540] - ***********************************************************************
[19-05-2023 14:27:03.540] - ***********************************************************************
[19-05-2023 14:27:03.540] - INFO	: Awating data to send to server [...]
[19-05-2023 14:27:03.540] - ***********************************************************************

