[02-06-2023 18:36:59.447] - **********************************************************************************************************************
[02-06-2023 18:36:59.447] - INFO	:	TLS Client initialization	[...]
[02-06-2023 18:36:59.447] - INFO	:	Attempt to connect to server	[...]
[02-06-2023 18:36:59.447] - INFO	:	Connection Request Sent
[02-06-2023 18:36:59.447] - INFO	:	Checking server certificate	[...]
[02-06-2023 18:36:59.447] - INFO	:	Authorized server
[02-06-2023 18:36:59.447] - INFO	:	Connected successfully to TLS server
[02-06-2023 18:36:59.447] - ***********************************************************************
[02-06-2023 18:37:04.516] - INFO	:	MTI 		:	[1804]
[02-06-2023 18:37:04.516] - INFO	:	Conn. state	:	[undefined]
[02-06-2023 18:37:04.516] - INFO	:	ISO853 VERSION	:	[ISO 8583:1993]
[02-06-2023 18:37:04.516] - INFO	:	MESSAGE CLASS	:	[Network management]
[02-06-2023 18:37:04.516] - INFO	:	MESSAGE FUNC.	:	[Request]
[02-06-2023 18:37:04.516] - INFO	:	MESSAGE ORIGIN	:	[Other]
[02-06-2023 18:37:04.516] - ***********************************************************************
[02-06-2023 18:37:04.516] - DATA	:	Protocol id.	:	[ISO]
[02-06-2023 18:37:04.516] - DATA	:	Message header	:	[60100000]
[02-06-2023 18:37:04.516] - DATA	:	Bitmap HEX	:	[02 30 01 80 88 00 00 00 00 00 00 00 00 00 00 01]
[02-06-2023 18:37:04.516] - ***********************************************************************
[02-06-2023 18:37:04.516] - 	ISO Message Fields Data elements :
[02-06-2023 18:37:04.516] - 	[F007] [Transmission date & time (AAMMJJhhmm)] : ---------------------------- : 2306021837
[02-06-2023 18:37:04.516] - 	[F011] [System trace audit number (STAN)] : --------------------------------- : 415064
[02-06-2023 18:37:04.516] - 	[F012] [Local transaction time (AAMMJJhhmmss)] : ---------------------------- : 2306021837
[02-06-2023 18:37:04.516] - 	[F024] [Function code] : ---------------------------------------------------- : 801
[02-06-2023 18:37:04.516] - 	[F025] [Point of service condition code] : ---------------------------------- : 0000
[02-06-2023 18:37:04.516] - 	[F033] [Forwarding institution identification code] : ----------------------- : 00000001010
[02-06-2023 18:37:04.516] - 	[F037] [Retrieval reference number] : --------------------------------------- : 340431526700
[02-06-2023 18:37:04.516] - 	[F128] [Message authentication code] : -------------------------------------- : 00000000
[02-06-2023 18:37:04.516] - ***********************************************************************
[02-06-2023 18:37:04.516] - INFO	:	Packaging to ISO payload	[...]
[02-06-2023 18:37:04.516] - ***********************************************************************
[02-06-2023 18:37:04.516] - 
[02-06-2023 18:37:04.516] - 	  Offset  00 01 02 03 04 05 06 07 08 09 0A 0B 0C 0D 0E 0F
[02-06-2023 18:37:04.516] - 	00000000  30 31 34 35 49 53 4F 36 30 31 30 30 30 30 30 31  0145ISO601000001
[02-06-2023 18:37:04.516] - 	00000010  38 30 34 30 32 33 30 30 31 38 30 38 38 30 30 30  8040230018088000
[02-06-2023 18:37:04.516] - 	00000020  30 30 30 30 30 30 30 30 30 30 30 30 30 30 30 30  0000000000000000
[02-06-2023 18:37:04.516] - 	00000030  30 30 31 32 33 30 36 30 32 31 38 33 37 34 31 35  0012306021837415
[02-06-2023 18:37:04.516] - 	00000040  30 36 34 32 33 30 36 30 32 31 38 33 37 38 30 31  0642306021837801
[02-06-2023 18:37:04.516] - 	00000050  30 30 30 30 31 31 30 30 30 30 30 30 30 31 30 31  0000110000000101
[02-06-2023 18:37:04.516] - 	00000060  30 33 34 30 34 33 31 35 32 36 37 30 30 30 30 30  0340431526700000
[02-06-2023 18:37:04.516] - 	00000070  30 30 30 30 30                                   00000           
[02-06-2023 18:37:04.516] - 	
[02-06-2023 18:37:04.516] - ***********************************************************************
[02-06-2023 18:37:04.516] - INFO	:	Sending request to server	[...]
[02-06-2023 18:37:04.516] - INFO	:	Request sent to server
[02-06-2023 18:37:04.516] - ***********************************************************************
[02-06-2023 18:37:04.516] - INFO	:	Awating response from server [...]
[02-06-2023 18:37:04.516] - ***********************************************************************
[02-06-2023 18:37:04.570] - INFO	:	MTI 		:	[1814]
[02-06-2023 18:37:04.570] - INFO	:	Conn. state	:	[Sign-On]
[02-06-2023 18:37:04.570] - INFO	:	ISO853 VERSION	:	[ISO 8583:1993]
[02-06-2023 18:37:04.570] - INFO	:	MESSAGE CLASS	:	[Network management]
[02-06-2023 18:37:04.570] - INFO	:	MESSAGE FUNC.	:	[Request response]
[02-06-2023 18:37:04.570] - INFO	:	MESSAGE ORIGIN	:	[Other]
[02-06-2023 18:37:04.570] - ***********************************************************************
[02-06-2023 18:37:04.570] - DATA	:	Protocol id.	:	[ISO]
[02-06-2023 18:37:04.570] - DATA	:	Message header	:	[60100000]
[02-06-2023 18:37:04.570] - DATA	:	Message MTI	:	[1814]
[02-06-2023 18:37:04.570] - DATA	:	Bitmap HEX	:	[02 30 00 00 8A 00 00 00 00 00 00 00 00 00 00 01]
[02-06-2023 18:37:04.570] - ***********************************************************************
[02-06-2023 18:37:04.570] - 	ISO Message Fields Data elements :
[02-06-2023 18:37:04.570] - 	[F007] [Transmission date & time (AAMMJJhhmm)] : ---------------------------- : 2306012019
[02-06-2023 18:37:04.570] - 	[F011] [System trace audit number (STAN)] : --------------------------------- : 111111
[02-06-2023 18:37:04.570] - 	[F012] [Local transaction time (AAMMJJhhmmss)] : ---------------------------- : 230601201905
[02-06-2023 18:37:04.570] - 	[F033] [Forwarding institution identification code] : ----------------------- : 00000001010
[02-06-2023 18:37:04.570] - 	[F037] [Retrieval reference number] : --------------------------------------- : 121212121212
[02-06-2023 18:37:04.570] - 	[F039] [Response code] : ---------------------------------------------------- : 800
[02-06-2023 18:37:04.570] - 	[F128] [Message authentication code] : -------------------------------------- : 00000000
[02-06-2023 18:37:04.570] - ***********************************************************************
[02-06-2023 18:37:04.570] - INFO	:	Payload recieved
[02-06-2023 18:37:04.570] - ***********************************************************************
[02-06-2023 18:37:04.570] - 	  Offset  00 01 02 03 04 05 06 07 08 09 0A 0B 0C 0D 0E 0F
[02-06-2023 18:37:04.570] - 	00000000  30 31 34 31 49 53 4F 36 30 31 30 30 30 30 30 31  0141ISO601000001
[02-06-2023 18:37:04.570] - 	00000010  38 31 34 30 32 33 30 30 30 30 30 38 41 30 30 30  814023000008A000
[02-06-2023 18:37:04.570] - 	00000020  30 30 30 30 30 30 30 30 30 30 30 30 30 30 30 30  0000000000000000
[02-06-2023 18:37:04.570] - 	00000030  30 30 31 32 33 30 36 30 31 32 30 31 39 31 31 31  0012306012019111
[02-06-2023 18:37:04.570] - 	00000040  31 31 31 32 33 30 36 30 31 32 30 31 39 30 35 31  1112306012019051
[02-06-2023 18:37:04.570] - 	00000050  31 30 30 30 30 30 30 30 31 30 31 30 31 32 31 32  1000000010101212
[02-06-2023 18:37:04.570] - 	00000060  31 32 31 32 31 32 31 32 38 30 30 30 30 30 30 30  1212121280000000
[02-06-2023 18:37:04.570] - 	00000070  30 30 30                                         000             
[02-06-2023 18:37:04.570] - 	
[02-06-2023 18:37:04.570] - ***********************************************************************
[02-06-2023 18:37:04.570] - INFO	:	Awating data to send to server
[02-06-2023 18:37:04.570] - ***********************************************************************

[02-06-2023 18:44:08.654] - **********************************************************************************************************************
[02-06-2023 18:44:08.654] - INFO	:	TLS Client initialization	[...]
[02-06-2023 18:44:08.654] - INFO	:	Attempt to connect to server	[...]
[02-06-2023 18:44:08.654] - INFO	:	Connection Request Sent
[02-06-2023 18:44:08.654] - INFO	:	Checking server certificate	[...]
[02-06-2023 18:44:08.654] - INFO	:	Authorized server
[02-06-2023 18:44:08.654] - INFO	:	Connected successfully to TLS server
[02-06-2023 18:44:08.654] - ***********************************************************************
[02-06-2023 18:44:13.704] - INFO	:	MTI 		:	[1804]
[02-06-2023 18:44:13.704] - INFO	:	Conn. state	:	[undefined]
[02-06-2023 18:44:13.704] - INFO	:	ISO853 VERSION	:	[ISO 8583:1993]
[02-06-2023 18:44:13.704] - INFO	:	MESSAGE CLASS	:	[Network management]
[02-06-2023 18:44:13.704] - INFO	:	MESSAGE FUNC.	:	[Request]
[02-06-2023 18:44:13.704] - INFO	:	MESSAGE ORIGIN	:	[Other]
[02-06-2023 18:44:13.704] - ***********************************************************************
[02-06-2023 18:44:13.704] - DATA	:	Protocol id.	:	[ISO]
[02-06-2023 18:44:13.704] - DATA	:	Message header	:	[60100000]
[02-06-2023 18:44:13.704] - DATA	:	Bitmap HEX	:	[02 30 01 80 88 00 00 00 00 00 00 00 00 00 00 01]
[02-06-2023 18:44:13.704] - ***********************************************************************
[02-06-2023 18:44:13.704] - 	ISO Message Fields Data elements :
[02-06-2023 18:44:13.704] - 	[F007] [Transmission date & time (AAMMJJhhmm)] : ---------------------------- : 2306021844
[02-06-2023 18:44:13.704] - 	[F011] [System trace audit number (STAN)] : --------------------------------- : 508560
[02-06-2023 18:44:13.704] - 	[F012] [Local transaction time (AAMMJJhhmmss)] : ---------------------------- : 2306021844
[02-06-2023 18:44:13.704] - 	[F024] [Function code] : ---------------------------------------------------- : 801
[02-06-2023 18:44:13.704] - 	[F025] [Point of service condition code] : ---------------------------------- : 0000
[02-06-2023 18:44:13.704] - 	[F033] [Forwarding institution identification code] : ----------------------- : 00000001010
[02-06-2023 18:44:13.704] - 	[F037] [Retrieval reference number] : --------------------------------------- : 275498224951
[02-06-2023 18:44:13.704] - 	[F128] [Message authentication code] : -------------------------------------- : 00000000
[02-06-2023 18:44:13.704] - ***********************************************************************
[02-06-2023 18:44:13.704] - INFO	:	Packaging to ISO payload	[...]
[02-06-2023 18:44:13.704] - ***********************************************************************
[02-06-2023 18:44:13.704] - 
[02-06-2023 18:44:13.704] - 	  Offset  00 01 02 03 04 05 06 07 08 09 0A 0B 0C 0D 0E 0F
[02-06-2023 18:44:13.704] - 	00000000  30 31 34 35 49 53 4F 36 30 31 30 30 30 30 30 31  0145ISO601000001
[02-06-2023 18:44:13.704] - 	00000010  38 30 34 30 32 33 30 30 31 38 30 38 38 30 30 30  8040230018088000
[02-06-2023 18:44:13.704] - 	00000020  30 30 30 30 30 30 30 30 30 30 30 30 30 30 30 30  0000000000000000
[02-06-2023 18:44:13.704] - 	00000030  30 30 31 32 33 30 36 30 32 31 38 34 34 35 30 38  0012306021844508
[02-06-2023 18:44:13.704] - 	00000040  35 36 30 32 33 30 36 30 32 31 38 34 34 38 30 31  5602306021844801
[02-06-2023 18:44:13.704] - 	00000050  30 30 30 30 31 31 30 30 30 30 30 30 30 31 30 31  0000110000000101
[02-06-2023 18:44:13.704] - 	00000060  30 32 37 35 34 39 38 32 32 34 39 35 31 30 30 30  0275498224951000
[02-06-2023 18:44:13.704] - 	00000070  30 30 30 30 30                                   00000           
[02-06-2023 18:44:13.704] - 	
[02-06-2023 18:44:13.704] - ***********************************************************************
[02-06-2023 18:44:13.704] - INFO	:	Sending request to server	[...]
[02-06-2023 18:44:13.704] - INFO	:	Request sent to server
[02-06-2023 18:44:13.704] - ***********************************************************************
[02-06-2023 18:44:13.704] - INFO	:	Awating response from server [...]
[02-06-2023 18:44:13.704] - ***********************************************************************
[02-06-2023 18:44:18.728] - INFO	:	MTI 		:	[1804]
[02-06-2023 18:44:18.728] - INFO	:	Conn. state	:	[Sign-Off]
[02-06-2023 18:44:18.728] - INFO	:	ISO853 VERSION	:	[ISO 8583:1993]
[02-06-2023 18:44:18.728] - INFO	:	MESSAGE CLASS	:	[Network management]
[02-06-2023 18:44:18.728] - INFO	:	MESSAGE FUNC.	:	[Request]
[02-06-2023 18:44:18.728] - INFO	:	MESSAGE ORIGIN	:	[Other]
[02-06-2023 18:44:18.728] - ***********************************************************************
[02-06-2023 18:44:18.728] - DATA	:	Protocol id.	:	[ISO]
[02-06-2023 18:44:18.728] - DATA	:	Message header	:	[60100000]
[02-06-2023 18:44:18.728] - DATA	:	Bitmap HEX	:	[02 30 01 80 88 00 00 00 00 00 00 00 00 00 00 01]
[02-06-2023 18:44:18.728] - ***********************************************************************
[02-06-2023 18:44:18.728] - 	ISO Message Fields Data elements :
[02-06-2023 18:44:18.728] - 	[F007] [Transmission date & time (AAMMJJhhmm)] : ---------------------------- : 2306021844
[02-06-2023 18:44:18.728] - 	[F011] [System trace audit number (STAN)] : --------------------------------- : 223223
[02-06-2023 18:44:18.728] - 	[F012] [Local transaction time (AAMMJJhhmmss)] : ---------------------------- : 2306021844
[02-06-2023 18:44:18.728] - 	[F024] [Function code] : ---------------------------------------------------- : 801
[02-06-2023 18:44:18.728] - 	[F025] [Point of service condition code] : ---------------------------------- : 0000
[02-06-2023 18:44:18.728] - 	[F033] [Forwarding institution identification code] : ----------------------- : 00000001010
[02-06-2023 18:44:18.728] - 	[F037] [Retrieval reference number] : --------------------------------------- : 572089119110
[02-06-2023 18:44:18.728] - 	[F128] [Message authentication code] : -------------------------------------- : 00000000
[02-06-2023 18:44:18.728] - ***********************************************************************
[02-06-2023 18:44:18.728] - INFO	:	Packaging to ISO payload	[...]
[02-06-2023 18:44:18.728] - ***********************************************************************
[02-06-2023 18:44:18.728] - 
[02-06-2023 18:44:18.728] - 	  Offset  00 01 02 03 04 05 06 07 08 09 0A 0B 0C 0D 0E 0F
[02-06-2023 18:44:18.728] - 	00000000  30 31 34 35 49 53 4F 36 30 31 30 30 30 30 30 31  0145ISO601000001
[02-06-2023 18:44:18.728] - 	00000010  38 30 34 30 32 33 30 30 31 38 30 38 38 30 30 30  8040230018088000
[02-06-2023 18:44:18.728] - 	00000020  30 30 30 30 30 30 30 30 30 30 30 30 30 30 30 30  0000000000000000
[02-06-2023 18:44:18.728] - 	00000030  30 30 31 32 33 30 36 30 32 31 38 34 34 32 32 33  0012306021844223
[02-06-2023 18:44:18.728] - 	00000040  32 32 33 32 33 30 36 30 32 31 38 34 34 38 30 31  2232306021844801
[02-06-2023 18:44:18.728] - 	00000050  30 30 30 30 31 31 30 30 30 30 30 30 30 31 30 31  0000110000000101
[02-06-2023 18:44:18.728] - 	00000060  30 35 37 32 30 38 39 31 31 39 31 31 30 30 30 30  0572089119110000
[02-06-2023 18:44:18.728] - 	00000070  30 30 30 30 30                                   00000           
[02-06-2023 18:44:18.728] - 	
[02-06-2023 18:44:18.728] - ***********************************************************************
[02-06-2023 18:44:18.728] - INFO	:	Sending request to server	[...]
[02-06-2023 18:44:18.728] - INFO	:	Request sent to server
[02-06-2023 18:44:18.728] - ***********************************************************************
[02-06-2023 18:44:18.728] - INFO	:	Awating response from server [...]
[02-06-2023 18:44:18.728] - ***********************************************************************
[02-06-2023 18:44:23.741] - INFO	:	MTI 		:	[1804]
[02-06-2023 18:44:23.741] - INFO	:	Conn. state	:	[Sign-Off]
[02-06-2023 18:44:23.741] - INFO	:	ISO853 VERSION	:	[ISO 8583:1993]
[02-06-2023 18:44:23.741] - INFO	:	MESSAGE CLASS	:	[Network management]
[02-06-2023 18:44:23.741] - INFO	:	MESSAGE FUNC.	:	[Request]
[02-06-2023 18:44:23.741] - INFO	:	MESSAGE ORIGIN	:	[Other]
[02-06-2023 18:44:23.741] - ***********************************************************************
[02-06-2023 18:44:23.741] - DATA	:	Protocol id.	:	[ISO]
[02-06-2023 18:44:23.741] - DATA	:	Message header	:	[60100000]
[02-06-2023 18:44:23.741] - DATA	:	Bitmap HEX	:	[02 30 01 80 88 00 00 00 00 00 00 00 00 00 00 01]
[02-06-2023 18:44:23.741] - ***********************************************************************
[02-06-2023 18:44:23.741] - 	ISO Message Fields Data elements :
[02-06-2023 18:44:23.741] - 	[F007] [Transmission date & time (AAMMJJhhmm)] : ---------------------------- : 2306021844
[02-06-2023 18:44:23.741] - 	[F011] [System trace audit number (STAN)] : --------------------------------- : 739863
[02-06-2023 18:44:23.741] - 	[F012] [Local transaction time (AAMMJJhhmmss)] : ---------------------------- : 2306021844
[02-06-2023 18:44:23.741] - 	[F024] [Function code] : ---------------------------------------------------- : 801
[02-06-2023 18:44:23.741] - 	[F025] [Point of service condition code] : ---------------------------------- : 0000
[02-06-2023 18:44:23.741] - 	[F033] [Forwarding institution identification code] : ----------------------- : 00000001010
[02-06-2023 18:44:23.741] - 	[F037] [Retrieval reference number] : --------------------------------------- : 669887515355
[02-06-2023 18:44:23.741] - 	[F128] [Message authentication code] : -------------------------------------- : 00000000
[02-06-2023 18:44:23.741] - ***********************************************************************
[02-06-2023 18:44:23.741] - INFO	:	Packaging to ISO payload	[...]
[02-06-2023 18:44:23.741] - ***********************************************************************
[02-06-2023 18:44:23.741] - 
[02-06-2023 18:44:23.741] - 	  Offset  00 01 02 03 04 05 06 07 08 09 0A 0B 0C 0D 0E 0F
[02-06-2023 18:44:23.741] - 	00000000  30 31 34 35 49 53 4F 36 30 31 30 30 30 30 30 31  0145ISO601000001
[02-06-2023 18:44:23.741] - 	00000010  38 30 34 30 32 33 30 30 31 38 30 38 38 30 30 30  8040230018088000
[02-06-2023 18:44:23.741] - 	00000020  30 30 30 30 30 30 30 30 30 30 30 30 30 30 30 30  0000000000000000
[02-06-2023 18:44:23.741] - 	00000030  30 30 31 32 33 30 36 30 32 31 38 34 34 37 33 39  0012306021844739
[02-06-2023 18:44:23.741] - 	00000040  38 36 33 32 33 30 36 30 32 31 38 34 34 38 30 31  8632306021844801
[02-06-2023 18:44:23.741] - 	00000050  30 30 30 30 31 31 30 30 30 30 30 30 30 31 30 31  0000110000000101
[02-06-2023 18:44:23.741] - 	00000060  30 36 36 39 38 38 37 35 31 35 33 35 35 30 30 30  0669887515355000
[02-06-2023 18:44:23.741] - 	00000070  30 30 30 30 30                                   00000           
[02-06-2023 18:44:23.741] - 	
[02-06-2023 18:44:23.741] - ***********************************************************************
[02-06-2023 18:44:23.741] - INFO	:	Sending request to server	[...]
[02-06-2023 18:44:23.741] - INFO	:	Request sent to server
[02-06-2023 18:44:23.741] - ***********************************************************************
[02-06-2023 18:44:23.741] - INFO	:	Awating response from server [...]
[02-06-2023 18:44:23.741] - ***********************************************************************
[02-06-2023 18:44:08.699] - *************************************************************************************************
[02-06-2023 18:44:08.699] - WARN	:	Conn. set to Sign-Off. No reponse from server to network message request
[02-06-2023 18:44:08.699] - *************************************************************************************************
